int
int
int
Program Body
{
  int N_var;
  int RET;
  RET = 0;
  int _1_PROVE[1000000];
  N_var = __VERIFIER_nondet_int();
  if (N_var <= 0)
  {
    RET = 1;
  }

  if (N_var > 0)
  {
    int i;
    int sum1_var[1];
    int sum2_var[1];
    int c[N_var];
    sum1_var[0] = 0;
    i = 0;
    while (i < N_var)
    {
      sum1_var[0] = sum1_var[0] + 2;
      i = i + 1;
    }

    sum2_var[0] = 0;
    i = 0;
    while (i < N_var)
    {
      sum2_var[0] = sum2_var[0] + 1;
      i = i + 1;
    }

    i = 0;
    while (i < N_var)
    {
      if ((i != 0) && ((N_var % i) == 0))
      {
        c[i] = sum2_var[0];
      }
      else
      {
        c[i] = sum1_var[0];
      }

      i = i + 1;
    }

    i = 0;
    while (i < N_var)
    {
      _1_PROVE[i] = c[i] == (2 * N_var);
      i = i + 1;
    }

    RET = 1;
  }

}

Function Name:
main
Return Type:
int
Input Variables:
{}
Local Variables:
{ sum1_var:array c:array i:int _1_PROVE:array RET:int sum2_var:array N_var:int}


Output in normal notation:
1. Frame axioms:
sum1_var1 = sum1_var
c1 = c
sum2_var1 = sum2_var

2. Output equations:
i1 = ite((__VERIFIER_nondet_int2>0),(_N4+0),i)
N_var1 = __VERIFIER_nondet_int2
d1array1(_x1,_x2) = ite((__VERIFIER_nondet_int2>0),d1array11(_x1,_x2,_N4),d1array(_x1,_x2))
main = ite((__VERIFIER_nondet_int2>0),1,ite((__VERIFIER_nondet_int2<=0),1,0))

3. Other axioms:
d1array3(_x1,_x2,(_n1+1)) = ite(((_x1=sum1_var) and (_x2=0)),(d1array3(sum1_var,0,_n1)+2),d1array3(_x1,_x2,_n1))
d1array3(_x1,_x2,0) = ite(((_x1=sum1_var) and (_x2=0)),0,d1array(_x1,_x2))
(_N1>=(__VERIFIER_nondet_int2-0))
(_n1<_N1) -> ((_n1+0)<__VERIFIER_nondet_int2)
d1array5(_x1,_x2,(_n2+1)) = ite(((_x1=sum2_var) and (_x2=0)),(d1array5(sum2_var,0,_n2)+1),d1array5(_x1,_x2,_n2))
d1array5(_x1,_x2,0) = ite(((_x1=sum2_var) and (_x2=0)),0,d1array3(_x1,_x2,_N1))
(_N2>=(__VERIFIER_nondet_int2-0))
(_n2<_N2) -> ((_n2+0)<__VERIFIER_nondet_int2)
d1array9(_x1,_x2,(_n3+1)) = ite((((_n3+0)!=0) and ((__VERIFIER_nondet_int2%(_n3+0))==0)),ite(((_x1=c) and (_x2=(_n3+0))),d1array9(sum2_var,0,_n3),d1array9(_x1,_x2,_n3)),ite(((_x1=c) and (_x2=(_n3+0))),d1array9(sum1_var,0,_n3),d1array9(_x1,_x2,_n3)))
d1array9(_x1,_x2,0) = d1array5(_x1,_x2,_N2)
(_N3>=(__VERIFIER_nondet_int2-0))
(_n3<_N3) -> ((_n3+0)<__VERIFIER_nondet_int2)
d1array11(_x1,_x2,(_n4+1)) = d1array11(_x1,_x2,_n4)
d1array11(_x1,_x2,0) = d1array9(_x1,_x2,_N3)
(_N4>=(__VERIFIER_nondet_int2-0))
(_n4<_N4) -> ((_n4+0)<__VERIFIER_nondet_int2)

4. Assumption :

5. Assertion :
(__VERIFIER_nondet_int2>0) -> (d1array11(c,(_n4+0),_N4)==(2*__VERIFIER_nondet_int2))
VIAP_STANDARD_OUTPUT_False
FINISHED CPU 17.93 MEM 246596 MAXMEM 246596 STALE 1
<time name="ALL">17790</time>
