int
int
Program Body
{
  int N_var;
  int RET;
  RET = 0;
  int _1_PROVE[1000000];
  N_var = __VERIFIER_nondet_int();
  if (N_var <= 0)
  {
    RET = 1;
  }

  if (N_var > 0)
  {
    int i;
    int a[N_var];
    int b[N_var];
    i = 0;
    while (i < N_var)
    {
      if (i == 0)
      {
        a[0] = 2;
      }
      else
      {
        a[i] = a[i - 1] + 1;
      }

      i = i + 1;
    }

    i = 0;
    while (i < N_var)
    {
      if (i == 0)
      {
        b[0] = 0;
      }
      else
      {
        b[i] = b[i - 1] + a[i - 1];
      }

      i = i + 1;
    }

    i = 0;
    while (i < N_var)
    {
      _1_PROVE[i] = b[i] == (((i * i) + i) + 1);
      i = i + 1;
    }

    RET = 1;
  }

}

Function Name:
main
Return Type:
int
Input Variables:
{}
Local Variables:
{ a:array b:array i:int _1_PROVE:array RET:int N_var:int}


Output in normal notation:
1. Frame axioms:
a1 = a
b1 = b

2. Output equations:
i1 = ite((__VERIFIER_nondet_int2>0),(_N3+0),i)
N_var1 = __VERIFIER_nondet_int2
d1array1(_x1,_x2) = ite((__VERIFIER_nondet_int2>0),d1array11(_x1,_x2,_N3),d1array(_x1,_x2))
main = ite((__VERIFIER_nondet_int2>0),1,ite((__VERIFIER_nondet_int2<=0),1,0))

3. Other axioms:
d1array5(_x1,_x2,(_n1+1)) = ite(((_n1+0)==0),ite(((_x1=a) and (_x2=0)),2,d1array5(_x1,_x2,_n1)),ite(((_x1=a) and (_x2=(_n1+0))),(d1array5(a,((_n1+0)-1),_n1)+1),d1array5(_x1,_x2,_n1)))
d1array5(_x1,_x2,0) = d1array(_x1,_x2)
(_N1>=(__VERIFIER_nondet_int2-0))
(_n1<_N1) -> ((_n1+0)<__VERIFIER_nondet_int2)
d1array9(_x1,_x2,(_n2+1)) = ite(((_n2+0)==0),ite(((_x1=b) and (_x2=0)),0,d1array9(_x1,_x2,_n2)),ite(((_x1=b) and (_x2=(_n2+0))),(d1array9(b,((_n2+0)-1),_n2)+d1array9(a,((_n2+0)-1),_n2)),d1array9(_x1,_x2,_n2)))
d1array9(_x1,_x2,0) = d1array5(_x1,_x2,_N1)
(_N2>=(__VERIFIER_nondet_int2-0))
(_n2<_N2) -> ((_n2+0)<__VERIFIER_nondet_int2)
d1array11(_x1,_x2,(_n3+1)) = d1array11(_x1,_x2,_n3)
d1array11(_x1,_x2,0) = d1array9(_x1,_x2,_N2)
(_N3>=(__VERIFIER_nondet_int2-0))
(_n3<_N3) -> ((_n3+0)<__VERIFIER_nondet_int2)

4. Assumption :

5. Assertion :
(__VERIFIER_nondet_int2>0) -> (d1array11(b,(_n3+0),_N3)==((((_n3+0)*(_n3+0))+(_n3+0))+1))
VIAP_STANDARD_OUTPUT_False
FINISHED CPU 16.87 MEM 199080 MAXMEM 230412 STALE 0
<time name="ALL">16730</time>
