RUNNING ON BENCHMARK brs1.c
real 4.62
user 1.28
sys 1.10
VERIFICATION_SUCCESSFUL
RUNNING ON BENCHMARK brs2.c
real 0.54
user 0.54
sys 0.14
VERIFICATION_SUCCESSFUL
RUNNING ON BENCHMARK brs3.c
real 0.33
user 0.34
sys 0.05
VERIFICATION_SUCCESSFUL
RUNNING ON BENCHMARK brs4.c
real 0.52
user 0.55
sys 0.10
VERIFICATION_SUCCESSFUL
RUNNING ON BENCHMARK brs5.c
real 0.51
user 0.54
sys 0.08
VERIFICATION_SUCCESSFUL
RUNNING ON BENCHMARK cond1.c
real 0.60
user 0.62
sys 0.12
VERIFICATION_SUCCESSFUL
RUNNING ON BENCHMARK cond2.c
real 0.81
user 0.69
sys 0.18
VERIFICATION_SUCCESSFUL
RUNNING ON BENCHMARK cond2s1.c
real 0.74
user 0.78
sys 0.13
VERIFICATION_SUCCESSFUL
RUNNING ON BENCHMARK cond2s2.c
real 0.78
user 0.82
sys 0.13
VERIFICATION_SUCCESSFUL
RUNNING ON BENCHMARK conda.c
real 0.48
user 0.51
sys 0.08
VERIFICATION_SUCCESSFUL
RUNNING ON BENCHMARK condg.c
real 0.49
user 0.55
sys 0.04
VERIFICATION_SUCCESSFUL
RUNNING ON BENCHMARK condi.c
real 0.29
user 0.32
sys 0.03
VERIFICATION_SUCCESSFUL
RUNNING ON BENCHMARK condm.c
real 0.31
user 0.33
sys 0.04
VERIFICATION_SUCCESSFUL
RUNNING ON BENCHMARK condn.c
real 0.31
user 0.32
sys 0.04
VERIFICATION_SUCCESSFUL
RUNNING ON BENCHMARK condnl1.c
real 0.67
user 0.71
sys 0.12
VERIFICATION_SUCCESSFUL
RUNNING ON BENCHMARK conds2.c
real 0.70
user 0.73
sys 0.13
VERIFICATION_SUCCESSFUL
RUNNING ON BENCHMARK conds.c
real 0.50
user 0.53
sys 0.07
VERIFICATION_SUCCESSFUL
RUNNING ON BENCHMARK condsc.c
real 0.52
user 0.56
sys 0.05
VERIFICATION_SUCCESSFUL
RUNNING ON BENCHMARK condss1.c
real 0.73
user 0.80
sys 0.10
VERIFICATION_SUCCESSFUL
RUNNING ON BENCHMARK condss2.c
real 0.76
user 0.82
sys 0.11
VERIFICATION_SUCCESSFUL
RUNNING ON BENCHMARK condss3.c
real 0.67
user 0.76
sys 0.08
VERIFICATION_SUCCESSFUL
RUNNING ON BENCHMARK condss.c
real 0.70
user 0.76
sys 0.11
VERIFICATION_SUCCESSFUL
RUNNING ON BENCHMARK eqn1.c
real 0.43
user 0.46
sys 0.07
VERIFICATION_SUCCESSFUL
RUNNING ON BENCHMARK eqn2.c
real 0.61
user 0.62
sys 0.11
VERIFICATION_SUCCESSFUL
RUNNING ON BENCHMARK eqn3.c
real 0.42
user 0.45
sys 0.06
VERIFICATION_SUCCESSFUL
RUNNING ON BENCHMARK eqn4.c
real 0.42
user 0.46
sys 0.06
VERIFICATION_SUCCESSFUL
RUNNING ON BENCHMARK eqn5.c
real 0.43
user 0.45
sys 0.08
VERIFICATION_SUCCESSFUL
RUNNING ON BENCHMARK ifcomp.c
real 0.68
user 0.74
sys 0.09
VERIFICATION_SUCCESSFUL
RUNNING ON BENCHMARK ifeqn1.c
real 0.44
user 0.46
sys 0.07
VERIFICATION_SUCCESSFUL
RUNNING ON BENCHMARK ifeqn2.c
real 0.57
user 0.60
sys 0.09
VERIFICATION_SUCCESSFUL
RUNNING ON BENCHMARK ifeqn3.c
real 0.44
user 0.49
sys 0.06
VERIFICATION_SUCCESSFUL
RUNNING ON BENCHMARK ifeqn4.c
real 0.57
user 0.60
sys 0.09
VERIFICATION_SUCCESSFUL
RUNNING ON BENCHMARK ifeqn5.c
real 0.44
user 0.46
sys 0.07
VERIFICATION_SUCCESSFUL
RUNNING ON BENCHMARK ifncomp.c
real 0.70
user 0.78
sys 0.09
VERIFICATION_SUCCESSFUL
RUNNING ON BENCHMARK indp1.c
real 0.45
user 0.49
sys 0.06
VERIFICATION_SUCCESSFUL
RUNNING ON BENCHMARK indp2.c
real 0.42
user 0.44
sys 0.05
VERIFICATION_SUCCESSFUL
RUNNING ON BENCHMARK indp3.c
real 0.55
user 0.56
sys 0.09
VERIFICATION_SUCCESSFUL
RUNNING ON BENCHMARK indp4.c
real 0.41
user 0.42
sys 0.06
VERIFICATION_SUCCESSFUL
RUNNING ON BENCHMARK indp5.c
real 0.67
user 0.72
sys 0.08
VERIFICATION_SUCCESSFUL
RUNNING ON BENCHMARK modn.c
real 101.27
user 11.91
sys 13.23
TIMEOUT
RUNNING ON BENCHMARK modp.c
real 101.33
user 11.77
sys 13.40
TIMEOUT
RUNNING ON BENCHMARK mods.c
real 101.35
user 11.84
sys 13.13
TIMEOUT
RUNNING ON BENCHMARK ms1.c
real 0.34
user 0.34
sys 0.04
VERIFICATION_SUCCESSFUL
RUNNING ON BENCHMARK ms2.c
real 0.29
user 0.30
sys 0.04
VERIFICATION_SUCCESSFUL
RUNNING ON BENCHMARK ms3.c
real 0.29
user 0.30
sys 0.05
VERIFICATION_SUCCESSFUL
RUNNING ON BENCHMARK ms4.c
real 0.29
user 0.32
sys 0.03
VERIFICATION_SUCCESSFUL
RUNNING ON BENCHMARK ms5.c
real 0.30
user 0.32
sys 0.04
VERIFICATION_SUCCESSFUL
RUNNING ON BENCHMARK ncomp.c
real 0.62
user 0.66
sys 0.09
VERIFICATION_SUCCESSFUL
RUNNING ON BENCHMARK nested-as1.c
real 0.58
user 0.63
sys 0.07
VERIFICATION_SUCCESSFUL
RUNNING ON BENCHMARK nested-as2.c
real 0.58
user 0.62
sys 0.09
VERIFICATION_SUCCESSFUL
RUNNING ON BENCHMARK nested-as3.c
real 0.58
user 0.62
sys 0.09
VERIFICATION_SUCCESSFUL
RUNNING ON BENCHMARK nested-nli1.c
real 0.28
user 0.27
sys 0.05
VERIFICATION_SUCCESSFUL
RUNNING ON BENCHMARK nested-nli2.c
real 0.28
user 0.29
sys 0.05
VERIFICATION_SUCCESSFUL
RUNNING ON BENCHMARK nested-nli3.c
real 0.28
user 0.32
sys 0.02
VERIFICATION_SUCCESSFUL
RUNNING ON BENCHMARK nested-nlj1.c
real 0.08
user 0.06
sys 0.02
VERIFICATION_UNKNOWN
RUNNING ON BENCHMARK nested-nlj2.c
real 0.08
user 0.08
sys 0.00
VERIFICATION_UNKNOWN
RUNNING ON BENCHMARK nested-nlj3.c
real 0.08
user 0.08
sys 0.00
VERIFICATION_UNKNOWN
RUNNING ON BENCHMARK nested-nsna1.c
real 0.45
user 0.50
sys 0.05
VERIFICATION_SUCCESSFUL
RUNNING ON BENCHMARK nested-nsna2.c
real 0.46
user 0.50
sys 0.06
VERIFICATION_SUCCESSFUL
RUNNING ON BENCHMARK nested-nsna3.c
real 0.47
user 0.49
sys 0.07
VERIFICATION_SUCCESSFUL
RUNNING ON BENCHMARK nested-sa1.c
real 0.41
user 0.44
sys 0.07
VERIFICATION_SUCCESSFUL
RUNNING ON BENCHMARK nested-sna1.c
real 0.43
user 0.47
sys 0.05
VERIFICATION_SUCCESSFUL
RUNNING ON BENCHMARK nested-sna2.c
real 0.44
user 0.49
sys 0.04
VERIFICATION_SUCCESSFUL
RUNNING ON BENCHMARK nested-sna3.c
real 0.45
user 0.50
sys 0.05
VERIFICATION_SUCCESSFUL
RUNNING ON BENCHMARK nested-ss1.c
real 0.76
user 0.85
sys 0.08
VERIFICATION_SUCCESSFUL
RUNNING ON BENCHMARK nested-ss2.c
real 0.77
user 0.83
sys 0.10
VERIFICATION_SUCCESSFUL
RUNNING ON BENCHMARK nested-ss3.c
real 0.76
user 0.82
sys 0.09
VERIFICATION_SUCCESSFUL
RUNNING ON BENCHMARK nested-sum.c
real 0.20
user 0.20
sys 0.03
VERIFICATION_SUCCESSFUL
RUNNING ON BENCHMARK nested-unb1.c
real 0.29
user 0.31
sys 0.05
VERIFICATION_SUCCESSFUL
RUNNING ON BENCHMARK nested-unb2.c
real 0.30
user 0.33
sys 0.02
VERIFICATION_SUCCESSFUL
RUNNING ON BENCHMARK nested-unb3.c
real 0.30
user 0.33
sys 0.03
VERIFICATION_SUCCESSFUL
RUNNING ON BENCHMARK nsqm.c
real 0.43
user 0.48
sys 0.05
VERIFICATION_SUCCESSFUL
RUNNING ON BENCHMARK nsqm-if.c
real 0.44
user 0.47
sys 0.07
VERIFICATION_SUCCESSFUL
RUNNING ON BENCHMARK pcomp.c
real 0.61
user 0.67
sys 0.06
VERIFICATION_SUCCESSFUL
RUNNING ON BENCHMARK res1.c
real 0.47
user 0.52
sys 0.05
VERIFICATION_SUCCESSFUL
RUNNING ON BENCHMARK res1o.c
real 0.47
user 0.51
sys 0.06
VERIFICATION_SUCCESSFUL
RUNNING ON BENCHMARK res2.c
real 0.72
user 0.77
sys 0.11
VERIFICATION_SUCCESSFUL
RUNNING ON BENCHMARK res2o.c
real 0.72
user 0.77
sys 0.11
VERIFICATION_SUCCESSFUL
RUNNING ON BENCHMARK s12if.c
real 0.49
user 0.53
sys 0.06
VERIFICATION_SUCCESSFUL
RUNNING ON BENCHMARK s1if.c
real 0.31
user 0.34
sys 0.03
VERIFICATION_SUCCESSFUL
RUNNING ON BENCHMARK s1lif.c
real 0.42
user 0.45
sys 0.06
VERIFICATION_SUCCESSFUL
RUNNING ON BENCHMARK s22if.c
real 0.48
user 0.49
sys 0.08
VERIFICATION_SUCCESSFUL
RUNNING ON BENCHMARK s2if.c
real 0.31
user 0.33
sys 0.05
VERIFICATION_SUCCESSFUL
RUNNING ON BENCHMARK s2lif.c
real 0.42
user 0.46
sys 0.06
VERIFICATION_SUCCESSFUL
RUNNING ON BENCHMARK s32if.c
real 0.48
user 0.50
sys 0.07
VERIFICATION_SUCCESSFUL
RUNNING ON BENCHMARK s3if.c
real 0.31
user 0.31
sys 0.06
VERIFICATION_SUCCESSFUL
RUNNING ON BENCHMARK s3lif.c
real 0.43
user 0.47
sys 0.05
VERIFICATION_SUCCESSFUL
RUNNING ON BENCHMARK s42if.c
real 0.48
user 0.52
sys 0.05
VERIFICATION_SUCCESSFUL
RUNNING ON BENCHMARK s4if.c
real 0.31
user 0.34
sys 0.03
VERIFICATION_SUCCESSFUL
RUNNING ON BENCHMARK s4lif.c
real 0.42
user 0.47
sys 0.04
VERIFICATION_SUCCESSFUL
RUNNING ON BENCHMARK s52if.c
real 0.48
user 0.50
sys 0.07
VERIFICATION_SUCCESSFUL
RUNNING ON BENCHMARK s5if.c
real 0.31
user 0.34
sys 0.03
VERIFICATION_SUCCESSFUL
RUNNING ON BENCHMARK s5lif.c
real 0.42
user 0.45
sys 0.07
VERIFICATION_SUCCESSFUL
RUNNING ON BENCHMARK sanfoundry_27_ground.c
real 0.36
user 0.38
sys 0.04
VERIFICATION_SUCCESSFUL
RUNNING ON BENCHMARK sina1.c
real 0.31
user 0.32
sys 0.06
VERIFICATION_SUCCESSFUL
RUNNING ON BENCHMARK sina2.c
real 0.46
user 0.48
sys 0.07
VERIFICATION_SUCCESSFUL
RUNNING ON BENCHMARK sina3.c
real 0.47
user 0.50
sys 0.06
VERIFICATION_SUCCESSFUL
RUNNING ON BENCHMARK sina4.c
real 0.55
user 0.62
sys 0.06
VERIFICATION_SUCCESSFUL
RUNNING ON BENCHMARK sina5.c
real 0.70
user 0.79
sys 0.07
VERIFICATION_SUCCESSFUL
RUNNING ON BENCHMARK sqm.c
real 0.43
user 0.46
sys 0.05
VERIFICATION_SUCCESSFUL
RUNNING ON BENCHMARK sqm-if.c
real 0.44
user 0.46
sys 0.07
VERIFICATION_SUCCESSFUL
RUNNING ON BENCHMARK ss1.c
real 0.59
user 0.63
sys 0.09
VERIFICATION_SUCCESSFUL
RUNNING ON BENCHMARK ss2.c
real 0.88
user 0.97
sys 0.10
VERIFICATION_SUCCESSFUL
RUNNING ON BENCHMARK ss3.c
real 0.65
user 0.71
sys 0.07
VERIFICATION_SUCCESSFUL
RUNNING ON BENCHMARK ss4.c
real 0.59
user 0.65
sys 0.07
VERIFICATION_SUCCESSFUL
RUNNING ON BENCHMARK ssina.c
real 0.82
user 0.91
sys 0.11
VERIFICATION_SUCCESSFUL
RUNNING ON BENCHMARK standard_compare_ground.c
real 0.34
user 0.36
sys 0.04
VERIFICATION_SUCCESSFUL
RUNNING ON BENCHMARK standard_compareModified_ground.c
real 0.35
user 0.40
sys 0.02
VERIFICATION_SUCCESSFUL
RUNNING ON BENCHMARK standard_copy1_ground-1.c
real 0.23
user 0.22
sys 0.04
VERIFICATION_SUCCESSFUL
RUNNING ON BENCHMARK standard_copy2_ground-2.c
real 0.30
user 0.31
sys 0.05
VERIFICATION_SUCCESSFUL
RUNNING ON BENCHMARK standard_copy3_ground-1.c
real 0.38
user 0.41
sys 0.04
VERIFICATION_SUCCESSFUL
RUNNING ON BENCHMARK standard_copy4_ground-1.c
real 0.47
user 0.50
sys 0.07
VERIFICATION_SUCCESSFUL
RUNNING ON BENCHMARK standard_copy5_ground-1.c
real 0.59
user 0.62
sys 0.09
VERIFICATION_SUCCESSFUL
RUNNING ON BENCHMARK standard_copy6_ground-2.c
real 0.68
user 0.71
sys 0.11
VERIFICATION_SUCCESSFUL
RUNNING ON BENCHMARK standard_copy7_ground-2.c
real 0.76
user 0.82
sys 0.10
VERIFICATION_SUCCESSFUL
RUNNING ON BENCHMARK standard_copy8_ground-1.c
real 0.89
user 0.98
sys 0.11
VERIFICATION_SUCCESSFUL
RUNNING ON BENCHMARK standard_copy9_ground-2.c
real 1.02
user 1.11
sys 0.13
VERIFICATION_SUCCESSFUL
RUNNING ON BENCHMARK standard_copyInit_ground.c
real 0.22
user 0.21
sys 0.03
VERIFICATION_SUCCESSFUL
RUNNING ON BENCHMARK standard_copyInitSum2_ground-2.c
real 0.33
user 0.35
sys 0.04
VERIFICATION_SUCCESSFUL
RUNNING ON BENCHMARK standard_copyInitSum3_ground.c
real 0.48
user 0.52
sys 0.05
VERIFICATION_SUCCESSFUL
RUNNING ON BENCHMARK standard_copyInitSum_ground.c
real 0.35
user 0.38
sys 0.04
VERIFICATION_SUCCESSFUL
RUNNING ON BENCHMARK standard_init1_ground-2.c
real 0.15
user 0.13
sys 0.03
VERIFICATION_SUCCESSFUL
RUNNING ON BENCHMARK standard_init2_ground-2.c
real 0.19
user 0.19
sys 0.03
VERIFICATION_SUCCESSFUL
RUNNING ON BENCHMARK standard_init3_ground-2.c
real 0.23
user 0.24
sys 0.02
VERIFICATION_SUCCESSFUL
RUNNING ON BENCHMARK standard_init4_ground-2.c
real 0.29
user 0.29
sys 0.05
VERIFICATION_SUCCESSFUL
RUNNING ON BENCHMARK standard_init5_ground-1.c
real 0.32
user 0.35
sys 0.04
VERIFICATION_SUCCESSFUL
RUNNING ON BENCHMARK standard_init6_ground-2.c
real 0.38
user 0.40
sys 0.04
VERIFICATION_SUCCESSFUL
RUNNING ON BENCHMARK standard_init7_ground-2.c
real 0.44
user 0.47
sys 0.07
VERIFICATION_SUCCESSFUL
RUNNING ON BENCHMARK standard_init8_ground-2.c
real 0.51
user 0.55
sys 0.05
VERIFICATION_SUCCESSFUL
RUNNING ON BENCHMARK standard_init9_ground-2.c
real 0.59
user 0.63
sys 0.08
VERIFICATION_SUCCESSFUL
RUNNING ON BENCHMARK standard_maxInArray_ground.c
real 0.33
user 0.37
sys 0.03
VERIFICATION_SUCCESSFUL
RUNNING ON BENCHMARK standard_minInArray_ground-2.c
real 0.34
user 0.36
sys 0.05
VERIFICATION_SUCCESSFUL
RUNNING ON BENCHMARK standard_password_ground.c
real 0.34
user 0.36
sys 0.04
VERIFICATION_SUCCESSFUL
RUNNING ON BENCHMARK standard_running-2.c
real 0.41
user 0.43
sys 0.07
VERIFICATION_SUCCESSFUL
RUNNING ON BENCHMARK standard_seq_init_ground.c
real 0.23
user 0.24
sys 0.02
VERIFICATION_SUCCESSFUL
RUNNING ON BENCHMARK standard_strcmp_ground.c
real 0.34
user 0.36
sys 0.04
VERIFICATION_SUCCESSFUL
RUNNING ON BENCHMARK standard_vector_difference_ground.c
real 0.32
user 0.35
sys 0.03
VERIFICATION_SUCCESSFUL
RUNNING ON BENCHMARK zero_sum1.c
real 0.42
user 0.44
sys 0.07
VERIFICATION_SUCCESSFUL
RUNNING ON BENCHMARK zero_sum2.c
real 0.79
user 0.82
sys 0.10
VERIFICATION_SUCCESSFUL
RUNNING ON BENCHMARK zero_sum3.c
real 1.12
user 1.23
sys 0.15
VERIFICATION_SUCCESSFUL
RUNNING ON BENCHMARK zero_sum4.c
real 1.60
user 1.72
sys 0.20
VERIFICATION_SUCCESSFUL
RUNNING ON BENCHMARK zero_sum5.c
real 2.13
user 2.30
sys 0.26
VERIFICATION_SUCCESSFUL
RUNNING ON BENCHMARK zero_sum_const1.c
real 0.44
user 0.44
sys 0.07
VERIFICATION_SUCCESSFUL
RUNNING ON BENCHMARK zero_sum_const2.c
real 0.76
user 0.85
sys 0.08
VERIFICATION_SUCCESSFUL
RUNNING ON BENCHMARK zero_sum_const3.c
real 1.13
user 1.22
sys 0.18
VERIFICATION_SUCCESSFUL
RUNNING ON BENCHMARK zero_sum_const4.c
real 1.55
user 1.70
sys 0.20
VERIFICATION_SUCCESSFUL
RUNNING ON BENCHMARK zero_sum_const5.c
real 2.02
user 2.26
sys 0.24
VERIFICATION_SUCCESSFUL
RUNNING ON BENCHMARK zero_sum_const_m2.c
real 0.78
user 0.84
sys 0.08
VERIFICATION_SUCCESSFUL
RUNNING ON BENCHMARK zero_sum_const_m3.c
real 1.12
user 1.25
sys 0.14
VERIFICATION_SUCCESSFUL
RUNNING ON BENCHMARK zero_sum_const_m4.c
real 1.54
user 1.71
sys 0.17
VERIFICATION_SUCCESSFUL
RUNNING ON BENCHMARK zero_sum_const_m5.c
real 2.03
user 2.22
sys 0.28
VERIFICATION_SUCCESSFUL
RUNNING ON BENCHMARK zero_sum_const_m6.c
real 2.57
user 2.79
sys 0.38
VERIFICATION_SUCCESSFUL
RUNNING ON BENCHMARK zero_sum_m2.c
real 0.78
user 0.86
sys 0.08
VERIFICATION_SUCCESSFUL
RUNNING ON BENCHMARK zero_sum_m3.c
real 1.12
user 1.23
sys 0.15
VERIFICATION_SUCCESSFUL
RUNNING ON BENCHMARK zero_sum_m4.c
real 1.54
user 1.68
sys 0.20
VERIFICATION_SUCCESSFUL
RUNNING ON BENCHMARK zero_sum_m5.c
real 2.03
user 2.21
sys 0.28
VERIFICATION_SUCCESSFUL
RUNNING ON BENCHMARK zero_sum_m6.c
real 2.57
user 2.83
sys 0.36
VERIFICATION_SUCCESSFUL
