RUNNING ON BENCHMARK brs1.c
real 67.50
user 70.08
sys 12.49
VERIFICATION_SUCCESSFUL
RUNNING ON BENCHMARK brs2.c
real 62.05
user 68.23
sys 10.96
VERIFICATION_SUCCESSFUL
RUNNING ON BENCHMARK brs3.c
real 62.50
user 69.42
sys 10.28
VERIFICATION_SUCCESSFUL
RUNNING ON BENCHMARK brs4.c
real 62.16
user 68.75
sys 10.67
VERIFICATION_SUCCESSFUL
RUNNING ON BENCHMARK brs5.c
real 62.33
user 69.20
sys 10.44
VERIFICATION_SUCCESSFUL
RUNNING ON BENCHMARK cond1.c
real 69.03
user 75.59
sys 12.48
VERIFICATION_SUCCESSFUL
RUNNING ON BENCHMARK cond2.c
real 101.79
user 14.84
sys 13.53
TIMEOUT
RUNNING ON BENCHMARK cond2s1.c
real 29.94
user 32.80
sys 4.84
VERIFICATION_SUCCESSFUL
RUNNING ON BENCHMARK cond2s2.c
real 64.67
user 73.20
sys 9.25
VERIFICATION_UNKNOWN
RUNNING ON BENCHMARK conda.c
real 65.17
user 72.09
sys 11.13
VERIFICATION_SUCCESSFUL
RUNNING ON BENCHMARK condg.c
real 69.97
user 77.11
sys 12.81
VERIFICATION_SUCCESSFUL
RUNNING ON BENCHMARK condi.c
real 18.47
user 19.53
sys 4.12
VERIFICATION_SUCCESSFUL
RUNNING ON BENCHMARK condm.c
real 40.81
user 45.30
sys 7.34
VERIFICATION_SUCCESSFUL
RUNNING ON BENCHMARK condn.c
real 18.26
user 19.79
sys 3.09
VERIFICATION_SUCCESSFUL
RUNNING ON BENCHMARK condnl1.c
real 101.52
user 14.46
sys 13.65
TIMEOUT
RUNNING ON BENCHMARK conds2.c
real 69.95
user 76.73
sys 12.75
VERIFICATION_SUCCESSFUL
RUNNING ON BENCHMARK conds.c
real 101.62
user 14.56
sys 13.94
TIMEOUT
RUNNING ON BENCHMARK condsc.c
real 101.56
user 14.79
sys 13.42
TIMEOUT
RUNNING ON BENCHMARK condss1.c
real 101.55
user 14.12
sys 13.76
TIMEOUT
RUNNING ON BENCHMARK condss2.c
real 76.02
user 82.96
sys 13.81
VERIFICATION_SUCCESSFUL
RUNNING ON BENCHMARK condss3.c
real 102.09
user 15.02
sys 13.32
TIMEOUT
RUNNING ON BENCHMARK condss.c
real 75.95
user 82.55
sys 14.23
VERIFICATION_SUCCESSFUL
RUNNING ON BENCHMARK eqn1.c
real 69.95
user 78.07
sys 11.23
VERIFICATION_SUCCESSFUL
RUNNING ON BENCHMARK eqn2.c
real 101.52
user 14.63
sys 13.73
TIMEOUT
RUNNING ON BENCHMARK eqn3.c
real 101.55
user 14.64
sys 13.69
TIMEOUT
RUNNING ON BENCHMARK eqn4.c
real 101.53
user 14.28
sys 14.00
TIMEOUT
RUNNING ON BENCHMARK eqn5.c
real 101.67
user 14.77
sys 13.60
TIMEOUT
RUNNING ON BENCHMARK ifcomp.c
real 101.50
user 14.14
sys 13.89
TIMEOUT
RUNNING ON BENCHMARK ifeqn1.c
real 84.56
user 94.45
sys 13.64
VERIFICATION_SUCCESSFUL
RUNNING ON BENCHMARK ifeqn2.c
real 101.49
user 14.61
sys 13.67
TIMEOUT
RUNNING ON BENCHMARK ifeqn3.c
real 101.56
user 14.59
sys 14.18
TIMEOUT
RUNNING ON BENCHMARK ifeqn4.c
real 101.73
user 14.45
sys 14.28
TIMEOUT
RUNNING ON BENCHMARK ifeqn5.c
real 101.71
user 15.12
sys 14.07
TIMEOUT
RUNNING ON BENCHMARK ifncomp.c
real 102.00
user 14.91
sys 14.20
TIMEOUT
RUNNING ON BENCHMARK indp1.c
real 53.13
user 59.09
sys 9.13
VERIFICATION_SUCCESSFUL
RUNNING ON BENCHMARK indp2.c
real 20.60
user 21.87
sys 4.33
VERIFICATION_SUCCESSFUL
RUNNING ON BENCHMARK indp3.c
real 39.43
user 43.39
sys 7.10
VERIFICATION_SUCCESSFUL
RUNNING ON BENCHMARK indp4.c
real 34.05
user 37.49
sys 5.98
VERIFICATION_SUCCESSFUL
RUNNING ON BENCHMARK indp5.c
real 77.72
user 84.75
sys 14.93
VERIFICATION_SUCCESSFUL
RUNNING ON BENCHMARK modn.c
real 66.82
user 74.80
sys 10.86
VERIFICATION_SUCCESSFUL
RUNNING ON BENCHMARK modp.c
real 66.76
user 73.30
sys 12.29
VERIFICATION_SUCCESSFUL
RUNNING ON BENCHMARK mods.c
real 73.09
user 79.47
sys 14.11
VERIFICATION_SUCCESSFUL
RUNNING ON BENCHMARK ms1.c
real 62.59
user 69.05
sys 11.35
VERIFICATION_SUCCESSFUL
RUNNING ON BENCHMARK ms2.c
real 62.64
user 68.96
sys 11.50
VERIFICATION_SUCCESSFUL
RUNNING ON BENCHMARK ms3.c
real 62.85
user 68.75
sys 11.95
VERIFICATION_SUCCESSFUL
RUNNING ON BENCHMARK ms4.c
real 63.00
user 69.00
sys 12.03
VERIFICATION_SUCCESSFUL
RUNNING ON BENCHMARK ms5.c
real 63.13
user 68.75
sys 12.20
VERIFICATION_SUCCESSFUL
RUNNING ON BENCHMARK ncomp.c
real 15.83
user 16.83
sys 3.00
VERIFICATION_UNKNOWN
RUNNING ON BENCHMARK nested-as1.c
real 4.89
user 5.41
sys 0.71
VERIFICATION_UNKNOWN
RUNNING ON BENCHMARK nested-as2.c
real 4.89
user 5.43
sys 0.69
VERIFICATION_UNKNOWN
RUNNING ON BENCHMARK nested-as3.c
real 4.89
user 5.43
sys 0.68
VERIFICATION_UNKNOWN
RUNNING ON BENCHMARK nested-nli1.c
real 4.89
user 5.39
sys 0.68
VERIFICATION_UNKNOWN
RUNNING ON BENCHMARK nested-nli2.c
real 4.89
user 5.40
sys 0.81
VERIFICATION_UNKNOWN
RUNNING ON BENCHMARK nested-nli3.c
real 4.82
user 5.31
sys 0.67
VERIFICATION_UNKNOWN
RUNNING ON BENCHMARK nested-nlj1.c
real 4.89
user 5.38
sys 0.70
VERIFICATION_UNKNOWN
RUNNING ON BENCHMARK nested-nlj2.c
real 4.88
user 5.39
sys 0.71
VERIFICATION_UNKNOWN
RUNNING ON BENCHMARK nested-nlj3.c
real 4.88
user 5.37
sys 0.71
VERIFICATION_UNKNOWN
RUNNING ON BENCHMARK nested-nsna1.c
real 4.79
user 5.26
sys 0.68
VERIFICATION_UNKNOWN
RUNNING ON BENCHMARK nested-nsna2.c
real 4.88
user 5.35
sys 0.73
VERIFICATION_UNKNOWN
RUNNING ON BENCHMARK nested-nsna3.c
real 4.87
user 5.44
sys 0.71
VERIFICATION_UNKNOWN
RUNNING ON BENCHMARK nested-sa1.c
real 4.82
user 5.32
sys 0.68
VERIFICATION_UNKNOWN
RUNNING ON BENCHMARK nested-sna1.c
real 4.88
user 5.36
sys 0.72
VERIFICATION_UNKNOWN
RUNNING ON BENCHMARK nested-sna2.c
real 4.88
user 5.36
sys 0.72
VERIFICATION_UNKNOWN
RUNNING ON BENCHMARK nested-sna3.c
real 4.90
user 5.39
sys 0.74
VERIFICATION_UNKNOWN
RUNNING ON BENCHMARK nested-ss1.c
real 4.88
user 5.39
sys 0.70
VERIFICATION_UNKNOWN
RUNNING ON BENCHMARK nested-ss2.c
real 5.54
user 5.67
sys 0.79
VERIFICATION_UNKNOWN
RUNNING ON BENCHMARK nested-ss3.c
real 4.92
user 5.36
sys 0.79
VERIFICATION_UNKNOWN
RUNNING ON BENCHMARK nested-sum.c
real 3.82
user 4.18
sys 0.58
VERIFICATION_UNKNOWN
RUNNING ON BENCHMARK nested-unb1.c
real 4.82
user 5.38
sys 0.61
VERIFICATION_UNKNOWN
RUNNING ON BENCHMARK nested-unb2.c
real 4.90
user 5.39
sys 0.72
VERIFICATION_UNKNOWN
RUNNING ON BENCHMARK nested-unb3.c
real 4.83
user 5.32
sys 0.68
VERIFICATION_UNKNOWN
RUNNING ON BENCHMARK nsqm.c
real 64.32
user 70.87
sys 11.69
VERIFICATION_UNKNOWN
RUNNING ON BENCHMARK nsqm-if.c
real 78.81
user 86.83
sys 14.31
VERIFICATION_SUCCESSFUL
RUNNING ON BENCHMARK pcomp.c
real 101.91
user 14.65
sys 14.44
TIMEOUT
RUNNING ON BENCHMARK res1.c
real 68.92
user 75.23
sys 12.83
VERIFICATION_SUCCESSFUL
RUNNING ON BENCHMARK res1o.c
real 68.73
user 75.45
sys 12.53
VERIFICATION_SUCCESSFUL
RUNNING ON BENCHMARK res2.c
real 74.30
user 81.20
sys 14.04
VERIFICATION_SUCCESSFUL
RUNNING ON BENCHMARK res2o.c
real 74.99
user 81.89
sys 14.09
VERIFICATION_SUCCESSFUL
RUNNING ON BENCHMARK s12if.c
real 68.30
user 76.74
sys 10.94
VERIFICATION_SUCCESSFUL
RUNNING ON BENCHMARK s1if.c
real 62.95
user 70.32
sys 10.58
VERIFICATION_SUCCESSFUL
RUNNING ON BENCHMARK s1lif.c
real 65.78
user 72.60
sys 11.80
VERIFICATION_SUCCESSFUL
RUNNING ON BENCHMARK s22if.c
real 66.37
user 74.45
sys 10.66
VERIFICATION_SUCCESSFUL
RUNNING ON BENCHMARK s2if.c
real 63.47
user 71.05
sys 10.40
VERIFICATION_SUCCESSFUL
RUNNING ON BENCHMARK s2lif.c
real 65.89
user 71.95
sys 12.61
VERIFICATION_SUCCESSFUL
RUNNING ON BENCHMARK s32if.c
real 66.32
user 74.41
sys 10.59
VERIFICATION_SUCCESSFUL
RUNNING ON BENCHMARK s3if.c
real 65.40
user 73.30
sys 10.72
VERIFICATION_SUCCESSFUL
RUNNING ON BENCHMARK s3lif.c
real 65.79
user 71.76
sys 12.81
VERIFICATION_SUCCESSFUL
RUNNING ON BENCHMARK s42if.c
real 101.98
user 15.13
sys 14.18
TIMEOUT
RUNNING ON BENCHMARK s4if.c
real 63.07
user 71.19
sys 9.64
VERIFICATION_SUCCESSFUL
RUNNING ON BENCHMARK s4lif.c
real 65.06
user 71.57
sys 11.53
VERIFICATION_SUCCESSFUL
RUNNING ON BENCHMARK s52if.c
real 69.98
user 78.69
sys 10.71
VERIFICATION_SUCCESSFUL
RUNNING ON BENCHMARK s5if.c
real 62.34
user 69.89
sys 9.65
VERIFICATION_SUCCESSFUL
RUNNING ON BENCHMARK s5lif.c
real 65.08
user 71.39
sys 11.84
VERIFICATION_SUCCESSFUL
RUNNING ON BENCHMARK sanfoundry_27_ground.c
real 33.74
user 37.66
sys 5.31
VERIFICATION_SUCCESSFUL
RUNNING ON BENCHMARK sina1.c
real 66.17
user 73.08
sys 11.33
VERIFICATION_SUCCESSFUL
RUNNING ON BENCHMARK sina2.c
real 69.04
user 76.31
sys 11.73
VERIFICATION_SUCCESSFUL
RUNNING ON BENCHMARK sina3.c
real 72.15
user 79.07
sys 12.99
VERIFICATION_SUCCESSFUL
RUNNING ON BENCHMARK sina4.c
real 72.35
user 79.68
sys 12.48
VERIFICATION_SUCCESSFUL
RUNNING ON BENCHMARK sina5.c
real 75.32
user 81.57
sys 14.46
VERIFICATION_SUCCESSFUL
RUNNING ON BENCHMARK sqm.c
real 73.35
user 82.00
sys 11.66
VERIFICATION_SUCCESSFUL
RUNNING ON BENCHMARK sqm-if.c
real 77.33
user 85.83
sys 12.94
VERIFICATION_SUCCESSFUL
RUNNING ON BENCHMARK ss1.c
real 67.73
user 75.04
sys 11.40
VERIFICATION_SUCCESSFUL
RUNNING ON BENCHMARK ss2.c
real 78.27
user 84.27
sys 15.45
VERIFICATION_SUCCESSFUL
RUNNING ON BENCHMARK ss3.c
real 70.28
user 76.82
sys 12.74
VERIFICATION_SUCCESSFUL
RUNNING ON BENCHMARK ss4.c
real 68.33
user 74.71
sys 12.51
VERIFICATION_SUCCESSFUL
RUNNING ON BENCHMARK ssina.c
real 75.53
user 83.70
sys 12.56
VERIFICATION_SUCCESSFUL
RUNNING ON BENCHMARK standard_compare_ground.c
real 17.51
user 19.28
sys 2.72
VERIFICATION_SUCCESSFUL
RUNNING ON BENCHMARK standard_compareModified_ground.c
real 101.40
user 14.81
sys 13.54
TIMEOUT
RUNNING ON BENCHMARK standard_copy1_ground-1.c
real 15.54
user 16.88
sys 2.44
VERIFICATION_SUCCESSFUL
RUNNING ON BENCHMARK standard_copy2_ground-2.c
real 68.68
user 77.00
sys 10.58
VERIFICATION_SUCCESSFUL
RUNNING ON BENCHMARK standard_copy3_ground-1.c
real 29.12
user 32.08
sys 4.66
VERIFICATION_SUCCESSFUL
RUNNING ON BENCHMARK standard_copy4_ground-1.c
real 65.09
user 71.64
sys 10.42
VERIFICATION_SUCCESSFUL
RUNNING ON BENCHMARK standard_copy5_ground-1.c
real 80.12
user 87.81
sys 12.58
VERIFICATION_SUCCESSFUL
RUNNING ON BENCHMARK standard_copy6_ground-2.c
real 80.35
user 89.76
sys 12.52
VERIFICATION_SUCCESSFUL
RUNNING ON BENCHMARK standard_copy7_ground-2.c
real 84.20
user 93.79
sys 13.91
VERIFICATION_SUCCESSFUL
RUNNING ON BENCHMARK standard_copy8_ground-1.c
real 88.25
user 98.37
sys 14.42
VERIFICATION_SUCCESSFUL
RUNNING ON BENCHMARK standard_copy9_ground-2.c
real 90.60
user 100.80
sys 14.68
VERIFICATION_SUCCESSFUL
RUNNING ON BENCHMARK standard_copyInit_ground.c
real 66.67
user 74.68
sys 10.87
VERIFICATION_SUCCESSFUL
RUNNING ON BENCHMARK standard_copyInitSum2_ground-2.c
real 69.11
user 76.95
sys 11.49
VERIFICATION_SUCCESSFUL
RUNNING ON BENCHMARK standard_copyInitSum3_ground.c
real 72.82
user 81.00
sys 12.28
VERIFICATION_SUCCESSFUL
RUNNING ON BENCHMARK standard_copyInitSum_ground.c
real 64.88
user 72.74
sys 10.23
VERIFICATION_UNKNOWN
RUNNING ON BENCHMARK standard_init1_ground-2.c
real 16.02
user 17.42
sys 2.77
VERIFICATION_SUCCESSFUL
RUNNING ON BENCHMARK standard_init2_ground-2.c
real 17.66
user 19.26
sys 2.96
VERIFICATION_SUCCESSFUL
RUNNING ON BENCHMARK standard_init3_ground-2.c
real 21.11
user 23.13
sys 3.49
VERIFICATION_SUCCESSFUL
RUNNING ON BENCHMARK standard_init4_ground-2.c
real 70.97
user 79.57
sys 11.11
VERIFICATION_SUCCESSFUL
RUNNING ON BENCHMARK standard_init5_ground-1.c
real 27.36
user 29.96
sys 4.54
VERIFICATION_SUCCESSFUL
RUNNING ON BENCHMARK standard_init6_ground-2.c
real 76.23
user 84.89
sys 12.38
VERIFICATION_SUCCESSFUL
RUNNING ON BENCHMARK standard_init7_ground-2.c
real 79.00
user 87.89
sys 12.72
VERIFICATION_SUCCESSFUL
RUNNING ON BENCHMARK standard_init8_ground-2.c
real 27.67
user 30.50
sys 4.28
VERIFICATION_SUCCESSFUL
RUNNING ON BENCHMARK standard_init9_ground-2.c
real 75.51
user 84.13
sys 12.11
VERIFICATION_SUCCESSFUL
RUNNING ON BENCHMARK standard_maxInArray_ground.c
real 92.30
user 101.23
sys 17.11
VERIFICATION_SUCCESSFUL
RUNNING ON BENCHMARK standard_minInArray_ground-2.c
real 101.47
user 14.81
sys 13.66
TIMEOUT
RUNNING ON BENCHMARK standard_password_ground.c
real 16.15
user 17.49
sys 2.77
VERIFICATION_SUCCESSFUL
RUNNING ON BENCHMARK standard_running-2.c
real 101.62
user 14.51
sys 13.93
TIMEOUT
RUNNING ON BENCHMARK standard_seq_init_ground.c
real 20.26
user 22.48
sys 3.15
VERIFICATION_SUCCESSFUL
RUNNING ON BENCHMARK standard_strcmp_ground.c
real 17.52
user 19.21
sys 2.83
VERIFICATION_SUCCESSFUL
RUNNING ON BENCHMARK standard_vector_difference_ground.c
real 68.01
user 76.04
sys 10.83
VERIFICATION_SUCCESSFUL
RUNNING ON BENCHMARK zero_sum1.c
real 64.75
user 71.67
sys 11.06
VERIFICATION_SUCCESSFUL
RUNNING ON BENCHMARK zero_sum2.c
real 70.18
user 77.06
sys 12.38
VERIFICATION_SUCCESSFUL
RUNNING ON BENCHMARK zero_sum3.c
real 75.84
user 83.02
sys 13.65
VERIFICATION_SUCCESSFUL
RUNNING ON BENCHMARK zero_sum4.c
real 81.41
user 89.46
sys 14.13
VERIFICATION_SUCCESSFUL
RUNNING ON BENCHMARK zero_sum5.c
real 87.01
user 95.76
sys 14.88
VERIFICATION_SUCCESSFUL
RUNNING ON BENCHMARK zero_sum_const1.c
real 64.59
user 69.59
sys 12.87
VERIFICATION_SUCCESSFUL
RUNNING ON BENCHMARK zero_sum_const2.c
real 70.04
user 76.42
sys 12.90
VERIFICATION_SUCCESSFUL
RUNNING ON BENCHMARK zero_sum_const3.c
real 75.48
user 81.79
sys 14.34
VERIFICATION_SUCCESSFUL
RUNNING ON BENCHMARK zero_sum_const4.c
real 81.04
user 88.93
sys 14.17
VERIFICATION_SUCCESSFUL
RUNNING ON BENCHMARK zero_sum_const5.c
real 86.46
user 94.51
sys 15.38
VERIFICATION_SUCCESSFUL
RUNNING ON BENCHMARK zero_sum_const_m2.c
real 70.12
user 76.55
sys 12.88
VERIFICATION_SUCCESSFUL
RUNNING ON BENCHMARK zero_sum_const_m3.c
real 75.78
user 82.53
sys 14.02
VERIFICATION_SUCCESSFUL
RUNNING ON BENCHMARK zero_sum_const_m4.c
real 81.92
user 89.07
sys 15.30
VERIFICATION_SUCCESSFUL
RUNNING ON BENCHMARK zero_sum_const_m5.c
real 87.80
user 95.99
sys 15.69
VERIFICATION_SUCCESSFUL
RUNNING ON BENCHMARK zero_sum_const_m6.c
real 93.34
user 101.54
sys 17.14
VERIFICATION_SUCCESSFUL
RUNNING ON BENCHMARK zero_sum_m2.c
real 70.44
user 77.79
sys 12.11
VERIFICATION_SUCCESSFUL
RUNNING ON BENCHMARK zero_sum_m3.c
real 76.20
user 83.89
sys 13.25
VERIFICATION_SUCCESSFUL
RUNNING ON BENCHMARK zero_sum_m4.c
real 82.55
user 90.59
sys 14.41
VERIFICATION_SUCCESSFUL
RUNNING ON BENCHMARK zero_sum_m5.c
real 88.21
user 96.78
sys 15.34
VERIFICATION_SUCCESSFUL
RUNNING ON BENCHMARK zero_sum_m6.c
real 94.05
user 102.84
sys 16.75
VERIFICATION_SUCCESSFUL
