RUNNING ON BENCHMARK brs1f.c
real 0.23
user 0.21
sys 0.02
VERIFICATION_FAILED
RUNNING ON BENCHMARK brs2f.c
real 0.31
user 0.34
sys 0.03
VERIFICATION_FAILED
RUNNING ON BENCHMARK brs3f.c
real 0.36
user 0.39
sys 0.03
VERIFICATION_FAILED
RUNNING ON BENCHMARK brs4f.c
real 0.21
user 0.21
sys 0.03
VERIFICATION_FAILED
RUNNING ON BENCHMARK brs5f.c
real 0.20
user 0.20
sys 0.03
VERIFICATION_FAILED
RUNNING ON BENCHMARK cond1f.c
real 0.29
user 0.31
sys 0.04
VERIFICATION_FAILED
RUNNING ON BENCHMARK cond2f.c
real 0.30
user 0.33
sys 0.03
VERIFICATION_UNKNOWN
RUNNING ON BENCHMARK cond2s1f.c
real 0.35
user 0.37
sys 0.05
VERIFICATION_UNKNOWN
RUNNING ON BENCHMARK cond2s2f.c
real 0.34
user 0.36
sys 0.04
VERIFICATION_UNKNOWN
RUNNING ON BENCHMARK condaf.c
real 0.31
user 0.34
sys 0.02
VERIFICATION_FAILED
RUNNING ON BENCHMARK condgf.c
real 0.35
user 0.36
sys 0.05
VERIFICATION_FAILED
RUNNING ON BENCHMARK condif.c
real 0.21
user 0.23
sys 0.02
VERIFICATION_FAILED
RUNNING ON BENCHMARK condmf.c
real 0.21
user 0.22
sys 0.02
VERIFICATION_FAILED
RUNNING ON BENCHMARK condnf.c
real 0.22
user 0.22
sys 0.03
VERIFICATION_FAILED
RUNNING ON BENCHMARK condnl1f.c
real 0.30
user 0.32
sys 0.04
VERIFICATION_UNKNOWN
RUNNING ON BENCHMARK conds2f.c
real 0.34
user 0.38
sys 0.02
VERIFICATION_UNKNOWN
RUNNING ON BENCHMARK condscf.c
real 0.37
user 0.40
sys 0.04
VERIFICATION_FAILED
RUNNING ON BENCHMARK condsf.c
real 0.35
user 0.36
sys 0.06
VERIFICATION_FAILED
RUNNING ON BENCHMARK condss1f.c
real 0.49
user 0.52
sys 0.07
VERIFICATION_UNKNOWN
RUNNING ON BENCHMARK condss2f.c
real 0.52
user 0.55
sys 0.06
VERIFICATION_UNKNOWN
RUNNING ON BENCHMARK condss3f.c
real 0.55
user 0.57
sys 0.09
VERIFICATION_FAILED
RUNNING ON BENCHMARK condssf.c
real 0.50
user 0.53
sys 0.07
VERIFICATION_FAILED
RUNNING ON BENCHMARK eqn1f.c
real 0.41
user 0.43
sys 0.06
VERIFICATION_FAILED
RUNNING ON BENCHMARK eqn2f.c
real 0.37
user 0.39
sys 0.04
VERIFICATION_FAILED
RUNNING ON BENCHMARK eqn3f.c
real 0.29
user 0.31
sys 0.04
VERIFICATION_FAILED
RUNNING ON BENCHMARK eqn4f.c
real 0.28
user 0.32
sys 0.02
VERIFICATION_FAILED
RUNNING ON BENCHMARK eqn5f.c
real 0.37
user 0.39
sys 0.04
VERIFICATION_FAILED
RUNNING ON BENCHMARK ifcompf.c
real 0.68
user 0.75
sys 0.09
VERIFICATION_FAILED
RUNNING ON BENCHMARK ifeqn1f.c
real 0.30
user 0.33
sys 0.03
VERIFICATION_FAILED
RUNNING ON BENCHMARK ifeqn2f.c
real 0.30
user 0.32
sys 0.04
VERIFICATION_FAILED
RUNNING ON BENCHMARK ifeqn3f.c
real 0.42
user 0.45
sys 0.06
VERIFICATION_FAILED
RUNNING ON BENCHMARK ifeqn4f.c
real 0.41
user 0.42
sys 0.05
VERIFICATION_FAILED
RUNNING ON BENCHMARK ifeqn5f.c
real 0.30
user 0.30
sys 0.06
VERIFICATION_FAILED
RUNNING ON BENCHMARK ifncompf.c
real 0.45
user 0.48
sys 0.07
VERIFICATION_FAILED
RUNNING ON BENCHMARK indp1f.c
real 0.28
user 0.29
sys 0.05
VERIFICATION_FAILED
RUNNING ON BENCHMARK indp2f.c
real 0.29
user 0.31
sys 0.04
VERIFICATION_FAILED
RUNNING ON BENCHMARK indp3f.c
real 0.37
user 0.38
sys 0.06
VERIFICATION_FAILED
RUNNING ON BENCHMARK indp4f.c
real 0.28
user 0.31
sys 0.03
VERIFICATION_FAILED
RUNNING ON BENCHMARK indp5f.c
real 0.44
user 0.46
sys 0.07
VERIFICATION_FAILED
RUNNING ON BENCHMARK modnf.c
real 0.21
user 0.22
sys 0.02
VERIFICATION_FAILED
RUNNING ON BENCHMARK modpf.c
real 0.21
user 0.22
sys 0.02
VERIFICATION_FAILED
RUNNING ON BENCHMARK modsf.c
real 0.43
user 0.45
sys 0.07
VERIFICATION_FAILED
RUNNING ON BENCHMARK ms1f.c
real 0.20
user 0.21
sys 0.02
VERIFICATION_FAILED
RUNNING ON BENCHMARK ms2f.c
real 0.20
user 0.18
sys 0.04
VERIFICATION_FAILED
RUNNING ON BENCHMARK ms3f.c
real 0.20
user 0.20
sys 0.02
VERIFICATION_FAILED
RUNNING ON BENCHMARK ms4f.c
real 0.20
user 0.21
sys 0.02
VERIFICATION_FAILED
RUNNING ON BENCHMARK ms5f.c
real 0.20
user 0.20
sys 0.03
VERIFICATION_FAILED
RUNNING ON BENCHMARK ncompf.c
real 0.42
user 0.45
sys 0.06
VERIFICATION_FAILED
RUNNING ON BENCHMARK nested-as1f.c
real 0.31
user 0.22
sys 0.04
VERIFICATION_UNKNOWN
RUNNING ON BENCHMARK nested-as2f.c
real 0.31
user 0.22
sys 0.04
VERIFICATION_UNKNOWN
RUNNING ON BENCHMARK nested-as3f.c
real 0.31
user 0.21
sys 0.04
VERIFICATION_UNKNOWN
RUNNING ON BENCHMARK nested-nli1f.c
real 0.24
user 0.13
sys 0.03
VERIFICATION_UNKNOWN
RUNNING ON BENCHMARK nested-nli2f.c
real 0.24
user 0.13
sys 0.03
VERIFICATION_UNKNOWN
RUNNING ON BENCHMARK nested-nli3f.c
real 0.23
user 0.12
sys 0.03
VERIFICATION_UNKNOWN
RUNNING ON BENCHMARK nested-nlj1f.c
real 0.24
user 0.12
sys 0.03
VERIFICATION_UNKNOWN
RUNNING ON BENCHMARK nested-nlj2f.c
real 0.23
user 0.11
sys 0.03
VERIFICATION_UNKNOWN
RUNNING ON BENCHMARK nested-nlj3f.c
real 0.23
user 0.12
sys 0.03
VERIFICATION_UNKNOWN
RUNNING ON BENCHMARK nested-nsna1f.c
real 0.31
user 0.22
sys 0.04
VERIFICATION_UNKNOWN
RUNNING ON BENCHMARK nested-nsna2f.c
real 0.31
user 0.21
sys 0.05
VERIFICATION_UNKNOWN
RUNNING ON BENCHMARK nested-nsna3f.c
real 0.31
user 0.21
sys 0.05
VERIFICATION_UNKNOWN
RUNNING ON BENCHMARK nested-sa1.c
real 0.24
user 0.14
sys 0.01
VERIFICATION_UNKNOWN
RUNNING ON BENCHMARK nested-sna1f.c
real 0.30
user 0.21
sys 0.04
VERIFICATION_UNKNOWN
RUNNING ON BENCHMARK nested-sna2f.c
real 0.29
user 0.20
sys 0.04
VERIFICATION_UNKNOWN
RUNNING ON BENCHMARK nested-sna3f.c
real 0.30
user 0.19
sys 0.06
VERIFICATION_UNKNOWN
RUNNING ON BENCHMARK nested-ss1f.c
real 0.36
user 0.27
sys 0.05
VERIFICATION_UNKNOWN
RUNNING ON BENCHMARK nested-ss2f.c
real 0.36
user 0.28
sys 0.03
VERIFICATION_UNKNOWN
RUNNING ON BENCHMARK nested-ss3f.c
real 0.36
user 0.27
sys 0.05
VERIFICATION_UNKNOWN
RUNNING ON BENCHMARK nested-sumf.c
real 0.23
user 0.12
sys 0.02
VERIFICATION_UNKNOWN
RUNNING ON BENCHMARK nested-unb1f.c
real 0.24
user 0.14
sys 0.02
VERIFICATION_UNKNOWN
RUNNING ON BENCHMARK nested-unb2f.c
real 0.23
user 0.13
sys 0.02
VERIFICATION_UNKNOWN
RUNNING ON BENCHMARK nested-unb3f.c
real 0.24
user 0.11
sys 0.04
VERIFICATION_UNKNOWN
RUNNING ON BENCHMARK nsqmf.c
real 0.29
user 0.31
sys 0.04
VERIFICATION_FAILED
RUNNING ON BENCHMARK nsqm-iff.c
real 0.30
user 0.34
sys 0.02
VERIFICATION_FAILED
RUNNING ON BENCHMARK pcompf.c
real 0.63
user 0.67
sys 0.09
VERIFICATION_FAILED
RUNNING ON BENCHMARK res1f.c
real 0.34
user 0.37
sys 0.04
VERIFICATION_FAILED
RUNNING ON BENCHMARK res1of.c
real 0.34
user 0.35
sys 0.06
VERIFICATION_FAILED
RUNNING ON BENCHMARK res2f.c
real 0.55
user 0.58
sys 0.08
VERIFICATION_FAILED
RUNNING ON BENCHMARK res2of.c
real 0.54
user 0.59
sys 0.06
VERIFICATION_FAILED
RUNNING ON BENCHMARK s12iff.c
real 0.36
user 0.40
sys 0.03
VERIFICATION_FAILED
RUNNING ON BENCHMARK s1iff.c
real 0.28
user 0.29
sys 0.05
VERIFICATION_FAILED
RUNNING ON BENCHMARK s1liff.c
real 0.31
user 0.31
sys 0.05
VERIFICATION_FAILED
RUNNING ON BENCHMARK s22iff.c
real 0.36
user 0.38
sys 0.05
VERIFICATION_FAILED
RUNNING ON BENCHMARK s2iff.c
real 0.28
user 0.29
sys 0.04
VERIFICATION_FAILED
RUNNING ON BENCHMARK s2liff.c
real 0.31
user 0.32
sys 0.05
VERIFICATION_FAILED
RUNNING ON BENCHMARK s32iff.c
real 0.36
user 0.39
sys 0.03
VERIFICATION_FAILED
RUNNING ON BENCHMARK s3iff.c
real 0.29
user 0.31
sys 0.04
VERIFICATION_FAILED
RUNNING ON BENCHMARK s3liff.c
real 0.31
user 0.33
sys 0.04
VERIFICATION_FAILED
RUNNING ON BENCHMARK s42iff.c
real 0.36
user 0.39
sys 0.02
VERIFICATION_FAILED
RUNNING ON BENCHMARK s4iff.c
real 0.28
user 0.30
sys 0.04
VERIFICATION_FAILED
RUNNING ON BENCHMARK s4liff.c
real 0.31
user 0.33
sys 0.04
VERIFICATION_FAILED
RUNNING ON BENCHMARK s52iff.c
real 0.36
user 0.37
sys 0.05
VERIFICATION_FAILED
RUNNING ON BENCHMARK s5iff.c
real 0.24
user 0.26
sys 0.01
VERIFICATION_FAILED
RUNNING ON BENCHMARK s5liff.c
real 0.31
user 0.34
sys 0.03
VERIFICATION_FAILED
RUNNING ON BENCHMARK sina1f.c
real 0.21
user 0.21
sys 0.03
VERIFICATION_FAILED
RUNNING ON BENCHMARK sina2f.c
real 0.33
user 0.33
sys 0.06
VERIFICATION_FAILED
RUNNING ON BENCHMARK sina3f.c
real 0.34
user 0.37
sys 0.03
VERIFICATION_FAILED
RUNNING ON BENCHMARK sina4f.c
real 0.38
user 0.41
sys 0.04
VERIFICATION_FAILED
RUNNING ON BENCHMARK sina5f.c
real 0.50
user 0.55
sys 0.04
VERIFICATION_FAILED
RUNNING ON BENCHMARK sqmf.c
real 0.29
user 0.31
sys 0.03
VERIFICATION_FAILED
RUNNING ON BENCHMARK sqm-iff.c
real 0.30
user 0.34
sys 0.03
VERIFICATION_FAILED
RUNNING ON BENCHMARK ss1f.c
real 0.41
user 0.43
sys 0.07
VERIFICATION_FAILED
RUNNING ON BENCHMARK ss2f.c
real 0.61
user 0.66
sys 0.08
VERIFICATION_FAILED
RUNNING ON BENCHMARK ss3f.c
real 0.44
user 0.48
sys 0.06
VERIFICATION_FAILED
RUNNING ON BENCHMARK ss4f.c
real 0.41
user 0.44
sys 0.05
VERIFICATION_FAILED
RUNNING ON BENCHMARK ssinaf.c
real 0.55
user 0.62
sys 0.06
VERIFICATION_FAILED
RUNNING ON BENCHMARK standard_copy1_ground-2.c
real 0.24
user 0.23
sys 0.04
VERIFICATION_FAILED
RUNNING ON BENCHMARK standard_copy2_ground-1.c
real 0.28
user 0.27
sys 0.06
VERIFICATION_FAILED
RUNNING ON BENCHMARK standard_copy3_ground-2.c
real 0.33
user 0.35
sys 0.04
VERIFICATION_FAILED
RUNNING ON BENCHMARK standard_copy4_ground-2.c
real 0.42
user 0.45
sys 0.05
VERIFICATION_FAILED
RUNNING ON BENCHMARK standard_copy5_ground-2.c
real 0.48
user 0.52
sys 0.06
VERIFICATION_FAILED
RUNNING ON BENCHMARK standard_copy6_ground-1.c
real 0.55
user 0.61
sys 0.07
VERIFICATION_FAILED
RUNNING ON BENCHMARK standard_copy7_ground-1.c
real 0.67
user 0.72
sys 0.08
VERIFICATION_FAILED
RUNNING ON BENCHMARK standard_copy8_ground-2.c
real 0.75
user 0.80
sys 0.10
VERIFICATION_FAILED
RUNNING ON BENCHMARK standard_copy9_ground-1.c
real 0.97
user 1.05
sys 0.15
VERIFICATION_FAILED
RUNNING ON BENCHMARK standard_copyInitSum2_ground-1.c
real 0.25
user 0.25
sys 0.03
VERIFICATION_UNKNOWN
RUNNING ON BENCHMARK standard_init1_ground-1.c
real 0.10
user 0.08
sys 0.02
VERIFICATION_FAILED
RUNNING ON BENCHMARK standard_init2_ground-1.c
real 0.15
user 0.14
sys 0.01
VERIFICATION_FAILED
RUNNING ON BENCHMARK standard_init3_ground-1.c
real 0.16
user 0.18
sys 0.01
VERIFICATION_FAILED
RUNNING ON BENCHMARK standard_init4_ground-1.c
real 0.19
user 0.19
sys 0.03
VERIFICATION_FAILED
RUNNING ON BENCHMARK standard_init5_ground-2.c
real 0.23
user 0.24
sys 0.02
VERIFICATION_FAILED
RUNNING ON BENCHMARK standard_init6_ground-1.c
real 0.28
user 0.29
sys 0.04
VERIFICATION_FAILED
RUNNING ON BENCHMARK standard_init7_ground-1.c
real 0.32
user 0.34
sys 0.05
VERIFICATION_FAILED
RUNNING ON BENCHMARK standard_init8_ground-1.c
real 0.37
user 0.40
sys 0.04
VERIFICATION_FAILED
RUNNING ON BENCHMARK standard_init9_ground-1.c
real 0.43
user 0.47
sys 0.06
VERIFICATION_FAILED
RUNNING ON BENCHMARK standard_minInArray_ground-1.c
real 0.25
user 0.26
sys 0.02
VERIFICATION_FAILED
RUNNING ON BENCHMARK standard_running-1.c
real 0.30
user 0.31
sys 0.05
VERIFICATION_FAILED
RUNNING ON BENCHMARK zero_sum1f.c
real 0.32
user 0.33
sys 0.05
VERIFICATION_FAILED
RUNNING ON BENCHMARK zero_sum2f.c
real 0.56
user 0.62
sys 0.06
VERIFICATION_FAILED
RUNNING ON BENCHMARK zero_sum3f.c
real 0.84
user 0.93
sys 0.11
VERIFICATION_FAILED
RUNNING ON BENCHMARK zero_sum4f.c
real 1.17
user 1.29
sys 0.14
VERIFICATION_FAILED
RUNNING ON BENCHMARK zero_sum5f.c
real 1.55
user 1.70
sys 0.19
VERIFICATION_FAILED
RUNNING ON BENCHMARK zero_sum_const1f.c
real 0.33
user 0.34
sys 0.03
VERIFICATION_FAILED
RUNNING ON BENCHMARK zero_sum_const2f.c
real 0.55
user 0.61
sys 0.07
VERIFICATION_FAILED
RUNNING ON BENCHMARK zero_sum_const3f.c
real 0.84
user 0.95
sys 0.09
VERIFICATION_FAILED
RUNNING ON BENCHMARK zero_sum_const4f.c
real 1.14
user 1.25
sys 0.15
VERIFICATION_FAILED
RUNNING ON BENCHMARK zero_sum_const5f.c
real 1.57
user 1.72
sys 0.19
VERIFICATION_FAILED
RUNNING ON BENCHMARK zero_sum_const_m2f.c
real 0.59
user 0.61
sys 0.09
VERIFICATION_FAILED
RUNNING ON BENCHMARK zero_sum_const_m3f.c
real 0.84
user 0.93
sys 0.11
VERIFICATION_FAILED
RUNNING ON BENCHMARK zero_sum_const_m4f.c
real 1.16
user 1.27
sys 0.15
VERIFICATION_FAILED
RUNNING ON BENCHMARK zero_sum_const_m5f.c
real 1.53
user 1.66
sys 0.22
VERIFICATION_FAILED
RUNNING ON BENCHMARK zero_sum_const_m6f.c
real 2.01
user 2.18
sys 0.32
VERIFICATION_FAILED
RUNNING ON BENCHMARK zero_sum_m2f.c
real 0.59
user 0.64
sys 0.06
VERIFICATION_FAILED
RUNNING ON BENCHMARK zero_sum_m3f.c
real 0.84
user 0.92
sys 0.11
VERIFICATION_FAILED
RUNNING ON BENCHMARK zero_sum_m4f.c
real 1.17
user 1.32
sys 0.11
VERIFICATION_FAILED
RUNNING ON BENCHMARK zero_sum_m5f.c
real 1.56
user 1.71
sys 0.19
VERIFICATION_FAILED
RUNNING ON BENCHMARK zero_sum_m6f.c
real 1.98
user 2.19
sys 0.24
VERIFICATION_FAILED
