RUNNING ON BENCHMARK brs1f.c
real 13.86
user 15.37
sys 1.93
VERIFICATION_FAILED
RUNNING ON BENCHMARK brs2f.c
real 13.72
user 15.19
sys 1.94
VERIFICATION_FAILED
RUNNING ON BENCHMARK brs3f.c
real 14.09
user 15.50
sys 2.07
VERIFICATION_FAILED
RUNNING ON BENCHMARK brs4f.c
real 14.91
user 16.44
sys 2.17
VERIFICATION_FAILED
RUNNING ON BENCHMARK brs5f.c
real 14.66
user 16.17
sys 2.13
VERIFICATION_FAILED
RUNNING ON BENCHMARK cond1f.c
real 17.89
user 19.86
sys 2.51
VERIFICATION_FAILED
RUNNING ON BENCHMARK cond2f.c
real 17.94
user 19.79
sys 2.60
VERIFICATION_FAILED
RUNNING ON BENCHMARK cond2s1f.c
real 18.50
user 20.16
sys 2.57
VERIFICATION_FAILED
RUNNING ON BENCHMARK cond2s2f.c
real 17.73
user 19.64
sys 2.48
VERIFICATION_FAILED
RUNNING ON BENCHMARK condaf.c
real 14.59
user 16.19
sys 2.04
VERIFICATION_FAILED
RUNNING ON BENCHMARK condgf.c
real 17.54
user 19.36
sys 2.55
VERIFICATION_FAILED
RUNNING ON BENCHMARK condif.c
real 15.35
user 17.01
sys 2.17
VERIFICATION_FAILED
RUNNING ON BENCHMARK condmf.c
real 15.35
user 17.08
sys 2.10
VERIFICATION_FAILED
RUNNING ON BENCHMARK condnf.c
real 15.47
user 17.18
sys 2.16
VERIFICATION_FAILED
RUNNING ON BENCHMARK condnl1f.c
real 17.48
user 19.46
sys 2.37
VERIFICATION_FAILED
RUNNING ON BENCHMARK conds2f.c
real 17.86
user 19.81
sys 2.50
VERIFICATION_FAILED
RUNNING ON BENCHMARK condscf.c
real 17.97
user 19.97
sys 2.49
VERIFICATION_FAILED
RUNNING ON BENCHMARK condsf.c
real 17.84
user 19.60
sys 2.55
VERIFICATION_FAILED
RUNNING ON BENCHMARK condss1f.c
real 22.78
user 25.24
sys 3.20
VERIFICATION_FAILED
RUNNING ON BENCHMARK condss2f.c
real 75.89
user 83.03
sys 13.76
VERIFICATION_SUCCESSFUL
RUNNING ON BENCHMARK condss3f.c
real 23.62
user 26.22
sys 3.27
VERIFICATION_FAILED
RUNNING ON BENCHMARK condssf.c
real 22.12
user 24.56
sys 3.03
VERIFICATION_FAILED
RUNNING ON BENCHMARK eqn1f.c
real 13.95
user 15.32
sys 2.09
VERIFICATION_FAILED
RUNNING ON BENCHMARK eqn2f.c
real 14.44
user 15.90
sys 2.07
VERIFICATION_FAILED
RUNNING ON BENCHMARK eqn3f.c
real 14.39
user 15.79
sys 2.16
VERIFICATION_FAILED
RUNNING ON BENCHMARK eqn4f.c
real 13.85
user 15.27
sys 2.00
VERIFICATION_FAILED
RUNNING ON BENCHMARK eqn5f.c
real 14.10
user 15.70
sys 1.90
VERIFICATION_FAILED
RUNNING ON BENCHMARK ifcompf.c
real 21.69
user 23.94
sys 3.13
VERIFICATION_FAILED
RUNNING ON BENCHMARK ifeqn1f.c
real 16.94
user 18.79
sys 2.40
VERIFICATION_FAILED
RUNNING ON BENCHMARK ifeqn2f.c
real 17.11
user 19.03
sys 2.34
VERIFICATION_FAILED
RUNNING ON BENCHMARK ifeqn3f.c
real 16.68
user 18.53
sys 2.29
VERIFICATION_FAILED
RUNNING ON BENCHMARK ifeqn4f.c
real 17.48
user 19.24
sys 2.56
VERIFICATION_FAILED
RUNNING ON BENCHMARK ifeqn5f.c
real 16.89
user 18.74
sys 2.35
VERIFICATION_FAILED
RUNNING ON BENCHMARK ifncompf.c
real 20.90
user 23.18
sys 2.92
VERIFICATION_FAILED
RUNNING ON BENCHMARK indp1f.c
real 16.43
user 18.18
sys 2.34
VERIFICATION_FAILED
RUNNING ON BENCHMARK indp2f.c
real 16.38
user 18.10
sys 2.34
VERIFICATION_FAILED
RUNNING ON BENCHMARK indp3f.c
real 18.85
user 20.84
sys 2.68
VERIFICATION_FAILED
RUNNING ON BENCHMARK indp4f.c
real 17.05
user 18.76
sys 2.54
VERIFICATION_FAILED
RUNNING ON BENCHMARK indp5f.c
real 17.16
user 19.00
sys 2.40
VERIFICATION_FAILED
RUNNING ON BENCHMARK modnf.c
real 14.26
user 15.83
sys 1.95
VERIFICATION_FAILED
RUNNING ON BENCHMARK modpf.c
real 14.00
user 15.55
sys 1.93
VERIFICATION_FAILED
RUNNING ON BENCHMARK modsf.c
real 71.72
user 79.79
sys 11.50
VERIFICATION_SUCCESSFUL
RUNNING ON BENCHMARK ms1f.c
real 12.51
user 13.87
sys 1.75
VERIFICATION_FAILED
RUNNING ON BENCHMARK ms2f.c
real 12.62
user 13.92
sys 1.85
VERIFICATION_FAILED
RUNNING ON BENCHMARK ms3f.c
real 12.92
user 14.18
sys 1.92
VERIFICATION_FAILED
RUNNING ON BENCHMARK ms4f.c
real 12.20
user 13.52
sys 1.71
VERIFICATION_FAILED
RUNNING ON BENCHMARK ms5f.c
real 12.23
user 13.54
sys 1.73
VERIFICATION_FAILED
RUNNING ON BENCHMARK ncompf.c
real 16.71
user 18.50
sys 2.38
VERIFICATION_FAILED
RUNNING ON BENCHMARK nested-as1f.c
real 4.92
user 5.46
sys 0.67
VERIFICATION_UNKNOWN
RUNNING ON BENCHMARK nested-as2f.c
real 4.93
user 5.51
sys 0.65
VERIFICATION_UNKNOWN
RUNNING ON BENCHMARK nested-as3f.c
real 4.89
user 5.38
sys 0.71
VERIFICATION_UNKNOWN
RUNNING ON BENCHMARK nested-nli1f.c
real 4.84
user 5.40
sys 0.63
VERIFICATION_UNKNOWN
RUNNING ON BENCHMARK nested-nli2f.c
real 4.89
user 5.46
sys 0.63
VERIFICATION_UNKNOWN
RUNNING ON BENCHMARK nested-nli3f.c
real 4.86
user 5.41
sys 0.65
VERIFICATION_UNKNOWN
RUNNING ON BENCHMARK nested-nlj1f.c
real 4.85
user 5.34
sys 0.69
VERIFICATION_UNKNOWN
RUNNING ON BENCHMARK nested-nlj2f.c
real 4.86
user 5.34
sys 0.73
VERIFICATION_UNKNOWN
RUNNING ON BENCHMARK nested-nlj3f.c
real 4.88
user 5.37
sys 0.71
VERIFICATION_UNKNOWN
RUNNING ON BENCHMARK nested-nsna1f.c
real 4.92
user 5.36
sys 0.77
VERIFICATION_UNKNOWN
RUNNING ON BENCHMARK nested-nsna2f.c
real 4.91
user 5.44
sys 0.70
VERIFICATION_UNKNOWN
RUNNING ON BENCHMARK nested-nsna3f.c
real 4.90
user 5.43
sys 0.69
VERIFICATION_UNKNOWN
RUNNING ON BENCHMARK nested-sa1.c
real 4.91
user 5.47
sys 0.65
VERIFICATION_UNKNOWN
RUNNING ON BENCHMARK nested-sna1f.c
real 4.91
user 5.48
sys 0.64
VERIFICATION_UNKNOWN
RUNNING ON BENCHMARK nested-sna2f.c
real 4.91
user 5.47
sys 0.64
VERIFICATION_UNKNOWN
RUNNING ON BENCHMARK nested-sna3f.c
real 4.85
user 5.32
sys 0.72
VERIFICATION_UNKNOWN
RUNNING ON BENCHMARK nested-ss1f.c
real 4.95
user 5.45
sys 0.72
VERIFICATION_UNKNOWN
RUNNING ON BENCHMARK nested-ss2f.c
real 4.90
user 5.44
sys 0.66
VERIFICATION_UNKNOWN
RUNNING ON BENCHMARK nested-ss3f.c
real 4.91
user 5.45
sys 0.67
VERIFICATION_UNKNOWN
RUNNING ON BENCHMARK nested-sumf.c
real 3.80
user 4.17
sys 0.55
VERIFICATION_UNKNOWN
RUNNING ON BENCHMARK nested-unb1f.c
real 4.88
user 5.40
sys 0.68
VERIFICATION_UNKNOWN
RUNNING ON BENCHMARK nested-unb2f.c
real 4.85
user 5.39
sys 0.65
VERIFICATION_UNKNOWN
RUNNING ON BENCHMARK nested-unb3f.c
real 4.91
user 5.47
sys 0.65
VERIFICATION_UNKNOWN
RUNNING ON BENCHMARK nsqmf.c
real 14.17
user 15.68
sys 1.98
VERIFICATION_FAILED
RUNNING ON BENCHMARK nsqm-iff.c
real 17.60
user 19.41
sys 2.52
VERIFICATION_FAILED
RUNNING ON BENCHMARK pcompf.c
real 16.67
user 18.43
sys 2.38
VERIFICATION_FAILED
RUNNING ON BENCHMARK res1f.c
real 15.10
user 16.61
sys 2.23
VERIFICATION_FAILED
RUNNING ON BENCHMARK res1of.c
real 15.14
user 16.50
sys 2.18
VERIFICATION_FAILED
RUNNING ON BENCHMARK res2f.c
real 20.26
user 22.41
sys 2.83
VERIFICATION_FAILED
RUNNING ON BENCHMARK res2of.c
real 19.20
user 21.30
sys 2.67
VERIFICATION_FAILED
RUNNING ON BENCHMARK s12iff.c
real 15.58
user 17.31
sys 2.13
VERIFICATION_FAILED
RUNNING ON BENCHMARK s1iff.c
real 12.28
user 13.53
sys 1.81
VERIFICATION_FAILED
RUNNING ON BENCHMARK s1liff.c
real 14.52
user 16.04
sys 2.01
VERIFICATION_FAILED
RUNNING ON BENCHMARK s22iff.c
real 16.90
user 18.71
sys 2.41
VERIFICATION_FAILED
RUNNING ON BENCHMARK s2iff.c
real 12.85
user 14.20
sys 1.86
VERIFICATION_FAILED
RUNNING ON BENCHMARK s2liff.c
real 14.56
user 16.05
sys 2.13
VERIFICATION_FAILED
RUNNING ON BENCHMARK s32iff.c
real 16.44
user 18.17
sys 2.34
VERIFICATION_FAILED
RUNNING ON BENCHMARK s3iff.c
real 12.57
user 13.84
sys 1.73
VERIFICATION_FAILED
RUNNING ON BENCHMARK s3liff.c
real 14.25
user 15.73
sys 2.04
VERIFICATION_FAILED
RUNNING ON BENCHMARK s42iff.c
real 15.53
user 17.18
sys 2.17
VERIFICATION_FAILED
RUNNING ON BENCHMARK s4iff.c
real 12.34
user 13.63
sys 1.77
VERIFICATION_FAILED
RUNNING ON BENCHMARK s4liff.c
real 14.16
user 15.65
sys 2.03
VERIFICATION_FAILED
RUNNING ON BENCHMARK s52iff.c
real 17.29
user 19.17
sys 2.43
VERIFICATION_FAILED
RUNNING ON BENCHMARK s5iff.c
real 11.99
user 13.28
sys 1.69
VERIFICATION_FAILED
RUNNING ON BENCHMARK s5liff.c
real 15.39
user 17.04
sys 2.19
VERIFICATION_FAILED
RUNNING ON BENCHMARK sina1f.c
real 14.07
user 15.54
sys 2.04
VERIFICATION_FAILED
RUNNING ON BENCHMARK sina2f.c
real 16.43
user 18.15
sys 2.35
VERIFICATION_FAILED
RUNNING ON BENCHMARK sina3f.c
real 18.87
user 20.82
sys 2.73
VERIFICATION_FAILED
RUNNING ON BENCHMARK sina4f.c
real 18.28
user 20.27
sys 2.58
VERIFICATION_FAILED
RUNNING ON BENCHMARK sina5f.c
real 20.78
user 23.15
sys 2.80
VERIFICATION_FAILED
RUNNING ON BENCHMARK sqmf.c
real 13.87
user 15.41
sys 1.90
VERIFICATION_FAILED
RUNNING ON BENCHMARK sqm-iff.c
real 17.26
user 19.03
sys 2.50
VERIFICATION_FAILED
RUNNING ON BENCHMARK ss1f.c
real 15.58
user 17.22
sys 2.25
VERIFICATION_FAILED
RUNNING ON BENCHMARK ss2f.c
real 23.71
user 26.26
sys 3.33
VERIFICATION_FAILED
RUNNING ON BENCHMARK ss3f.c
real 17.51
user 19.40
sys 2.45
VERIFICATION_FAILED
RUNNING ON BENCHMARK ss4f.c
real 15.32
user 17.03
sys 2.11
VERIFICATION_FAILED
RUNNING ON BENCHMARK ssinaf.c
real 21.77
user 24.23
sys 2.98
VERIFICATION_FAILED
RUNNING ON BENCHMARK standard_copy1_ground-2.c
real 13.19
user 14.63
sys 1.84
VERIFICATION_FAILED
RUNNING ON BENCHMARK standard_copy2_ground-1.c
real 15.43
user 17.18
sys 2.10
VERIFICATION_FAILED
RUNNING ON BENCHMARK standard_copy3_ground-2.c
real 17.83
user 19.81
sys 2.46
VERIFICATION_FAILED
RUNNING ON BENCHMARK standard_copy4_ground-2.c
real 19.68
user 21.83
sys 2.73
VERIFICATION_FAILED
RUNNING ON BENCHMARK standard_copy5_ground-2.c
real 22.41
user 24.89
sys 3.07
VERIFICATION_FAILED
RUNNING ON BENCHMARK standard_copy6_ground-1.c
real 25.10
user 27.83
sys 3.55
VERIFICATION_FAILED
RUNNING ON BENCHMARK standard_copy7_ground-1.c
real 27.05
user 30.06
sys 3.72
VERIFICATION_FAILED
RUNNING ON BENCHMARK standard_copy8_ground-2.c
real 29.61
user 32.91
sys 4.03
VERIFICATION_FAILED
RUNNING ON BENCHMARK standard_copy9_ground-1.c
real 33.63
user 37.31
sys 4.66
VERIFICATION_FAILED
RUNNING ON BENCHMARK standard_copyInitSum2_ground-1.c
real 15.43
user 17.07
sys 2.24
VERIFICATION_FAILED
RUNNING ON BENCHMARK standard_init1_ground-1.c
real 11.18
user 12.30
sys 1.68
VERIFICATION_FAILED
RUNNING ON BENCHMARK standard_init2_ground-1.c
real 13.62
user 15.08
sys 1.96
VERIFICATION_FAILED
RUNNING ON BENCHMARK standard_init3_ground-1.c
real 15.98
user 17.75
sys 2.16
VERIFICATION_FAILED
RUNNING ON BENCHMARK standard_init4_ground-1.c
real 18.66
user 20.61
sys 2.70
VERIFICATION_FAILED
RUNNING ON BENCHMARK standard_init5_ground-2.c
real 21.16
user 23.49
sys 2.96
VERIFICATION_FAILED
RUNNING ON BENCHMARK standard_init6_ground-1.c
real 21.73
user 24.08
sys 3.05
VERIFICATION_FAILED
RUNNING ON BENCHMARK standard_init7_ground-1.c
real 23.85
user 26.57
sys 3.17
VERIFICATION_FAILED
RUNNING ON BENCHMARK standard_init8_ground-1.c
real 27.79
user 30.76
sys 3.96
VERIFICATION_FAILED
RUNNING ON BENCHMARK standard_init9_ground-1.c
real 28.57
user 31.73
sys 3.93
VERIFICATION_FAILED
RUNNING ON BENCHMARK standard_minInArray_ground-1.c
real 14.63
user 16.15
sys 2.08
VERIFICATION_FAILED
RUNNING ON BENCHMARK standard_running-1.c
real 101.50
user 14.70
sys 13.53
TIMEOUT
RUNNING ON BENCHMARK zero_sum1f.c
real 14.20
user 15.68
sys 2.03
VERIFICATION_FAILED
RUNNING ON BENCHMARK zero_sum2f.c
real 19.90
user 21.89
sys 2.91
VERIFICATION_FAILED
RUNNING ON BENCHMARK zero_sum3f.c
real 21.84
user 24.20
sys 3.04
VERIFICATION_FAILED
RUNNING ON BENCHMARK zero_sum4f.c
real 29.18
user 32.23
sys 4.22
VERIFICATION_FAILED
RUNNING ON BENCHMARK zero_sum5f.c
real 33.34
user 36.98
sys 4.62
VERIFICATION_FAILED
RUNNING ON BENCHMARK zero_sum_const1f.c
real 13.59
user 15.01
sys 1.95
VERIFICATION_FAILED
RUNNING ON BENCHMARK zero_sum_const2f.c
real 20.38
user 22.48
sys 2.98
VERIFICATION_FAILED
RUNNING ON BENCHMARK zero_sum_const3f.c
real 24.80
user 27.39
sys 3.55
VERIFICATION_FAILED
RUNNING ON BENCHMARK zero_sum_const4f.c
real 28.96
user 32.10
sys 4.05
VERIFICATION_FAILED
RUNNING ON BENCHMARK zero_sum_const5f.c
real 31.50
user 35.04
sys 4.26
VERIFICATION_FAILED
RUNNING ON BENCHMARK zero_sum_const_m2f.c
real 19.57
user 21.63
sys 2.82
VERIFICATION_FAILED
RUNNING ON BENCHMARK zero_sum_const_m3f.c
real 26.24
user 28.82
sys 3.94
VERIFICATION_FAILED
RUNNING ON BENCHMARK zero_sum_const_m4f.c
real 31.22
user 34.67
sys 4.31
VERIFICATION_FAILED
RUNNING ON BENCHMARK zero_sum_const_m5f.c
real 36.92
user 40.87
sys 5.27
VERIFICATION_FAILED
RUNNING ON BENCHMARK zero_sum_const_m6f.c
real 42.49
user 46.95
sys 6.14
VERIFICATION_FAILED
RUNNING ON BENCHMARK zero_sum_m2f.c
real 18.08
user 20.00
sys 2.58
VERIFICATION_FAILED
RUNNING ON BENCHMARK zero_sum_m3f.c
real 22.64
user 25.17
sys 3.10
VERIFICATION_FAILED
RUNNING ON BENCHMARK zero_sum_m4f.c
real 26.89
user 29.77
sys 3.79
VERIFICATION_FAILED
RUNNING ON BENCHMARK zero_sum_m5f.c
real 35.62
user 39.45
sys 5.05
VERIFICATION_FAILED
RUNNING ON BENCHMARK zero_sum_m6f.c
real 42.50
user 46.93
sys 6.20
VERIFICATION_FAILED
