int
Program Body
{
  int N_var;
  int RET;
  RET = 0;
  int _1_PROVE[1000000];
  N_var = __VERIFIER_nondet_int();
  if (N_var <= 0)
  {
    RET = 1;
  }

  if (N_var > 0)
  {
    int i;
    int a[N_var];
    i = 0;
    while (i < N_var)
    {
      a[i] = 3;
      i = i + 1;
    }

    i = 0;
    while (i < N_var)
    {
      if ((N_var % (i + 1)) == 0)
      {
        a[i] = a[i] - 1;
      }
      else
      {
        a[i] = a[i] - 2;
      }

      i = i + 1;
    }

    i = 0;
    while (i < N_var)
    {
      _1_PROVE[i] = a[i] <= 2;
      i = i + 1;
    }

    RET = 1;
  }

}

Function Name:
main
Return Type:
int
Input Variables:
{}
Local Variables:
{ i:int N_var:int _1_PROVE:array a:array RET:int}


Output in normal notation:
1. Frame axioms:
a1 = a

2. Output equations:
i1 = ite((__VERIFIER_nondet_int2>0),(_N3+0),i)
N_var1 = __VERIFIER_nondet_int2
d1array1(_x1,_x2) = ite((__VERIFIER_nondet_int2>0),d1array9(_x1,_x2,_N3),d1array(_x1,_x2))
main = ite((__VERIFIER_nondet_int2>0),1,ite((__VERIFIER_nondet_int2<=0),1,0))

3. Other axioms:
d1array3(_x1,_x2,(_n1+1)) = ite(((_x1=a) and (_x2=(_n1+0))),3,d1array3(_x1,_x2,_n1))
d1array3(_x1,_x2,0) = d1array(_x1,_x2)
(_N1>=(__VERIFIER_nondet_int2-0))
(_n1<_N1) -> ((_n1+0)<__VERIFIER_nondet_int2)
d1array7(_x1,_x2,(_n2+1)) = ite(((__VERIFIER_nondet_int2%((_n2+0)+1))==0),ite(((_x1=a) and (_x2=(_n2+0))),(d1array7(a,(_n2+0),_n2)-1),d1array7(_x1,_x2,_n2)),ite(((_x1=a) and (_x2=(_n2+0))),(d1array7(a,(_n2+0),_n2)-2),d1array7(_x1,_x2,_n2)))
d1array7(_x1,_x2,0) = d1array3(_x1,_x2,_N1)
(_N2>=(__VERIFIER_nondet_int2-0))
(_n2<_N2) -> ((_n2+0)<__VERIFIER_nondet_int2)
d1array9(_x1,_x2,(_n3+1)) = d1array9(_x1,_x2,_n3)
d1array9(_x1,_x2,0) = d1array7(_x1,_x2,_N2)
(_N3>=(__VERIFIER_nondet_int2-0))
(_n3<_N3) -> ((_n3+0)<__VERIFIER_nondet_int2)

4. Assumption :

5. Assertion :
(__VERIFIER_nondet_int2>0) -> (d1array9(a,(_n3+0),_N3)<=2)
Strategy applied A-1
Successfully Proved
VIAP_STANDARD_OUTPUT_True
FINISHED CPU 18.05 MEM 177668 MAXMEM 438448 STALE 0
<time name="ALL">16800</time>
