int
int
Program Body
{
  int N_var;
  int RET;
  RET = 0;
  int _1_PROVE[1000000];
  N_var = __VERIFIER_nondet_int();
  if (N_var <= 0)
  {
    RET = 1;
  }

  if (N_var > 0)
  {
    int i;
    int sum[1];
    int a[N_var];
    sum[0] = 0;
    i = 0;
    while (i < N_var)
    {
      a[i] = 1;
      i = i + 1;
    }

    i = 0;
    while (i < N_var)
    {
      sum[0] = sum[0] + a[i];
      i = i + 1;
    }

    i = 0;
    while (i < N_var)
    {
      a[i] = 0;
      i = i + 1;
    }

    i = 0;
    while (i < N_var)
    {
      a[i] = a[i] + sum[0];
      i = i + 1;
    }

    i = 0;
    while (i < N_var)
    {
      sum[0] = sum[0] + a[i];
      i = i + 1;
    }

    i = 0;
    while (i < N_var)
    {
      a[i] = a[i] + sum[0];
      i = i + 1;
    }

    i = 0;
    while (i < N_var)
    {
      _1_PROVE[i] = a[i] == (N_var * (N_var + 2));
      i = i + 1;
    }

    RET = 1;
  }

}

Function Name:
main
Return Type:
int
Input Variables:
{}
Local Variables:
{ a:array i:int sum:array _1_PROVE:array RET:int N_var:int}


Output in normal notation:
1. Frame axioms:
a1 = a
sum1 = sum

2. Output equations:
i1 = ite((__VERIFIER_nondet_int2>0),(_N7+0),i)
N_var1 = __VERIFIER_nondet_int2
d1array1(_x1,_x2) = ite((__VERIFIER_nondet_int2>0),d1array15(_x1,_x2,_N7),d1array(_x1,_x2))
main = ite((__VERIFIER_nondet_int2>0),1,ite((__VERIFIER_nondet_int2<=0),1,0))

3. Other axioms:
d1array3(_x1,_x2,(_n1+1)) = ite(((_x1=a) and (_x2=(_n1+0))),1,d1array3(_x1,_x2,_n1))
d1array3(_x1,_x2,0) = ite(((_x1=sum) and (_x2=0)),0,d1array(_x1,_x2))
(_N1>=(__VERIFIER_nondet_int2-0))
(_n1<_N1) -> ((_n1+0)<__VERIFIER_nondet_int2)
d1array5(_x1,_x2,(_n2+1)) = ite(((_x1=sum) and (_x2=0)),(d1array5(sum,0,_n2)+d1array5(a,(_n2+0),_n2)),d1array5(_x1,_x2,_n2))
d1array5(_x1,_x2,0) = d1array3(_x1,_x2,_N1)
(_N2>=(__VERIFIER_nondet_int2-0))
(_n2<_N2) -> ((_n2+0)<__VERIFIER_nondet_int2)
d1array7(_x1,_x2,(_n3+1)) = ite(((_x1=a) and (_x2=(_n3+0))),0,d1array7(_x1,_x2,_n3))
d1array7(_x1,_x2,0) = d1array5(_x1,_x2,_N2)
(_N3>=(__VERIFIER_nondet_int2-0))
(_n3<_N3) -> ((_n3+0)<__VERIFIER_nondet_int2)
d1array9(_x1,_x2,(_n4+1)) = ite(((_x1=a) and (_x2=(_n4+0))),(d1array9(a,(_n4+0),_n4)+d1array9(sum,0,_n4)),d1array9(_x1,_x2,_n4))
d1array9(_x1,_x2,0) = d1array7(_x1,_x2,_N3)
(_N4>=(__VERIFIER_nondet_int2-0))
(_n4<_N4) -> ((_n4+0)<__VERIFIER_nondet_int2)
d1array11(_x1,_x2,(_n5+1)) = ite(((_x1=sum) and (_x2=0)),(d1array11(sum,0,_n5)+d1array11(a,(_n5+0),_n5)),d1array11(_x1,_x2,_n5))
d1array11(_x1,_x2,0) = d1array9(_x1,_x2,_N4)
(_N5>=(__VERIFIER_nondet_int2-0))
(_n5<_N5) -> ((_n5+0)<__VERIFIER_nondet_int2)
d1array13(_x1,_x2,(_n6+1)) = ite(((_x1=a) and (_x2=(_n6+0))),(d1array13(a,(_n6+0),_n6)+d1array13(sum,0,_n6)),d1array13(_x1,_x2,_n6))
d1array13(_x1,_x2,0) = d1array11(_x1,_x2,_N5)
(_N6>=(__VERIFIER_nondet_int2-0))
(_n6<_N6) -> ((_n6+0)<__VERIFIER_nondet_int2)
d1array15(_x1,_x2,(_n7+1)) = d1array15(_x1,_x2,_n7)
d1array15(_x1,_x2,0) = d1array13(_x1,_x2,_N6)
(_N7>=(__VERIFIER_nondet_int2-0))
(_n7<_N7) -> ((_n7+0)<__VERIFIER_nondet_int2)

4. Assumption :

5. Assertion :
(__VERIFIER_nondet_int2>0) -> (d1array15(a,(_n7+0),_N7)==(__VERIFIER_nondet_int2*(__VERIFIER_nondet_int2+2)))
Strategy applied A-1
Failed to Prove
Strategy applied A-2
VIAP_STANDARD_OUTPUT_True
FINISHED CPU 78.01 MEM 181420 MAXMEM 580708 STALE 1
<time name="ALL">76240</time>
