int
int
int
Program Body
{
  int SIZE;
  int RET;
  RET = 0;
  int _1_PROVE[1000000];
  SIZE = __VERIFIER_nondet_int();
  int password[SIZE];
  int guess[SIZE];
  int i;
  int result[1];
  result[0] = 1;
  i = 0;
  while (i < SIZE)
  {
    password[i] = __VERIFIER_nondet_int();
    guess[i] = __VERIFIER_nondet_int();
    i = i + 1;
  }

  i = 0;
  while (i < SIZE)
  {
    if (password[i] != guess[i])
    {
      result[0] = 0;
    }

    i = i + 1;
  }

  int x;
  x = 0;
  while (x < SIZE)
  {
    _1_PROVE[x] = (result[0] == 0) || (password[x] == guess[x]);
    x = x + 1;
  }

  RET = 0;
}

Function Name:
main
Return Type:
int
Input Variables:
{}
Local Variables:
{ guess:array i:int _1_PROVE:array RET:int result:array x:int password:array SIZE:int}


Output in normal notation:
1. Frame axioms:
guess1 = guess
password1 = password
result1 = result

2. Output equations:
i1 = (_N2+0)
x1 = (_N3+0)
d1array1(_x1,_x2) = d1array8(_x1,_x2,_N3)
main = 0
SIZE1 = __VERIFIER_nondet_int2

3. Other axioms:
d1array3(_x1,_x2,(_n1+1)) = ite(((_x1=guess) and (_x2=(_n1+0))),__VERIFIER_nondet_int4(_n1),ite(((_x1=password) and (_x2=(_n1+0))),__VERIFIER_nondet_int3(_n1),d1array3(_x1,_x2,_n1)))
d1array3(_x1,_x2,0) = ite(((_x1=result) and (_x2=0)),1,d1array(_x1,_x2))
(_N1>=(__VERIFIER_nondet_int2-0))
(_n1<_N1) -> ((_n1+0)<__VERIFIER_nondet_int2)
d1array6(_x1,_x2,(_n2+1)) = ite((d1array6(password,(_n2+0),_n2)!=d1array6(guess,(_n2+0),_n2)),ite(((_x1=result) and (_x2=0)),0,d1array6(_x1,_x2,_n2)),d1array6(_x1,_x2,_n2))
d1array6(_x1,_x2,0) = d1array3(_x1,_x2,_N1)
(_N2>=(__VERIFIER_nondet_int2-0))
(_n2<_N2) -> ((_n2+0)<__VERIFIER_nondet_int2)
d1array8(_x1,_x2,(_n3+1)) = d1array8(_x1,_x2,_n3)
d1array8(_x1,_x2,0) = d1array6(_x1,_x2,_N2)
(_N3>=(__VERIFIER_nondet_int2-0))
(_n3<_N3) -> ((_n3+0)<__VERIFIER_nondet_int2)

4. Assumption :

5. Assertion :
((d1array8(result,0,_N3)==0) or (d1array8(password,(_n3+0),_N3)==d1array8(guess,(_n3+0),_N3)))
Strategy applied A-1
Successfully Proved
VIAP_STANDARD_OUTPUT_True
FINISHED CPU 15.94 MEM 178600 MAXMEM 428576 STALE 0
<time name="ALL">15220</time>
