int
int
int
int
int
int
int
int
Program Body
{
  int N_var;
  int RET;
  RET = 0;
  int _1_PROVE[1000000];
  N_var = __VERIFIER_nondet_int();
  int a1_var[N_var];
  int a2_var[N_var];
  int a3_var[N_var];
  int a4_var[N_var];
  int a5_var[N_var];
  int a6_var[N_var];
  int a7_var[N_var];
  int a8_var[N_var];
  int a;
  a = 0;
  while (a < N_var)
  {
    a1_var[a] = __VERIFIER_nondet_int();
    a = a + 1;
  }

  int i;
  i = 0;
  while (i < N_var)
  {
    a2_var[i] = a1_var[i];
    i = i + 1;
  }

  i = 0;
  while (i < N_var)
  {
    a3_var[i] = a2_var[i];
    i = i + 1;
  }

  i = 0;
  while (i < N_var)
  {
    a4_var[i] = a3_var[i];
    i = i + 1;
  }

  i = 0;
  while (i < N_var)
  {
    a5_var[i] = a4_var[i];
    i = i + 1;
  }

  i = 0;
  while (i < N_var)
  {
    a6_var[i] = a5_var[i];
    i = i + 1;
  }

  i = 0;
  while (i < N_var)
  {
    a7_var[i] = a6_var[i];
    i = i + 1;
  }

  i = 0;
  while (i < N_var)
  {
    a8_var[i] = a7_var[i];
    i = i + 1;
  }

  int x;
  x = 0;
  while (x < N_var)
  {
    _1_PROVE[x] = a1_var[x] == a8_var[x];
    x = x + 1;
  }

  RET = 0;
}

Function Name:
main
Return Type:
int
Input Variables:
{}
Local Variables:
{ a7_var:array a:int a8_var:array a3_var:array a1_var:array i:int _1_PROVE:array RET:int a4_var:array a2_var:array a5_var:array x:int N_var:int a6_var:array}


Output in normal notation:
1. Frame axioms:
a7_var1 = a7_var
a3_var1 = a3_var
a1_var1 = a1_var
a8_var1 = a8_var
a4_var1 = a4_var
a2_var1 = a2_var
a5_var1 = a5_var
a6_var1 = a6_var

2. Output equations:
a1 = (_N1+0)
i1 = (_N8+0)
d1array1(_x1,_x2) = d1array18(_x1,_x2,_N9)
main = 0
x1 = (_N9+0)
N_var1 = __VERIFIER_nondet_int2

3. Other axioms:
d1array2(_x1,_x2,(_n1+1)) = ite(((_x1=a1_var) and (_x2=(_n1+0))),__VERIFIER_nondet_int3(_n1),d1array2(_x1,_x2,_n1))
d1array2(_x1,_x2,0) = d1array(_x1,_x2)
(_N1>=(__VERIFIER_nondet_int2-0))
(_n1<_N1) -> ((_n1+0)<__VERIFIER_nondet_int2)
d1array4(_x1,_x2,(_n2+1)) = ite(((_x1=a2_var) and (_x2=(_n2+0))),d1array4(a1_var,(_n2+0),_n2),d1array4(_x1,_x2,_n2))
d1array4(_x1,_x2,0) = d1array2(_x1,_x2,_N1)
(_N2>=(__VERIFIER_nondet_int2-0))
(_n2<_N2) -> ((_n2+0)<__VERIFIER_nondet_int2)
d1array6(_x1,_x2,(_n3+1)) = ite(((_x1=a3_var) and (_x2=(_n3+0))),d1array6(a2_var,(_n3+0),_n3),d1array6(_x1,_x2,_n3))
d1array6(_x1,_x2,0) = d1array4(_x1,_x2,_N2)
(_N3>=(__VERIFIER_nondet_int2-0))
(_n3<_N3) -> ((_n3+0)<__VERIFIER_nondet_int2)
d1array8(_x1,_x2,(_n4+1)) = ite(((_x1=a4_var) and (_x2=(_n4+0))),d1array8(a3_var,(_n4+0),_n4),d1array8(_x1,_x2,_n4))
d1array8(_x1,_x2,0) = d1array6(_x1,_x2,_N3)
(_N4>=(__VERIFIER_nondet_int2-0))
(_n4<_N4) -> ((_n4+0)<__VERIFIER_nondet_int2)
d1array10(_x1,_x2,(_n5+1)) = ite(((_x1=a5_var) and (_x2=(_n5+0))),d1array10(a4_var,(_n5+0),_n5),d1array10(_x1,_x2,_n5))
d1array10(_x1,_x2,0) = d1array8(_x1,_x2,_N4)
(_N5>=(__VERIFIER_nondet_int2-0))
(_n5<_N5) -> ((_n5+0)<__VERIFIER_nondet_int2)
d1array12(_x1,_x2,(_n6+1)) = ite(((_x1=a6_var) and (_x2=(_n6+0))),d1array12(a5_var,(_n6+0),_n6),d1array12(_x1,_x2,_n6))
d1array12(_x1,_x2,0) = d1array10(_x1,_x2,_N5)
(_N6>=(__VERIFIER_nondet_int2-0))
(_n6<_N6) -> ((_n6+0)<__VERIFIER_nondet_int2)
d1array14(_x1,_x2,(_n7+1)) = ite(((_x1=a7_var) and (_x2=(_n7+0))),d1array14(a6_var,(_n7+0),_n7),d1array14(_x1,_x2,_n7))
d1array14(_x1,_x2,0) = d1array12(_x1,_x2,_N6)
(_N7>=(__VERIFIER_nondet_int2-0))
(_n7<_N7) -> ((_n7+0)<__VERIFIER_nondet_int2)
d1array16(_x1,_x2,(_n8+1)) = ite(((_x1=a8_var) and (_x2=(_n8+0))),d1array16(a7_var,(_n8+0),_n8),d1array16(_x1,_x2,_n8))
d1array16(_x1,_x2,0) = d1array14(_x1,_x2,_N7)
(_N8>=(__VERIFIER_nondet_int2-0))
(_n8<_N8) -> ((_n8+0)<__VERIFIER_nondet_int2)
d1array18(_x1,_x2,(_n9+1)) = d1array18(_x1,_x2,_n9)
d1array18(_x1,_x2,0) = d1array16(_x1,_x2,_N8)
(_N9>=(__VERIFIER_nondet_int2-0))
(_n9<_N9) -> ((_n9+0)<__VERIFIER_nondet_int2)

4. Assumption :

5. Assertion :
(d1array18(a1_var,(_n9+0),_N9)==d1array18(a8_var,(_n9+0),_N9))
Strategy applied A-1
Failed to Prove
Strategy applied A-2
VIAP_STANDARD_OUTPUT_True
FINISHED CPU 83.97 MEM 182412 MAXMEM 628712 STALE 0
<time name="ALL">81810</time>
