int
int
Program Body
{
  int N_var;
  int RET;
  RET = 0;
  int _1_PROVE[1000000];
  N_var = __VERIFIER_nondet_int();
  int a[N_var];
  int b[N_var];
  int i;
  i = 0;
  while (i < N_var)
  {
    a[i] = 42;
    i = i + 1;
  }

  i = 0;
  while (i < N_var)
  {
    b[i] = a[i];
    i = i + 1;
  }

  i = 0;
  while (i < N_var)
  {
    b[i] = b[i] + i;
    i = i + 1;
  }

  int x;
  x = 0;
  while (x < N_var)
  {
    _1_PROVE[x] = b[x] == (42 + x);
    x = x + 1;
  }

  RET = 0;
}

Function Name:
main
Return Type:
int
Input Variables:
{}
Local Variables:
{ a:array b:array i:int _1_PROVE:array RET:int x:int N_var:int}


Output in normal notation:
1. Frame axioms:
a1 = a
b1 = b

2. Output equations:
i1 = (_N3+0)
x1 = (_N4+0)
d1array1(_x1,_x2) = d1array8(_x1,_x2,_N4)
main = 0
N_var1 = __VERIFIER_nondet_int2

3. Other axioms:
d1array2(_x1,_x2,(_n1+1)) = ite(((_x1=a) and (_x2=(_n1+0))),42,d1array2(_x1,_x2,_n1))
d1array2(_x1,_x2,0) = d1array(_x1,_x2)
(_N1>=(__VERIFIER_nondet_int2-0))
(_n1<_N1) -> ((_n1+0)<__VERIFIER_nondet_int2)
d1array4(_x1,_x2,(_n2+1)) = ite(((_x1=b) and (_x2=(_n2+0))),d1array4(a,(_n2+0),_n2),d1array4(_x1,_x2,_n2))
d1array4(_x1,_x2,0) = d1array2(_x1,_x2,_N1)
(_N2>=(__VERIFIER_nondet_int2-0))
(_n2<_N2) -> ((_n2+0)<__VERIFIER_nondet_int2)
d1array6(_x1,_x2,(_n3+1)) = ite(((_x1=b) and (_x2=(_n3+0))),(d1array6(b,(_n3+0),_n3)+(_n3+0)),d1array6(_x1,_x2,_n3))
d1array6(_x1,_x2,0) = d1array4(_x1,_x2,_N2)
(_N3>=(__VERIFIER_nondet_int2-0))
(_n3<_N3) -> ((_n3+0)<__VERIFIER_nondet_int2)
d1array8(_x1,_x2,(_n4+1)) = d1array8(_x1,_x2,_n4)
d1array8(_x1,_x2,0) = d1array6(_x1,_x2,_N3)
(_N4>=(__VERIFIER_nondet_int2-0))
(_n4<_N4) -> ((_n4+0)<__VERIFIER_nondet_int2)

4. Assumption :

5. Assertion :
(d1array8(b,(_n4+0),_N4)==(42+(_n4+0)))
Strategy applied A-1
Failed to Prove
Strategy applied A-2
VIAP_STANDARD_OUTPUT_True
FINISHED CPU 68.79 MEM 307752 MAXMEM 523384 STALE 0
<time name="ALL">67900</time>
