int
int
Program Body
{
  int SIZE;
  int RET;
  RET = 0;
  int _1_PROVE[1000000];
  SIZE = __VERIFIER_nondet_int();
  int i;
  int largest[1];
  int array[SIZE];
  i = 0;
  while (i < SIZE)
  {
    array[i] = __VERIFIER_nondet_int();
    i = i + 1;
  }

  i = 0;
  while (i < SIZE)
  {
    if (i == 0)
    {
      largest[0] = array[0];
    }
    else
    {
      if (largest[0] < array[i])
      {
        largest[0] = array[i];
      }

    }

    i = i + 1;
  }

  int x;
  x = 0;
  while (x < SIZE)
  {
    _1_PROVE[x] = largest[0] >= array[x];
    x = x + 1;
  }

  RET = 0;
}

Function Name:
main
Return Type:
int
Input Variables:
{}
Local Variables:
{ i:int _1_PROVE:array RET:int largest:array x:int array:array SIZE:int}


Output in normal notation:
1. Frame axioms:
array1 = array
largest1 = largest

2. Output equations:
i1 = (_N2+0)
x1 = (_N3+0)
d1array1(_x1,_x2) = d1array9(_x1,_x2,_N3)
main = 0
SIZE1 = __VERIFIER_nondet_int2

3. Other axioms:
d1array2(_x1,_x2,(_n1+1)) = ite(((_x1=array) and (_x2=(_n1+0))),__VERIFIER_nondet_int3(_n1),d1array2(_x1,_x2,_n1))
d1array2(_x1,_x2,0) = d1array(_x1,_x2)
(_N1>=(__VERIFIER_nondet_int2-0))
(_n1<_N1) -> ((_n1+0)<__VERIFIER_nondet_int2)
d1array7(_x1,_x2,(_n2+1)) = ite(((_n2+0)==0),ite(((_x1=largest) and (_x2=0)),d1array7(array,0,_n2),d1array7(_x1,_x2,_n2)),ite((d1array7(largest,0,_n2)<d1array7(array,(_n2+0),_n2)),ite(((_x1=largest) and (_x2=0)),d1array7(array,(_n2+0),_n2),d1array7(_x1,_x2,_n2)),d1array7(_x1,_x2,_n2)))
d1array7(_x1,_x2,0) = d1array2(_x1,_x2,_N1)
(_N2>=(__VERIFIER_nondet_int2-0))
(_n2<_N2) -> ((_n2+0)<__VERIFIER_nondet_int2)
d1array9(_x1,_x2,(_n3+1)) = d1array9(_x1,_x2,_n3)
d1array9(_x1,_x2,0) = d1array7(_x1,_x2,_N2)
(_N3>=(__VERIFIER_nondet_int2-0))
(_n3<_N3) -> ((_n3+0)<__VERIFIER_nondet_int2)

4. Assumption :

5. Assertion :
(d1array9(largest,0,_N3)>=d1array9(array,(_n3+0),_N3))
Strategy applied A-1
Successfully Proved
VIAP_STANDARD_OUTPUT_True
FINISHED CPU 34.10 MEM 379360 MAXMEM 428000 STALE 0
<time name="ALL">33260</time>
