int
Program Body
{
  int N_var;
  int RET;
  RET = 0;
  int _1_PROVE[1000000];
  N_var = __VERIFIER_nondet_int();
  int a[N_var];
  int i;
  i = 0;
  while (i < N_var)
  {
    a[i] = 42;
    i = i + 1;
  }

  i = 0;
  while (i < N_var)
  {
    a[i] = 43;
    i = i + 1;
  }

  int x;
  x = 0;
  while (x < N_var)
  {
    _1_PROVE[x] = a[x] == 43;
    x = x + 1;
  }

  RET = 0;
}

Function Name:
main
Return Type:
int
Input Variables:
{}
Local Variables:
{ a:array i:int _1_PROVE:array RET:int x:int N_var:int}


Output in normal notation:
1. Frame axioms:
a1 = a

2. Output equations:
i1 = (_N2+0)
N_var1 = __VERIFIER_nondet_int2
d1array1(_x1,_x2) = d1array6(_x1,_x2,_N3)
main = 0
x1 = (_N3+0)

3. Other axioms:
d1array2(_x1,_x2,(_n1+1)) = ite(((_x1=a) and (_x2=(_n1+0))),42,d1array2(_x1,_x2,_n1))
d1array2(_x1,_x2,0) = d1array(_x1,_x2)
(_N1>=(__VERIFIER_nondet_int2-0))
(_n1<_N1) -> ((_n1+0)<__VERIFIER_nondet_int2)
d1array4(_x1,_x2,(_n2+1)) = ite(((_x1=a) and (_x2=(_n2+0))),43,d1array4(_x1,_x2,_n2))
d1array4(_x1,_x2,0) = d1array2(_x1,_x2,_N1)
(_N2>=(__VERIFIER_nondet_int2-0))
(_n2<_N2) -> ((_n2+0)<__VERIFIER_nondet_int2)
d1array6(_x1,_x2,(_n3+1)) = d1array6(_x1,_x2,_n3)
d1array6(_x1,_x2,0) = d1array4(_x1,_x2,_N2)
(_N3>=(__VERIFIER_nondet_int2-0))
(_n3<_N3) -> ((_n3+0)<__VERIFIER_nondet_int2)

4. Assumption :

5. Assertion :
(d1array6(a,(_n3+0),_N3)==43)
Strategy applied A-1
Successfully Proved
VIAP_STANDARD_OUTPUT_True
FINISHED CPU 17.85 MEM 0 MAXMEM 432704 STALE 1
<time name="ALL">17090</time>
