int
int
Program Body
{
  int SIZE;
  int RET;
  RET = 0;
  int _1_PROVE = 0;
  SIZE = __VERIFIER_nondet_int();
  if (SIZE <= 0)
  {
    RET = 1;
  }

  if (SIZE > 0)
  {
    int i;
    int a[SIZE];
    int sum[1];
    sum[0] = 0;
    i = 0;
    while (i < SIZE)
    {
      a[i] = __VERIFIER_nondet_int();
      i = i + 1;
    }

    i = 0;
    while (i < SIZE)
    {
      sum[0] = sum[0] + a[i];
      i = i + 1;
    }

    i = 0;
    while (i < SIZE)
    {
      sum[0] = sum[0] - a[i];
      i = i + 1;
    }

    i = 0;
    while (i < SIZE)
    {
      sum[0] = sum[0] + a[i];
      i = i + 1;
    }

    i = 0;
    while (i < SIZE)
    {
      sum[0] = sum[0] - a[i];
      i = i + 1;
    }

    i = 0;
    while (i < SIZE)
    {
      sum[0] = sum[0] + a[i];
      i = i + 1;
    }

    i = 0;
    while (i < SIZE)
    {
      sum[0] = sum[0] - a[i];
      i = i + 1;
    }

    i = 0;
    while (i < SIZE)
    {
      sum[0] = sum[0] + a[i];
      i = i + 1;
    }

    i = 0;
    while (i < SIZE)
    {
      sum[0] = sum[0] - a[i];
      i = i + 1;
    }

    i = 0;
    while (i < SIZE)
    {
      sum[0] = sum[0] + a[i];
      i = i + 1;
    }

    i = 0;
    while (i < SIZE)
    {
      sum[0] = sum[0] - a[i];
      i = i + 1;
    }

    _1_PROVE = sum[0] == 0;
    RET = 1;
  }

}

Function Name:
main
Return Type:
int
Input Variables:
{}
Local Variables:
{ a:array i:int sum:array _1_PROVE:int RET:int SIZE:int}

Output in normal notation:
1. Frame axioms:
a1 = a
sum1 = sum

2. Output equations:
i1 = ite((__VERIFIER_nondet_int2>0),(_N11+0),i)
d1array1(_x1,_x2) = ite((__VERIFIER_nondet_int2>0),d1array23(_x1,_x2,_N11),d1array(_x1,_x2))
main = ite((__VERIFIER_nondet_int2>0),1,ite((__VERIFIER_nondet_int2<=0),1,0))
SIZE1 = __VERIFIER_nondet_int2

3. Other axioms:
d1array3(_x1,_x2,(_n1+1)) = ite(((_x1=a) and (_x2=(_n1+0))),__VERIFIER_nondet_int3(_n1),d1array3(_x1,_x2,_n1))
d1array3(_x1,_x2,0) = ite(((_x1=sum) and (_x2=0)),0,d1array(_x1,_x2))
(_N1>=(__VERIFIER_nondet_int2-0))
(_n1<_N1) -> ((_n1+0)<__VERIFIER_nondet_int2)
d1array5(_x1,_x2,(_n2+1)) = ite(((_x1=sum) and (_x2=0)),(d1array5(sum,0,_n2)+d1array5(a,(_n2+0),_n2)),d1array5(_x1,_x2,_n2))
d1array5(_x1,_x2,0) = d1array3(_x1,_x2,_N1)
(_N2>=(__VERIFIER_nondet_int2-0))
(_n2<_N2) -> ((_n2+0)<__VERIFIER_nondet_int2)
d1array7(_x1,_x2,(_n3+1)) = ite(((_x1=sum) and (_x2=0)),(d1array7(sum,0,_n3)-d1array7(a,(_n3+0),_n3)),d1array7(_x1,_x2,_n3))
d1array7(_x1,_x2,0) = d1array5(_x1,_x2,_N2)
(_N3>=(__VERIFIER_nondet_int2-0))
(_n3<_N3) -> ((_n3+0)<__VERIFIER_nondet_int2)
d1array9(_x1,_x2,(_n4+1)) = ite(((_x1=sum) and (_x2=0)),(d1array9(sum,0,_n4)+d1array9(a,(_n4+0),_n4)),d1array9(_x1,_x2,_n4))
d1array9(_x1,_x2,0) = d1array7(_x1,_x2,_N3)
(_N4>=(__VERIFIER_nondet_int2-0))
(_n4<_N4) -> ((_n4+0)<__VERIFIER_nondet_int2)
d1array11(_x1,_x2,(_n5+1)) = ite(((_x1=sum) and (_x2=0)),(d1array11(sum,0,_n5)-d1array11(a,(_n5+0),_n5)),d1array11(_x1,_x2,_n5))
d1array11(_x1,_x2,0) = d1array9(_x1,_x2,_N4)
(_N5>=(__VERIFIER_nondet_int2-0))
(_n5<_N5) -> ((_n5+0)<__VERIFIER_nondet_int2)
d1array13(_x1,_x2,(_n6+1)) = ite(((_x1=sum) and (_x2=0)),(d1array13(sum,0,_n6)+d1array13(a,(_n6+0),_n6)),d1array13(_x1,_x2,_n6))
d1array13(_x1,_x2,0) = d1array11(_x1,_x2,_N5)
(_N6>=(__VERIFIER_nondet_int2-0))
(_n6<_N6) -> ((_n6+0)<__VERIFIER_nondet_int2)
d1array15(_x1,_x2,(_n7+1)) = ite(((_x1=sum) and (_x2=0)),(d1array15(sum,0,_n7)-d1array15(a,(_n7+0),_n7)),d1array15(_x1,_x2,_n7))
d1array15(_x1,_x2,0) = d1array13(_x1,_x2,_N6)
(_N7>=(__VERIFIER_nondet_int2-0))
(_n7<_N7) -> ((_n7+0)<__VERIFIER_nondet_int2)
d1array17(_x1,_x2,(_n8+1)) = ite(((_x1=sum) and (_x2=0)),(d1array17(sum,0,_n8)+d1array17(a,(_n8+0),_n8)),d1array17(_x1,_x2,_n8))
d1array17(_x1,_x2,0) = d1array15(_x1,_x2,_N7)
(_N8>=(__VERIFIER_nondet_int2-0))
(_n8<_N8) -> ((_n8+0)<__VERIFIER_nondet_int2)
d1array19(_x1,_x2,(_n9+1)) = ite(((_x1=sum) and (_x2=0)),(d1array19(sum,0,_n9)-d1array19(a,(_n9+0),_n9)),d1array19(_x1,_x2,_n9))
d1array19(_x1,_x2,0) = d1array17(_x1,_x2,_N8)
(_N9>=(__VERIFIER_nondet_int2-0))
(_n9<_N9) -> ((_n9+0)<__VERIFIER_nondet_int2)
d1array21(_x1,_x2,(_n10+1)) = iTIMEOUT CPU 60.02 MEM 544188 MAXMEM 544188 STALE 0
<time name="ALL">58680</time>
