(define-fun i_4_i.122 () Int
  0)
(define-fun c_8_arr () (Array Int Int)
  (store ((as const (Array Int Int)) 6) 0 1))
(define-fun i_2_i.027 () Int
  0)
(define-fun c_7_arr () (Array Int Int)
  (store ((as const (Array Int Int)) 6) 0 7721))
(define-fun c_10_arr () (Array Int Int)
  (store ((as const (Array Int Int)) 6) 0 7721))
(define-fun c_19_arr () (Array Int Int)
  (store ((as const (Array Int Int)) 7) 1 2))
(define-fun c_13_arr () (Array Int Int)
  ((as const (Array Int Int)) 7))
(define-fun c_11_arr () (Array Int Int)
  (store ((as const (Array Int Int)) 6) 0 7721))
(define-fun c_20_arr () (Array Int Int)
  (store ((as const (Array Int Int)) 7) 1 3))
(define-fun c_9_arr () (Array Int Int)
  (store ((as const (Array Int Int)) 6) 0 7721))
(define-fun c_18_arr () (Array Int Int)
  (store ((as const (Array Int Int)) 7) 1 3))
(define-fun c_5_arr () (Array Int Int)
  (store ((as const (Array Int Int)) 8) 0 7721))
(define-fun c_2_arr () (Array Int Int)
  ((as const (Array Int Int)) 6))
(define-fun c_16_arr () (Array Int Int)
  (store ((as const (Array Int Int)) 9) 1 3))
(define-fun c_14_arr () (Array Int Int)
  ((as const (Array Int Int)) 9))
(define-fun c_6_arr () (Array Int Int)
  (store ((as const (Array Int Int)) 8) 0 7721))
(define-fun i_5_i.220 () Int
  0)
(define-fun c_3_arr () (Array Int Int)
  ((as const (Array Int Int)) 8))
(define-fun c_17_arr () (Array Int Int)
  (store ((as const (Array Int Int)) 9) 1 3))
(define-fun c_21_arr () (Array Int Int)
  (store ((as const (Array Int Int)) 7) 1 3))
(define-fun c_23_arr () (Array Int Int)
  (store ((as const (Array Int Int)) 9) 1 3))
(define-fun c_22_arr () (Array Int Int)
  (store ((as const (Array Int Int)) 7) 1 3))
(define-fun c_12_arr () (Array Int Int)
  (store ((as const (Array Int Int)) 8) 0 7721))
(define-fun i_9_ret_val () Int
  1)
(define-fun i_6_ret_val () Int
  1)

VAJRA_VERIFICATION_FAILED

FINISHED CPU 0.10 MEM 220328 MAXMEM 220328 STALE 0
<time name="ALL">120</time>
