(define-fun c_25_arr () (Array Int Int)
  ((as const (Array Int Int)) 0))
(define-fun c_39_arr () (Array Int Int)
  (store ((as const (Array Int Int)) 0) 1 47))
(define-fun c_24_arr () (Array Int Int)
  ((as const (Array Int Int)) 0))
(define-fun c_37_arr () (Array Int Int)
  (store ((as const (Array Int Int)) 0) 1 46))
(define-fun c_23_arr () (Array Int Int)
  ((as const (Array Int Int)) 0))
(define-fun c_35_arr () (Array Int Int)
  (store ((as const (Array Int Int)) 0) 1 45))
(define-fun c_22_arr () (Array Int Int)
  ((as const (Array Int Int)) 0))
(define-fun c_33_arr () (Array Int Int)
  (store ((as const (Array Int Int)) 0) 1 44))
(define-fun c_21_arr () (Array Int Int)
  ((as const (Array Int Int)) 0))
(define-fun c_31_arr () (Array Int Int)
  (store ((as const (Array Int Int)) 0) 1 43))
(define-fun c_26_arr () (Array Int Int)
  ((as const (Array Int Int)) 0))
(define-fun c_29_arr () (Array Int Int)
  (store ((as const (Array Int Int)) 0) 1 42))
(define-fun i_8_x.026 () Int
  0)
(define-fun c_6_arr () (Array Int Int)
  ((as const (Array Int Int)) 0))
(define-fun c_20_arr () (Array Int Int)
  (store ((as const (Array Int Int)) 0) 0 47))
(define-fun i_7_i.528 () Int
  0)
(define-fun c_5_arr () (Array Int Int)
  ((as const (Array Int Int)) 0))
(define-fun c_18_arr () (Array Int Int)
  (store ((as const (Array Int Int)) 0) 0 46))
(define-fun i_6_i.433 () Int
  0)
(define-fun c_4_arr () (Array Int Int)
  ((as const (Array Int Int)) 0))
(define-fun c_16_arr () (Array Int Int)
  (store ((as const (Array Int Int)) 0) 0 45))
(define-fun i_5_i.338 () Int
  0)
(define-fun c_3_arr () (Array Int Int)
  ((as const (Array Int Int)) 0))
(define-fun c_14_arr () (Array Int Int)
  (store ((as const (Array Int Int)) 0) 0 44))
(define-fun i_4_i.243 () Int
  0)
(define-fun c_2_arr () (Array Int Int)
  ((as const (Array Int Int)) 0))
(define-fun c_12_arr () (Array Int Int)
  (store ((as const (Array Int Int)) 0) 0 43))
(define-fun i_3_i.148 () Int
  0)
(define-fun c_7_arr () (Array Int Int)
  ((as const (Array Int Int)) 0))
(define-fun c_10_arr () (Array Int Int)
  (store ((as const (Array Int Int)) 0) 0 42))
(define-fun i_2_i.053 () Int
  0)
(define-fun i_11_ret_val () Int
  0)
(define-fun c_38_arr () (Array Int Int)
  (store ((as const (Array Int Int)) 0) 1 47))
(define-fun c_36_arr () (Array Int Int)
  (store ((as const (Array Int Int)) 0) 1 46))
(define-fun c_34_arr () (Array Int Int)
  (store ((as const (Array Int Int)) 0) 1 45))
(define-fun c_32_arr () (Array Int Int)
  (store ((as const (Array Int Int)) 0) 1 44))
(define-fun c_30_arr () (Array Int Int)
  (store ((as const (Array Int Int)) 0) 1 43))
(define-fun c_28_arr () (Array Int Int)
  (store ((as const (Array Int Int)) 0) 1 42))
(define-fun i_9_ret_val () Int
  0)
(define-fun c_19_arr () (Array Int Int)
  (store ((as const (Array Int Int)) 0) 0 47))
(define-fun c_17_arr () (Array Int Int)
  (store ((as const (Array Int Int)) 0) 0 46))
(define-fun c_15_arr () (Array Int Int)
  (store ((as const (Array Int Int)) 0) 0 45))
(define-fun c_13_arr () (Array Int Int)
  (store ((as const (Array Int Int)) 0) 0 44))
(define-fun c_11_arr () (Array Int Int)
  (store ((as const (Array Int Int)) 0) 0 43))
(define-fun c_9_arr () (Array Int Int)
  (store ((as const (Array Int Int)) 0) 0 42))

VAJRA_VERIFICATION_FAILED

FINISHED CPU 0.23 MEM 0 MAXMEM 146692 STALE 0
<time name="ALL">240</time>
