(define-fun c_37_arr () (Array Int Int)
  ((as const (Array Int Int)) 0))
(define-fun c_57_arr () (Array Int Int)
  (store ((as const (Array Int Int)) 0) 1 50))
(define-fun c_36_arr () (Array Int Int)
  ((as const (Array Int Int)) 0))
(define-fun c_55_arr () (Array Int Int)
  (store ((as const (Array Int Int)) 0) 1 49))
(define-fun c_35_arr () (Array Int Int)
  ((as const (Array Int Int)) 0))
(define-fun c_53_arr () (Array Int Int)
  (store ((as const (Array Int Int)) 0) 1 48))
(define-fun c_34_arr () (Array Int Int)
  ((as const (Array Int Int)) 0))
(define-fun c_51_arr () (Array Int Int)
  (store ((as const (Array Int Int)) 0) 1 47))
(define-fun c_33_arr () (Array Int Int)
  ((as const (Array Int Int)) 0))
(define-fun c_49_arr () (Array Int Int)
  (store ((as const (Array Int Int)) 0) 1 46))
(define-fun c_32_arr () (Array Int Int)
  ((as const (Array Int Int)) 0))
(define-fun c_47_arr () (Array Int Int)
  (store ((as const (Array Int Int)) 0) 1 45))
(define-fun c_31_arr () (Array Int Int)
  ((as const (Array Int Int)) 0))
(define-fun c_45_arr () (Array Int Int)
  (store ((as const (Array Int Int)) 0) 1 44))
(define-fun c_30_arr () (Array Int Int)
  ((as const (Array Int Int)) 0))
(define-fun c_43_arr () (Array Int Int)
  (store ((as const (Array Int Int)) 0) 1 43))
(define-fun c_38_arr () (Array Int Int)
  ((as const (Array Int Int)) 0))
(define-fun c_41_arr () (Array Int Int)
  (store ((as const (Array Int Int)) 0) 1 42))
(define-fun i_11_x.038 () Int
  0)
(define-fun c_9_arr () (Array Int Int)
  ((as const (Array Int Int)) 0))
(define-fun c_29_arr () (Array Int Int)
  (store ((as const (Array Int Int)) 0) 0 50))
(define-fun i_10_i.840 () Int
  0)
(define-fun c_8_arr () (Array Int Int)
  ((as const (Array Int Int)) 0))
(define-fun c_27_arr () (Array Int Int)
  (store ((as const (Array Int Int)) 0) 0 49))
(define-fun i_9_i.745 () Int
  0)
(define-fun c_7_arr () (Array Int Int)
  ((as const (Array Int Int)) 0))
(define-fun c_25_arr () (Array Int Int)
  (store ((as const (Array Int Int)) 0) 0 48))
(define-fun i_8_i.650 () Int
  0)
(define-fun c_6_arr () (Array Int Int)
  ((as const (Array Int Int)) 0))
(define-fun c_23_arr () (Array Int Int)
  (store ((as const (Array Int Int)) 0) 0 47))
(define-fun i_7_i.555 () Int
  0)
(define-fun c_5_arr () (Array Int Int)
  ((as const (Array Int Int)) 0))
(define-fun c_21_arr () (Array Int Int)
  (store ((as const (Array Int Int)) 0) 0 46))
(define-fun i_6_i.460 () Int
  0)
(define-fun c_4_arr () (Array Int Int)
  ((as const (Array Int Int)) 0))
(define-fun c_19_arr () (Array Int Int)
  (store ((as const (Array Int Int)) 0) 0 45))
(define-fun i_5_i.365 () Int
  0)
(define-fun c_3_arr () (Array Int Int)
  ((as const (Array Int Int)) 0))
(define-fun c_17_arr () (Array Int Int)
  (store ((as const (Array Int Int)) 0) 0 44))
(define-fun i_4_i.270 () Int
  0)
(define-fun c_2_arr () (Array Int Int)
  ((as const (Array Int Int)) 0))
(define-fun c_15_arr () (Array Int Int)
  (store ((as const (Array Int Int)) 0) 0 43))
(define-fun i_3_i.175 () Int
  0)
(define-fun c_10_arr () (Array Int Int)
  ((as const (Array Int Int)) 0))
(define-fun c_13_arr () (Array Int Int)
  (store ((as const (Array Int Int)) 0) 0 42))
(define-fun i_2_i.080 () Int
  0)
(define-fun i_14_ret_val () Int
  0)
(define-fun c_56_arr () (Array Int Int)
  (store ((as const (Array Int Int)) 0) 1 50))
(define-fun c_54_arr () (Array Int Int)
  (store ((as const (Array Int Int)) 0) 1 49))
(define-fun c_52_arr () (Array Int Int)
  (store ((as const (Array Int Int)) 0) 1 48))
(define-fun c_50_arr () (Array Int Int)
  (store ((as const (Array Int Int)) 0) 1 47))
(define-fun c_48_arr () (Array Int Int)
  (store ((as const (Array Int Int)) 0) 1 46))
(define-fun c_46_arr () (Array Int Int)
  (store ((as const (Array Int Int)) 0) 1 45))
(define-fun c_44_arr () (Array Int Int)
  (store ((as const (Array Int Int)) 0) 1 44))
(define-fun c_42_arr () (Array Int Int)
  (store ((as const (Array Int Int)) 0) 1 43))
(define-fun c_40_arr () (Array Int Int)
  (store ((as const (Array Int Int)) 0) 1 42))
(define-fun i_12_ret_val () Int
  0)
(define-fun c_28_arr () (Array Int Int)
  (store ((as const (Array Int Int)) 0) 0 50))
(define-fun c_26_arr () (Array Int Int)
  (store ((as const (Array Int Int)) 0) 0 49))
(define-fun c_24_arr () (Array Int Int)
  (store ((as const (Array Int Int)) 0) 0 48))
(define-fun c_22_arr () (Array Int Int)
  (store ((as const (Array Int Int)) 0) 0 47))
(define-fun c_20_arr () (Array Int Int)
  (store ((as const (Array Int Int)) 0) 0 46))
(define-fun c_18_arr () (Array Int Int)
  (store ((as const (Array Int Int)) 0) 0 45))
(define-fun c_16_arr () (Array Int Int)
  (store ((as const (Array Int Int)) 0) 0 44))
(define-fun c_14_arr () (Array Int Int)
  (store ((as const (Array Int Int)) 0) 0 43))
(define-fun c_12_arr () (Array Int Int)
  (store ((as const (Array Int Int)) 0) 0 42))

VAJRA_VERIFICATION_FAILED

FINISHED CPU 0.36 MEM 220680 MAXMEM 220680 STALE 0
<time name="ALL">380</time>
