(define-fun i_8_i.597 () Int
  0)
(define-fun c_8_arr () (Array Int Int)
  ((as const (Array Int Int)) 29))
(define-fun c_41_arr () (Array Int Int)
  (store ((as const (Array Int Int)) 30) 0 5))
(define-fun c_21_arr () (Array Int Int)
  (store ((as const (Array Int Int)) 24) 0 2245))
(define-fun c_40_arr () (Array Int Int)
  (store ((as const (Array Int Int)) 30) 0 5))
(define-fun c_30_arr () (Array Int Int)
  (store ((as const (Array Int Int)) 27) 0 5))
(define-fun c_18_arr () (Array Int Int)
  (store ((as const (Array Int Int)) 23) 0 5))
(define-fun i_6_i.3107 () Int
  0)
(define-fun c_4_arr () (Array Int Int)
  ((as const (Array Int Int)) 25))
(define-fun c_35_arr () (Array Int Int)
  (store ((as const (Array Int Int)) 28) 0 5))
(define-fun c_6_arr () (Array Int Int)
  ((as const (Array Int Int)) 27))
(define-fun c_46_arr () (Array Int Int)
  (store ((as const (Array Int Int)) 32) 0 5))
(define-fun c_37_arr () (Array Int Int)
  (store ((as const (Array Int Int)) 29) 0 2245))
(define-fun c_7_arr () (Array Int Int)
  ((as const (Array Int Int)) 28))
(define-fun c_32_arr () (Array Int Int)
  (store ((as const (Array Int Int)) 27) 0 2245))
(define-fun c_24_arr () (Array Int Int)
  (store ((as const (Array Int Int)) 25) 0 5))
(define-fun c_38_arr () (Array Int Int)
  (store ((as const (Array Int Int)) 29) 0 2245))
(define-fun c_47_arr () (Array Int Int)
  (store ((as const (Array Int Int)) 32) 0 5))
(define-fun c_23_arr () (Array Int Int)
  (store ((as const (Array Int Int)) 24) 0 5))
(define-fun c_34_arr () (Array Int Int)
  (store ((as const (Array Int Int)) 28) 0 5))
(define-fun i_7_i.4102 () Int
  0)
(define-fun c_29_arr () (Array Int Int)
  (store ((as const (Array Int Int)) 26) 0 5))
(define-fun c_9_arr () (Array Int Int)
  ((as const (Array Int Int)) 30))
(define-fun c_22_arr () (Array Int Int)
  (store ((as const (Array Int Int)) 24) 0 5))
(define-fun c_71_arr () (Array Int Int)
  ((as const (Array Int Int)) 34))
(define-fun c_2_arr () (Array Int Int)
  ((as const (Array Int Int)) 23))
(define-fun c_31_arr () (Array Int Int)
  (store ((as const (Array Int Int)) 27) 0 2245))
(define-fun c_16_arr () (Array Int Int)
  (store ((as const (Array Int Int)) 33) 0 2240))
(define-fun c_36_arr () (Array Int Int)
  (store ((as const (Array Int Int)) 29) 0 5))
(define-fun c_28_arr () (Array Int Int)
  (store ((as const (Array Int Int)) 26) 0 5))
(define-fun c_73_arr () (Array Int Int)
  (store ((as const (Array Int Int)) 34) 1 8))
(define-fun i_13_i.1075 () Int
  0)
(define-fun c_17_arr () (Array Int Int)
  (store ((as const (Array Int Int)) 33) 0 2240))
(define-fun c_25_arr () (Array Int Int)
  (store ((as const (Array Int Int)) 25) 0 2245))
(define-fun c_39_arr () (Array Int Int)
  (store ((as const (Array Int Int)) 30) 0 2245))
(define-fun c_45_arr () (Array Int Int)
  (store ((as const (Array Int Int)) 32) 0 2245))
(define-fun c_19_arr () (Array Int Int)
  (store ((as const (Array Int Int)) 23) 0 2245))
(define-fun i_12_i.977 () Int
  0)
(define-fun c_11_arr () (Array Int Int)
  ((as const (Array Int Int)) 32))
(define-fun c_20_arr () (Array Int Int)
  (store ((as const (Array Int Int)) 23) 0 2245))
(define-fun c_33_arr () (Array Int Int)
  (store ((as const (Array Int Int)) 28) 0 2245))
(define-fun c_44_arr () (Array Int Int)
  (store ((as const (Array Int Int)) 31) 0 2245))
(define-fun c_43_arr () (Array Int Int)
  (store ((as const (Array Int Int)) 31) 0 2245))
(define-fun i_5_i.2112 () Int
  0)
(define-fun i_9_i.692 () Int
  0)
(define-fun c_27_arr () (Array Int Int)
  (store ((as const (Array Int Int)) 26) 0 2245))
(define-fun i_11_i.882 () Int
  0)
(define-fun c_57_arr () (Array Int Int)
  (store ((as const (Array Int Int)) 32) 0 5))
(define-fun c_10_arr () (Array Int Int)
  ((as const (Array Int Int)) 31))
(define-fun i_2_i.0122 () Int
  0)
(define-fun c_13_arr () (Array Int Int)
  ((as const (Array Int Int)) 33))
(define-fun c_26_arr () (Array Int Int)
  (store ((as const (Array Int Int)) 25) 0 2245))
(define-fun c_42_arr () (Array Int Int)
  (store ((as const (Array Int Int)) 31) 0 5))
(define-fun c_12_arr () (Array Int Int)
  ((as const (Array Int Int)) 22))
(define-fun c_5_arr () (Array Int Int)
  ((as const (Array Int Int)) 26))
(define-fun i_4_i.1117 () Int
  0)
(define-fun i_10_i.787 () Int
  0)
(define-fun c_3_arr () (Array Int Int)
  ((as const (Array Int Int)) 24))
(define-fun c_15_arr () (Array Int Int)
  (store ((as const (Array Int Int)) 22) 0 5))
(define-fun c_74_arr () (Array Int Int)
  (store ((as const (Array Int Int)) 34) 1 8))
(define-fun c_69_arr () (Array Int Int)
  ((as const (Array Int Int)) 0))
(define-fun c_101_arr () (Array Int Int)
  (store ((as const (Array Int Int)) 0) 0 8))
(define-fun c_68_arr () (Array Int Int)
  ((as const (Array Int Int)) 0))
(define-fun c_98_arr () (Array Int Int)
  (store ((as const (Array Int Int)) 0) 0 8))
(define-fun c_67_arr () (Array Int Int)
  ((as const (Array Int Int)) 0))
(define-fun c_95_arr () (Array Int Int)
  (store ((as const (Array Int Int)) 0) 0 8))
(define-fun c_66_arr () (Array Int Int)
  ((as const (Array Int Int)) 0))
(define-fun c_92_arr () (Array Int Int)
  (store ((as const (Array Int Int)) 0) 0 8))
(define-fun c_65_arr () (Array Int Int)
  ((as const (Array Int Int)) 0))
(define-fun c_89_arr () (Array Int Int)
  (store ((as const (Array Int Int)) 0) 0 8))
(define-fun c_64_arr () (Array Int Int)
  ((as const (Array Int Int)) 0))
(define-fun c_86_arr () (Array Int Int)
  (store ((as const (Array Int Int)) 0) 0 8))
(define-fun c_63_arr () (Array Int Int)
  ((as const (Array Int Int)) 0))
(define-fun c_83_arr () (Array Int Int)
  (store ((as const (Array Int Int)) 0) 0 8))
(define-fun c_62_arr () (Array Int Int)
  ((as const (Array Int Int)) 0))
(define-fun c_80_arr () (Array Int Int)
  (store ((as const (Array Int Int)) 0) 0 8))
(define-fun c_61_arr () (Array Int Int)
  ((as const (Array Int Int)) 0))
(define-fun c_77_arr () (Array Int Int)
  (store ((as const (Array Int Int)) 0) 0 8))
(define-fun c_102_arr () (Array Int Int)
  ((as const (Array Int Int)) 0))
(define-fun c_99_arr () (Array Int Int)
  (store ((as const (Array Int Int)) 0) 0 16))
(define-fun c_96_arr () (Array Int Int)
  ((as const (Array Int Int)) 0))
(define-fun c_93_arr () (Array Int Int)
  (store ((as const (Array Int Int)) 0) 0 16))
(define-fun c_90_arr () (Array Int Int)
  ((as const (Array Int Int)) 0))
(define-fun c_87_arr () (Array Int Int)
  (store ((as const (Array Int Int)) 0) 0 16))
(define-fun c_84_arr () (Array Int Int)
  ((as const (Array Int Int)) 0))
(define-fun c_81_arr () (Array Int Int)
  (store ((as const (Array Int Int)) 0) 0 16))
(define-fun c_78_arr () (Array Int Int)
  ((as const (Array Int Int)) 0))
(define-fun c_60_arr () (Array Int Int)
  ((as const (Array Int Int)) 0))
(define-fun c_75_arr () (Array Int Int)
  (store ((as const (Array Int Int)) 0) 0 8))
(define-fun c_103_arr () (Array Int Int)
  ((as const (Array Int Int)) 0))
(define-fun c_100_arr () (Array Int Int)
  (store ((as const (Array Int Int)) 0) 0 16))
(define-fun c_97_arr () (Array Int Int)
  ((as const (Array Int Int)) 0))
(define-fun c_94_arr () (Array Int Int)
  (store ((as const (Array Int Int)) 0) 0 16))
(define-fun c_91_arr () (Array Int Int)
  ((as const (Array Int Int)) 0))
(define-fun c_88_arr () (Array Int Int)
  (store ((as const (Array Int Int)) 0) 0 16))
(define-fun c_85_arr () (Array Int Int)
  ((as const (Array Int Int)) 0))
(define-fun c_82_arr () (Array Int Int)
  (store ((as const (Array Int Int)) 0) 0 16))
(define-fun c_79_arr () (Array Int Int)
  ((as const (Array Int Int)) 0))
(define-fun c_76_arr () (Array Int Int)
  (store ((as const (Array Int Int)) 0) 0 8))
(define-fun c_114_arr () (Array Int Int)
  (store ((as const (Array Int Int)) 34) 1 8))
(define-fun c_113_arr () (Array Int Int)
  ((as const (Array Int Int)) 0))
(define-fun c_112_arr () (Array Int Int)
  (store ((as const (Array Int Int)) 0) 0 16))
(define-fun c_111_arr () (Array Int Int)
  ((as const (Array Int Int)) 0))
(define-fun c_110_arr () (Array Int Int)
  (store ((as const (Array Int Int)) 0) 0 16))
(define-fun c_109_arr () (Array Int Int)
  ((as const (Array Int Int)) 0))
(define-fun c_108_arr () (Array Int Int)
  (store ((as const (Array Int Int)) 0) 0 16))
(define-fun c_107_arr () (Array Int Int)
  ((as const (Array Int Int)) 0))
(define-fun c_106_arr () (Array Int Int)
  (store ((as const (Array Int Int)) 0) 0 16))
(define-fun c_105_arr () (Array Int Int)
  ((as const (Array Int Int)) 0))
(define-fun c_104_arr () (Array Int Int)
  (store ((as const (Array Int Int)) 0) 0 8))
(define-fun c_59_arr () (Array Int Int)
  (store ((as const (Array Int Int)) 33) 0 2240))
(define-fun c_58_arr () (Array Int Int)
  (store ((as const (Array Int Int)) 22) 0 5))
(define-fun c_56_arr () (Array Int Int)
  (store ((as const (Array Int Int)) 31) 0 2245))
(define-fun c_55_arr () (Array Int Int)
  (store ((as const (Array Int Int)) 30) 0 5))
(define-fun c_54_arr () (Array Int Int)
  (store ((as const (Array Int Int)) 29) 0 2245))
(define-fun c_53_arr () (Array Int Int)
  (store ((as const (Array Int Int)) 28) 0 5))
(define-fun c_52_arr () (Array Int Int)
  (store ((as const (Array Int Int)) 27) 0 2245))
(define-fun c_51_arr () (Array Int Int)
  (store ((as const (Array Int Int)) 26) 0 5))
(define-fun c_50_arr () (Array Int Int)
  (store ((as const (Array Int Int)) 25) 0 2245))
(define-fun c_49_arr () (Array Int Int)
  (store ((as const (Array Int Int)) 24) 0 5))
(define-fun c_48_arr () (Array Int Int)
  (store ((as const (Array Int Int)) 23) 0 2245))
(define-fun i_17_ret_val () Int
  1)
(define-fun i_14_ret_val () Int
  1)

VAJRA_VERIFICATION_FAILED

FINISHED CPU 1.39 MEM 221156 MAXMEM 221156 STALE 0
<time name="ALL">1410</time>
