(define-fun c_16_arr () (Array Int Int)
  ((as const (Array Int Int)) 0))
(define-fun c_25_arr () (Array Int Int)
  (store ((as const (Array Int Int)) 0) 1 1))
(define-fun c_15_arr () (Array Int Int)
  ((as const (Array Int Int)) 0))
(define-fun c_24_arr () (Array Int Int)
  (store ((as const (Array Int Int)) 0) 0 1))
(define-fun c_23_arr () (Array Int Int)
  (store ((as const (Array Int Int)) 0) 0 1))
(define-fun c_22_arr () (Array Int Int)
  (store ((as const (Array Int Int)) 0) 0 1))
(define-fun c_3_arr () (Array Int Int)
  ((as const (Array Int Int)) 0))
(define-fun c_14_arr () (Array Int Int)
  ((as const (Array Int Int)) 0))
(define-fun c_2_arr () (Array Int Int)
  ((as const (Array Int Int)) 0))
(define-fun c_13_arr () (Array Int Int)
  ((as const (Array Int Int)) 0))
(define-fun c_12_arr () (Array Int Int)
  ((as const (Array Int Int)) 0))
(define-fun c_11_arr () (Array Int Int)
  ((as const (Array Int Int)) 0))
(define-fun i_3_i.113 () Int
  0)
(define-fun i_2_i.015 () Int
  0)
(define-fun i_6_ret_val () Int
  1)
(define-fun c_21_arr () (Array Int Int)
  ((as const (Array Int Int)) 0))
(define-fun c_20_arr () (Array Int Int)
  (store ((as const (Array Int Int)) 0) 0 1))
(define-fun c_19_arr () (Array Int Int)
  (store ((as const (Array Int Int)) 0) 1 1))
(define-fun c_18_arr () (Array Int Int)
  (store ((as const (Array Int Int)) 0) 1 1))
(define-fun i_4_ret_val () Int
  1)
(define-fun c_10_arr () (Array Int Int)
  ((as const (Array Int Int)) 0))
(define-fun c_9_arr () (Array Int Int)
  ((as const (Array Int Int)) 0))
(define-fun c_6_arr () (Array Int Int)
  ((as const (Array Int Int)) 0))
(define-fun c_8_arr () (Array Int Int)
  ((as const (Array Int Int)) 0))
(define-fun c_7_arr () (Array Int Int)
  ((as const (Array Int Int)) 0))
(define-fun c_5_arr () (Array Int Int)
  ((as const (Array Int Int)) 0))

DIFFY_VERIFICATION_FAILED

FINISHED CPU 0.10 MEM 220504 MAXMEM 220504 STALE 0
<time name="ALL">120</time>
