(define-fun c_24_arr () (Array Int Int)
  ((as const (Array Int Int)) 0))
(define-fun c_37_arr () (Array Int Int)
  (store ((as const (Array Int Int)) 0) 0 6))
(define-fun c_2_arr () (Array Int Int)
  ((as const (Array Int Int)) 0))
(define-fun c_18_arr () (Array Int Int)
  (store ((as const (Array Int Int)) 0) 0 7))
(define-fun c_26_arr () (Array Int Int)
  ((as const (Array Int Int)) 0))
(define-fun c_33_arr () (Array Int Int)
  (store ((as const (Array Int Int)) 0) 1 6))
(define-fun c_4_arr () (Array Int Int)
  ((as const (Array Int Int)) 0))
(define-fun c_12_arr () (Array Int Int)
  (store ((as const (Array Int Int)) 0) 0 6))
(define-fun c_27_arr () (Array Int Int)
  ((as const (Array Int Int)) 0))
(define-fun c_41_arr () (Array Int Int)
  (store ((as const (Array Int Int)) 0) 1 1))
(define-fun c_40_arr () (Array Int Int)
  (store ((as const (Array Int Int)) 0) 1 6))
(define-fun c_39_arr () (Array Int Int)
  (store ((as const (Array Int Int)) 0) 0 6))
(define-fun c_38_arr () (Array Int Int)
  (store ((as const (Array Int Int)) 0) 0 6))
(define-fun c_5_arr () (Array Int Int)
  ((as const (Array Int Int)) 0))
(define-fun c_23_arr () (Array Int Int)
  (store ((as const (Array Int Int)) 0) 0 1))
(define-fun c_22_arr () (Array Int Int)
  (store ((as const (Array Int Int)) 0) 0 6))
(define-fun c_3_arr () (Array Int Int)
  ((as const (Array Int Int)) 0))
(define-fun c_21_arr () (Array Int Int)
  (store ((as const (Array Int Int)) 0) 0 1))
(define-fun c_20_arr () (Array Int Int)
  (store ((as const (Array Int Int)) 0) 0 7))
(define-fun c_19_arr () (Array Int Int)
  (store ((as const (Array Int Int)) 0) 0 7))
(define-fun i_7_ret_val () Int
  1)
(define-fun c_36_arr () (Array Int Int)
  (store ((as const (Array Int Int)) 0) 0 6))
(define-fun c_35_arr () (Array Int Int)
  ((as const (Array Int Int)) 0))
(define-fun c_34_arr () (Array Int Int)
  (store ((as const (Array Int Int)) 0) 1 6))
(define-fun c_32_arr () (Array Int Int)
  (store ((as const (Array Int Int)) 0) 1 6))
(define-fun c_31_arr () (Array Int Int)
  ((as const (Array Int Int)) 0))
(define-fun c_30_arr () (Array Int Int)
  (store ((as const (Array Int Int)) 0) 1 1))
(define-fun c_29_arr () (Array Int Int)
  (store ((as const (Array Int Int)) 0) 1 1))
(define-fun i_5_ret_val () Int
  1)
(define-fun c_17_arr () (Array Int Int)
  (store ((as const (Array Int Int)) 0) 0 7))
(define-fun c_16_arr () (Array Int Int)
  (store ((as const (Array Int Int)) 0) 0 6))
(define-fun i_4_i.234 () Int
  0)
(define-fun c_13_arr () (Array Int Int)
  (store ((as const (Array Int Int)) 0) 0 6))
(define-fun c_15_arr () (Array Int Int)
  (store ((as const (Array Int Int)) 0) 0 1))
(define-fun c_14_arr () (Array Int Int)
  (store ((as const (Array Int Int)) 0) 0 1))
(define-fun c_11_arr () (Array Int Int)
  (store ((as const (Array Int Int)) 0) 0 6))
(define-fun c_10_arr () (Array Int Int)
  ((as const (Array Int Int)) 0))
(define-fun c_9_arr () (Array Int Int)
  (store ((as const (Array Int Int)) 0) 0 1))
(define-fun i_3_i.136 () Int
  0)
(define-fun c_8_arr () (Array Int Int)
  (store ((as const (Array Int Int)) 0) 0 1))
(define-fun i_2_i.041 () Int
  0)
(define-fun c_7_arr () (Array Int Int)
  (store ((as const (Array Int Int)) 0) 0 1))

DIFFY_VERIFICATION_FAILED

FINISHED CPU 0.37 MEM 220804 MAXMEM 220804 STALE 0
<time name="ALL">390</time>
