(define-fun c_29_arr () (Array Int Int)
  ((as const (Array Int Int)) 0))
(define-fun c_45_arr () (Array Int Int)
  (store ((as const (Array Int Int)) 0) 1 48))
(define-fun c_28_arr () (Array Int Int)
  ((as const (Array Int Int)) 0))
(define-fun c_43_arr () (Array Int Int)
  (store ((as const (Array Int Int)) 0) 1 47))
(define-fun c_27_arr () (Array Int Int)
  ((as const (Array Int Int)) 0))
(define-fun c_41_arr () (Array Int Int)
  (store ((as const (Array Int Int)) 0) 1 46))
(define-fun c_26_arr () (Array Int Int)
  ((as const (Array Int Int)) 0))
(define-fun c_39_arr () (Array Int Int)
  (store ((as const (Array Int Int)) 0) 1 45))
(define-fun c_25_arr () (Array Int Int)
  ((as const (Array Int Int)) 0))
(define-fun c_37_arr () (Array Int Int)
  (store ((as const (Array Int Int)) 0) 1 44))
(define-fun c_24_arr () (Array Int Int)
  ((as const (Array Int Int)) 0))
(define-fun c_35_arr () (Array Int Int)
  (store ((as const (Array Int Int)) 0) 1 43))
(define-fun c_30_arr () (Array Int Int)
  ((as const (Array Int Int)) 0))
(define-fun c_33_arr () (Array Int Int)
  (store ((as const (Array Int Int)) 0) 1 42))
(define-fun i_9_x.030 () Int
  0)
(define-fun c_7_arr () (Array Int Int)
  ((as const (Array Int Int)) 0))
(define-fun c_23_arr () (Array Int Int)
  (store ((as const (Array Int Int)) 0) 0 48))
(define-fun i_8_i.632 () Int
  0)
(define-fun c_6_arr () (Array Int Int)
  ((as const (Array Int Int)) 0))
(define-fun c_21_arr () (Array Int Int)
  (store ((as const (Array Int Int)) 0) 0 47))
(define-fun i_7_i.537 () Int
  0)
(define-fun c_5_arr () (Array Int Int)
  ((as const (Array Int Int)) 0))
(define-fun c_19_arr () (Array Int Int)
  (store ((as const (Array Int Int)) 0) 0 46))
(define-fun i_6_i.442 () Int
  0)
(define-fun c_4_arr () (Array Int Int)
  ((as const (Array Int Int)) 0))
(define-fun c_17_arr () (Array Int Int)
  (store ((as const (Array Int Int)) 0) 0 45))
(define-fun i_5_i.347 () Int
  0)
(define-fun c_3_arr () (Array Int Int)
  ((as const (Array Int Int)) 0))
(define-fun c_15_arr () (Array Int Int)
  (store ((as const (Array Int Int)) 0) 0 44))
(define-fun i_4_i.252 () Int
  0)
(define-fun c_2_arr () (Array Int Int)
  ((as const (Array Int Int)) 0))
(define-fun c_13_arr () (Array Int Int)
  (store ((as const (Array Int Int)) 0) 0 43))
(define-fun i_3_i.157 () Int
  0)
(define-fun c_8_arr () (Array Int Int)
  ((as const (Array Int Int)) 0))
(define-fun c_11_arr () (Array Int Int)
  (store ((as const (Array Int Int)) 0) 0 42))
(define-fun i_2_i.062 () Int
  0)
(define-fun i_12_ret_val () Int
  0)
(define-fun c_44_arr () (Array Int Int)
  (store ((as const (Array Int Int)) 0) 1 48))
(define-fun c_42_arr () (Array Int Int)
  (store ((as const (Array Int Int)) 0) 1 47))
(define-fun c_40_arr () (Array Int Int)
  (store ((as const (Array Int Int)) 0) 1 46))
(define-fun c_38_arr () (Array Int Int)
  (store ((as const (Array Int Int)) 0) 1 45))
(define-fun c_36_arr () (Array Int Int)
  (store ((as const (Array Int Int)) 0) 1 44))
(define-fun c_34_arr () (Array Int Int)
  (store ((as const (Array Int Int)) 0) 1 43))
(define-fun c_32_arr () (Array Int Int)
  (store ((as const (Array Int Int)) 0) 1 42))
(define-fun i_10_ret_val () Int
  0)
(define-fun c_22_arr () (Array Int Int)
  (store ((as const (Array Int Int)) 0) 0 48))
(define-fun c_20_arr () (Array Int Int)
  (store ((as const (Array Int Int)) 0) 0 47))
(define-fun c_18_arr () (Array Int Int)
  (store ((as const (Array Int Int)) 0) 0 46))
(define-fun c_16_arr () (Array Int Int)
  (store ((as const (Array Int Int)) 0) 0 45))
(define-fun c_14_arr () (Array Int Int)
  (store ((as const (Array Int Int)) 0) 0 44))
(define-fun c_12_arr () (Array Int Int)
  (store ((as const (Array Int Int)) 0) 0 43))
(define-fun c_10_arr () (Array Int Int)
  (store ((as const (Array Int Int)) 0) 0 42))

DIFFY_VERIFICATION_FAILED

FINISHED CPU 0.36 MEM 0 MAXMEM 147072 STALE 0
<time name="ALL">360</time>
