(define-fun c_13_arr () (Array Int Int)
  ((as const (Array Int Int)) 0))
(define-fun c_21_arr () (Array Int Int)
  (store ((as const (Array Int Int)) 0) 1 44))
(define-fun c_12_arr () (Array Int Int)
  ((as const (Array Int Int)) 0))
(define-fun c_19_arr () (Array Int Int)
  (store ((as const (Array Int Int)) 0) 1 43))
(define-fun c_14_arr () (Array Int Int)
  ((as const (Array Int Int)) 0))
(define-fun c_17_arr () (Array Int Int)
  (store ((as const (Array Int Int)) 0) 1 42))
(define-fun i_5_x.014 () Int
  0)
(define-fun c_3_arr () (Array Int Int)
  ((as const (Array Int Int)) 0))
(define-fun c_11_arr () (Array Int Int)
  (store ((as const (Array Int Int)) 0) 0 44))
(define-fun i_4_i.216 () Int
  0)
(define-fun c_2_arr () (Array Int Int)
  ((as const (Array Int Int)) 0))
(define-fun c_9_arr () (Array Int Int)
  (store ((as const (Array Int Int)) 0) 0 43))
(define-fun i_3_i.121 () Int
  0)
(define-fun c_4_arr () (Array Int Int)
  ((as const (Array Int Int)) 0))
(define-fun c_7_arr () (Array Int Int)
  (store ((as const (Array Int Int)) 0) 0 42))
(define-fun i_2_i.026 () Int
  0)
(define-fun i_8_ret_val () Int
  0)
(define-fun c_20_arr () (Array Int Int)
  (store ((as const (Array Int Int)) 0) 1 44))
(define-fun c_18_arr () (Array Int Int)
  (store ((as const (Array Int Int)) 0) 1 43))
(define-fun c_16_arr () (Array Int Int)
  (store ((as const (Array Int Int)) 0) 1 42))
(define-fun i_6_ret_val () Int
  0)
(define-fun c_10_arr () (Array Int Int)
  (store ((as const (Array Int Int)) 0) 0 44))
(define-fun c_8_arr () (Array Int Int)
  (store ((as const (Array Int Int)) 0) 0 43))
(define-fun c_6_arr () (Array Int Int)
  (store ((as const (Array Int Int)) 0) 0 42))

DIFFY_VERIFICATION_FAILED

FINISHED CPU 0.10 MEM 146892 MAXMEM 146892 STALE 0
<time name="ALL">120</time>
