(define-fun c_8_arr () (Array Int Int)
  (store ((as const (Array Int Int)) 8) 0 2437))
(define-fun c_17_arr () (Array Int Int)
  (store ((as const (Array Int Int)) 7) 0 1))
(define-fun c_25_arr () (Array Int Int)
  (store ((as const (Array Int Int)) 9) 1 3))
(define-fun c_7_arr () (Array Int Int)
  (store ((as const (Array Int Int)) 5) 0 1))
(define-fun c_10_arr () (Array Int Int)
  (store ((as const (Array Int Int)) 6) 0 1))
(define-fun i_2_i.026 () Int
  0)
(define-fun c_13_arr () (Array Int Int)
  (store ((as const (Array Int Int)) 7) 0 2438))
(define-fun c_23_arr () (Array Int Int)
  ((as const (Array Int Int)) 9))
(define-fun i_4_i.121 () Int
  0)
(define-fun c_11_arr () (Array Int Int)
  (store ((as const (Array Int Int)) 6) 0 2438))
(define-fun c_12_arr () (Array Int Int)
  (store ((as const (Array Int Int)) 6) 0 2438))
(define-fun c_9_arr () (Array Int Int)
  (store ((as const (Array Int Int)) 8) 0 2437))
(define-fun c_5_arr () (Array Int Int)
  ((as const (Array Int Int)) 8))
(define-fun c_2_arr () (Array Int Int)
  ((as const (Array Int Int)) 6))
(define-fun c_14_arr () (Array Int Int)
  (store ((as const (Array Int Int)) 7) 0 1))
(define-fun c_4_arr () (Array Int Int)
  ((as const (Array Int Int)) 5))
(define-fun i_5_i.219 () Int
  0)
(define-fun c_3_arr () (Array Int Int)
  ((as const (Array Int Int)) 7))
(define-fun c_15_arr () (Array Int Int)
  (store ((as const (Array Int Int)) 7) 0 1))
(define-fun c_26_arr () (Array Int Int)
  (store ((as const (Array Int Int)) 9) 1 3))
(define-fun c_21_arr () (Array Int Int)
  ((as const (Array Int Int)) 0))
(define-fun c_29_arr () (Array Int Int)
  (store ((as const (Array Int Int)) 0) 0 3))
(define-fun c_30_arr () (Array Int Int)
  ((as const (Array Int Int)) 0))
(define-fun c_20_arr () (Array Int Int)
  ((as const (Array Int Int)) 0))
(define-fun c_27_arr () (Array Int Int)
  (store ((as const (Array Int Int)) 0) 0 3))
(define-fun c_31_arr () (Array Int Int)
  ((as const (Array Int Int)) 0))
(define-fun c_28_arr () (Array Int Int)
  (store ((as const (Array Int Int)) 0) 0 3))
(define-fun c_34_arr () (Array Int Int)
  (store ((as const (Array Int Int)) 9) 1 3))
(define-fun c_33_arr () (Array Int Int)
  ((as const (Array Int Int)) 0))
(define-fun c_32_arr () (Array Int Int)
  (store ((as const (Array Int Int)) 0) 0 3))
(define-fun c_19_arr () (Array Int Int)
  (store ((as const (Array Int Int)) 8) 0 2437))
(define-fun c_18_arr () (Array Int Int)
  (store ((as const (Array Int Int)) 5) 0 1))
(define-fun c_16_arr () (Array Int Int)
  (store ((as const (Array Int Int)) 6) 0 2438))
(define-fun i_9_ret_val () Int
  1)
(define-fun i_6_ret_val () Int
  1)

DIFFY_VERIFICATION_FAILED

FINISHED CPU 0.37 MEM 0 MAXMEM 220652 STALE 0
<time name="ALL">370</time>
