(define-fun c_8_arr () (Array Int Int)
  ((as const (Array Int Int)) 33))
(define-fun c_41_arr () (Array Int Int)
  (store ((as const (Array Int Int)) 34) 0 7975))
(define-fun c_55_arr () (Array Int Int)
  (store ((as const (Array Int Int)) 38) 0 5))
(define-fun c_21_arr () (Array Int Int)
  (store ((as const (Array Int Int)) 27) 0 1599))
(define-fun c_40_arr () (Array Int Int)
  (store ((as const (Array Int Int)) 33) 0 7975))
(define-fun c_48_arr () (Array Int Int)
  (store ((as const (Array Int Int)) 36) 0 3193))
(define-fun c_30_arr () (Array Int Int)
  (store ((as const (Array Int Int)) 30) 0 6381))
(define-fun c_54_arr () (Array Int Int)
  (store ((as const (Array Int Int)) 38) 0 5))
(define-fun c_18_arr () (Array Int Int)
  (store ((as const (Array Int Int)) 39) 0 1594))
(define-fun c_4_arr () (Array Int Int)
  ((as const (Array Int Int)) 29))
(define-fun c_35_arr () (Array Int Int)
  (store ((as const (Array Int Int)) 32) 0 7975))
(define-fun c_51_arr () (Array Int Int)
  (store ((as const (Array Int Int)) 37) 0 1599))
(define-fun c_6_arr () (Array Int Int)
  ((as const (Array Int Int)) 31))
(define-fun c_46_arr () (Array Int Int)
  (store ((as const (Array Int Int)) 35) 0 4787))
(define-fun c_37_arr () (Array Int Int)
  (store ((as const (Array Int Int)) 32) 0 9569))
(define-fun c_83_arr () (Array Int Int)
  ((as const (Array Int Int)) 40))
(define-fun c_7_arr () (Array Int Int)
  ((as const (Array Int Int)) 32))
(define-fun c_32_arr () (Array Int Int)
  (store ((as const (Array Int Int)) 31) 0 6381))
(define-fun c_24_arr () (Array Int Int)
  (store ((as const (Array Int Int)) 28) 0 3193))
(define-fun c_38_arr () (Array Int Int)
  (store ((as const (Array Int Int)) 33) 0 9569))
(define-fun c_47_arr () (Array Int Int)
  (store ((as const (Array Int Int)) 36) 0 4787))
(define-fun c_23_arr () (Array Int Int)
  (store ((as const (Array Int Int)) 28) 0 1599))
(define-fun i_5_i.2136 () Int
  0)
(define-fun c_34_arr () (Array Int Int)
  (store ((as const (Array Int Int)) 31) 0 7975))
(define-fun c_29_arr () (Array Int Int)
  (store ((as const (Array Int Int)) 30) 0 4787))
(define-fun c_22_arr () (Array Int Int)
  (store ((as const (Array Int Int)) 27) 0 1599))
(define-fun i_6_i.3131 () Int
  0)
(define-fun c_9_arr () (Array Int Int)
  ((as const (Array Int Int)) 34))
(define-fun c_2_arr () (Array Int Int)
  ((as const (Array Int Int)) 27))
(define-fun c_31_arr () (Array Int Int)
  (store ((as const (Array Int Int)) 30) 0 6381))
(define-fun c_14_arr () (Array Int Int)
  ((as const (Array Int Int)) 26))
(define-fun c_36_arr () (Array Int Int)
  (store ((as const (Array Int Int)) 32) 0 9569))
(define-fun c_28_arr () (Array Int Int)
  (store ((as const (Array Int Int)) 29) 0 4787))
(define-fun i_9_i.6116 () Int
  0)
(define-fun c_53_arr () (Array Int Int)
  (store ((as const (Array Int Int)) 38) 0 1599))
(define-fun c_17_arr () (Array Int Int)
  (store ((as const (Array Int Int)) 26) 0 5))
(define-fun c_25_arr () (Array Int Int)
  (store ((as const (Array Int Int)) 28) 0 3193))
(define-fun c_39_arr () (Array Int Int)
  (store ((as const (Array Int Int)) 33) 0 7975))
(define-fun i_10_i.7111 () Int
  0)
(define-fun i_12_i.9101 () Int
  0)
(define-fun c_45_arr () (Array Int Int)
  (store ((as const (Array Int Int)) 35) 0 4787))
(define-fun c_19_arr () (Array Int Int)
  (store ((as const (Array Int Int)) 39) 0 1594))
(define-fun c_11_arr () (Array Int Int)
  ((as const (Array Int Int)) 36))
(define-fun c_20_arr () (Array Int Int)
  (store ((as const (Array Int Int)) 27) 0 5))
(define-fun c_33_arr () (Array Int Int)
  (store ((as const (Array Int Int)) 31) 0 7975))
(define-fun c_44_arr () (Array Int Int)
  (store ((as const (Array Int Int)) 35) 0 6381))
(define-fun i_7_i.4126 () Int
  0)
(define-fun i_15_i.1289 () Int
  0)
(define-fun i_2_i.0146 () Int
  0)
(define-fun c_43_arr () (Array Int Int)
  (store ((as const (Array Int Int)) 34) 0 6381))
(define-fun c_52_arr () (Array Int Int)
  (store ((as const (Array Int Int)) 37) 0 1599))
(define-fun i_11_i.8106 () Int
  0)
(define-fun i_4_i.1141 () Int
  0)
(define-fun c_27_arr () (Array Int Int)
  (store ((as const (Array Int Int)) 29) 0 4787))
(define-fun c_10_arr () (Array Int Int)
  ((as const (Array Int Int)) 35))
(define-fun c_49_arr () (Array Int Int)
  (store ((as const (Array Int Int)) 36) 0 3193))
(define-fun i_14_i.1191 () Int
  0)
(define-fun c_67_arr () (Array Int Int)
  (store ((as const (Array Int Int)) 38) 0 5))
(define-fun c_50_arr () (Array Int Int)
  (store ((as const (Array Int Int)) 37) 0 3193))
(define-fun c_13_arr () (Array Int Int)
  ((as const (Array Int Int)) 38))
(define-fun c_26_arr () (Array Int Int)
  (store ((as const (Array Int Int)) 29) 0 3193))
(define-fun c_42_arr () (Array Int Int)
  (store ((as const (Array Int Int)) 34) 0 6381))
(define-fun c_12_arr () (Array Int Int)
  ((as const (Array Int Int)) 37))
(define-fun c_5_arr () (Array Int Int)
  ((as const (Array Int Int)) 30))
(define-fun c_85_arr () (Array Int Int)
  (store ((as const (Array Int Int)) 40) 1 9))
(define-fun i_8_i.5121 () Int
  0)
(define-fun i_13_i.1096 () Int
  0)
(define-fun c_3_arr () (Array Int Int)
  ((as const (Array Int Int)) 28))
(define-fun c_15_arr () (Array Int Int)
  ((as const (Array Int Int)) 39))
(define-fun c_86_arr () (Array Int Int)
  (store ((as const (Array Int Int)) 40) 1 9))
(define-fun c_81_arr () (Array Int Int)
  ((as const (Array Int Int)) 0))
(define-fun c_119_arr () (Array Int Int)
  (store ((as const (Array Int Int)) 0) 0 9))
(define-fun c_80_arr () (Array Int Int)
  ((as const (Array Int Int)) 0))
(define-fun c_116_arr () (Array Int Int)
  (store ((as const (Array Int Int)) 0) 0 9))
(define-fun c_79_arr () (Array Int Int)
  ((as const (Array Int Int)) 0))
(define-fun c_113_arr () (Array Int Int)
  (store ((as const (Array Int Int)) 0) 0 9))
(define-fun c_78_arr () (Array Int Int)
  ((as const (Array Int Int)) 0))
(define-fun c_110_arr () (Array Int Int)
  (store ((as const (Array Int Int)) 0) 0 9))
(define-fun c_77_arr () (Array Int Int)
  ((as const (Array Int Int)) 0))
(define-fun c_107_arr () (Array Int Int)
  (store ((as const (Array Int Int)) 0) 0 9))
(define-fun c_76_arr () (Array Int Int)
  ((as const (Array Int Int)) 0))
(define-fun c_104_arr () (Array Int Int)
  (store ((as const (Array Int Int)) 0) 0 9))
(define-fun c_75_arr () (Array Int Int)
  ((as const (Array Int Int)) 0))
(define-fun c_101_arr () (Array Int Int)
  (store ((as const (Array Int Int)) 0) 0 9))
(define-fun c_74_arr () (Array Int Int)
  ((as const (Array Int Int)) 0))
(define-fun c_98_arr () (Array Int Int)
  (store ((as const (Array Int Int)) 0) 0 9))
(define-fun c_73_arr () (Array Int Int)
  ((as const (Array Int Int)) 0))
(define-fun c_95_arr () (Array Int Int)
  (store ((as const (Array Int Int)) 0) 0 9))
(define-fun c_72_arr () (Array Int Int)
  ((as const (Array Int Int)) 0))
(define-fun c_92_arr () (Array Int Int)
  (store ((as const (Array Int Int)) 0) 0 9))
(define-fun c_71_arr () (Array Int Int)
  ((as const (Array Int Int)) 0))
(define-fun c_89_arr () (Array Int Int)
  (store ((as const (Array Int Int)) 0) 0 9))
(define-fun c_120_arr () (Array Int Int)
  ((as const (Array Int Int)) 0))
(define-fun c_117_arr () (Array Int Int)
  ((as const (Array Int Int)) 0))
(define-fun c_114_arr () (Array Int Int)
  ((as const (Array Int Int)) 0))
(define-fun c_111_arr () (Array Int Int)
  ((as const (Array Int Int)) 0))
(define-fun c_108_arr () (Array Int Int)
  ((as const (Array Int Int)) 0))
(define-fun c_105_arr () (Array Int Int)
  ((as const (Array Int Int)) 0))
(define-fun c_102_arr () (Array Int Int)
  (store ((as const (Array Int Int)) 0) 0 18))
(define-fun c_99_arr () (Array Int Int)
  (store ((as const (Array Int Int)) 0) 0 18))
(define-fun c_96_arr () (Array Int Int)
  (store ((as const (Array Int Int)) 0) 0 18))
(define-fun c_93_arr () (Array Int Int)
  (store ((as const (Array Int Int)) 0) 0 18))
(define-fun c_90_arr () (Array Int Int)
  (store ((as const (Array Int Int)) 0) 0 18))
(define-fun c_70_arr () (Array Int Int)
  ((as const (Array Int Int)) 0))
(define-fun c_87_arr () (Array Int Int)
  (store ((as const (Array Int Int)) 0) 0 9))
(define-fun c_121_arr () (Array Int Int)
  ((as const (Array Int Int)) 0))
(define-fun c_118_arr () (Array Int Int)
  ((as const (Array Int Int)) 0))
(define-fun c_115_arr () (Array Int Int)
  ((as const (Array Int Int)) 0))
(define-fun c_112_arr () (Array Int Int)
  ((as const (Array Int Int)) 0))
(define-fun c_109_arr () (Array Int Int)
  ((as const (Array Int Int)) 0))
(define-fun c_106_arr () (Array Int Int)
  ((as const (Array Int Int)) 0))
(define-fun c_103_arr () (Array Int Int)
  (store ((as const (Array Int Int)) 0) 0 18))
(define-fun c_100_arr () (Array Int Int)
  (store ((as const (Array Int Int)) 0) 0 18))
(define-fun c_97_arr () (Array Int Int)
  (store ((as const (Array Int Int)) 0) 0 18))
(define-fun c_94_arr () (Array Int Int)
  (store ((as const (Array Int Int)) 0) 0 18))
(define-fun c_91_arr () (Array Int Int)
  (store ((as const (Array Int Int)) 0) 0 18))
(define-fun c_88_arr () (Array Int Int)
  (store ((as const (Array Int Int)) 0) 0 9))
(define-fun c_134_arr () (Array Int Int)
  (store ((as const (Array Int Int)) 40) 1 9))
(define-fun c_133_arr () (Array Int Int)
  ((as const (Array Int Int)) 0))
(define-fun c_132_arr () (Array Int Int)
  ((as const (Array Int Int)) 0))
(define-fun c_131_arr () (Array Int Int)
  ((as const (Array Int Int)) 0))
(define-fun c_130_arr () (Array Int Int)
  ((as const (Array Int Int)) 0))
(define-fun c_129_arr () (Array Int Int)
  ((as const (Array Int Int)) 0))
(define-fun c_128_arr () (Array Int Int)
  ((as const (Array Int Int)) 0))
(define-fun c_127_arr () (Array Int Int)
  (store ((as const (Array Int Int)) 0) 0 18))
(define-fun c_126_arr () (Array Int Int)
  (store ((as const (Array Int Int)) 0) 0 18))
(define-fun c_125_arr () (Array Int Int)
  (store ((as const (Array Int Int)) 0) 0 18))
(define-fun c_124_arr () (Array Int Int)
  (store ((as const (Array Int Int)) 0) 0 18))
(define-fun c_123_arr () (Array Int Int)
  (store ((as const (Array Int Int)) 0) 0 18))
(define-fun c_122_arr () (Array Int Int)
  (store ((as const (Array Int Int)) 0) 0 9))
(define-fun c_69_arr () (Array Int Int)
  (store ((as const (Array Int Int)) 39) 0 1594))
(define-fun c_68_arr () (Array Int Int)
  (store ((as const (Array Int Int)) 26) 0 5))
(define-fun c_66_arr () (Array Int Int)
  (store ((as const (Array Int Int)) 37) 0 1599))
(define-fun c_65_arr () (Array Int Int)
  (store ((as const (Array Int Int)) 36) 0 3193))
(define-fun c_64_arr () (Array Int Int)
  (store ((as const (Array Int Int)) 35) 0 4787))
(define-fun c_63_arr () (Array Int Int)
  (store ((as const (Array Int Int)) 34) 0 6381))
(define-fun c_62_arr () (Array Int Int)
  (store ((as const (Array Int Int)) 33) 0 7975))
(define-fun c_61_arr () (Array Int Int)
  (store ((as const (Array Int Int)) 32) 0 9569))
(define-fun c_60_arr () (Array Int Int)
  (store ((as const (Array Int Int)) 31) 0 7975))
(define-fun c_59_arr () (Array Int Int)
  (store ((as const (Array Int Int)) 30) 0 6381))
(define-fun c_58_arr () (Array Int Int)
  (store ((as const (Array Int Int)) 29) 0 4787))
(define-fun c_57_arr () (Array Int Int)
  (store ((as const (Array Int Int)) 28) 0 3193))
(define-fun c_56_arr () (Array Int Int)
  (store ((as const (Array Int Int)) 27) 0 1599))
(define-fun i_19_ret_val () Int
  1)
(define-fun i_16_ret_val () Int
  1)

DIFFY_VERIFICATION_FAILED

FINISHED CPU 2.31 MEM 221864 MAXMEM 221864 STALE 0
<time name="ALL">2330</time>
