(define-fun c_8_arr () (Array Int Int)
  ((as const (Array Int Int)) 15))
(define-fun c_15_arr () (Array Int Int)
  (store ((as const (Array Int Int)) 16) 0 5923))
(define-fun i_6_i.359 () Int
  0)
(define-fun c_25_arr () (Array Int Int)
  (store ((as const (Array Int Int)) 19) 0 3))
(define-fun c_21_arr () (Array Int Int)
  (store ((as const (Array Int Int)) 18) 0 5923))
(define-fun c_19_arr () (Array Int Int)
  (store ((as const (Array Int Int)) 17) 0 3))
(define-fun i_7_i.454 () Int
  0)
(define-fun c_11_arr () (Array Int Int)
  (store ((as const (Array Int Int)) 15) 0 3))
(define-fun i_4_i.169 () Int
  0)
(define-fun c_20_arr () (Array Int Int)
  (store ((as const (Array Int Int)) 18) 0 3))
(define-fun c_30_arr () (Array Int Int)
  (store ((as const (Array Int Int)) 21) 0 3))
(define-fun c_18_arr () (Array Int Int)
  (store ((as const (Array Int Int)) 17) 0 3))
(define-fun c_4_arr () (Array Int Int)
  ((as const (Array Int Int)) 18))
(define-fun i_5_i.264 () Int
  0)
(define-fun c_6_arr () (Array Int Int)
  ((as const (Array Int Int)) 20))
(define-fun c_37_arr () (Array Int Int)
  (store ((as const (Array Int Int)) 21) 0 3))
(define-fun c_27_arr () (Array Int Int)
  (store ((as const (Array Int Int)) 20) 0 5923))
(define-fun c_7_arr () (Array Int Int)
  ((as const (Array Int Int)) 21))
(define-fun c_24_arr () (Array Int Int)
  (store ((as const (Array Int Int)) 19) 0 3))
(define-fun c_47_arr () (Array Int Int)
  ((as const (Array Int Int)) 23))
(define-fun c_49_arr () (Array Int Int)
  (store ((as const (Array Int Int)) 23) 1 6))
(define-fun c_13_arr () (Array Int Int)
  (store ((as const (Array Int Int)) 22) 0 5920))
(define-fun c_23_arr () (Array Int Int)
  (store ((as const (Array Int Int)) 19) 0 5923))
(define-fun c_26_arr () (Array Int Int)
  (store ((as const (Array Int Int)) 20) 0 3))
(define-fun c_12_arr () (Array Int Int)
  (store ((as const (Array Int Int)) 22) 0 5920))
(define-fun c_29_arr () (Array Int Int)
  (store ((as const (Array Int Int)) 21) 0 5923))
(define-fun c_9_arr () (Array Int Int)
  ((as const (Array Int Int)) 22))
(define-fun c_22_arr () (Array Int Int)
  (store ((as const (Array Int Int)) 18) 0 5923))
(define-fun c_5_arr () (Array Int Int)
  ((as const (Array Int Int)) 19))
(define-fun c_2_arr () (Array Int Int)
  ((as const (Array Int Int)) 16))
(define-fun c_16_arr () (Array Int Int)
  (store ((as const (Array Int Int)) 16) 0 5923))
(define-fun c_31_arr () (Array Int Int)
  (store ((as const (Array Int Int)) 21) 0 3))
(define-fun c_14_arr () (Array Int Int)
  (store ((as const (Array Int Int)) 16) 0 3))
(define-fun c_28_arr () (Array Int Int)
  (store ((as const (Array Int Int)) 20) 0 5923))
(define-fun i_2_i.074 () Int
  0)
(define-fun i_8_i.549 () Int
  0)
(define-fun i_9_i.647 () Int
  0)
(define-fun c_3_arr () (Array Int Int)
  ((as const (Array Int Int)) 17))
(define-fun c_17_arr () (Array Int Int)
  (store ((as const (Array Int Int)) 17) 0 5923))
(define-fun c_50_arr () (Array Int Int)
  (store ((as const (Array Int Int)) 23) 1 6))
(define-fun c_45_arr () (Array Int Int)
  ((as const (Array Int Int)) 0))
(define-fun c_65_arr () (Array Int Int)
  (store ((as const (Array Int Int)) 0) 0 6))
(define-fun c_44_arr () (Array Int Int)
  ((as const (Array Int Int)) 0))
(define-fun c_62_arr () (Array Int Int)
  (store ((as const (Array Int Int)) 0) 0 6))
(define-fun c_43_arr () (Array Int Int)
  ((as const (Array Int Int)) 0))
(define-fun c_59_arr () (Array Int Int)
  (store ((as const (Array Int Int)) 0) 0 6))
(define-fun c_42_arr () (Array Int Int)
  ((as const (Array Int Int)) 0))
(define-fun c_56_arr () (Array Int Int)
  (store ((as const (Array Int Int)) 0) 0 6))
(define-fun c_41_arr () (Array Int Int)
  ((as const (Array Int Int)) 0))
(define-fun c_53_arr () (Array Int Int)
  (store ((as const (Array Int Int)) 0) 0 6))
(define-fun c_66_arr () (Array Int Int)
  ((as const (Array Int Int)) 0))
(define-fun c_63_arr () (Array Int Int)
  (store ((as const (Array Int Int)) 0) 0 12))
(define-fun c_60_arr () (Array Int Int)
  ((as const (Array Int Int)) 0))
(define-fun c_57_arr () (Array Int Int)
  (store ((as const (Array Int Int)) 0) 0 12))
(define-fun c_54_arr () (Array Int Int)
  ((as const (Array Int Int)) 0))
(define-fun c_40_arr () (Array Int Int)
  ((as const (Array Int Int)) 0))
(define-fun c_51_arr () (Array Int Int)
  (store ((as const (Array Int Int)) 0) 0 6))
(define-fun c_67_arr () (Array Int Int)
  ((as const (Array Int Int)) 0))
(define-fun c_64_arr () (Array Int Int)
  (store ((as const (Array Int Int)) 0) 0 12))
(define-fun c_61_arr () (Array Int Int)
  ((as const (Array Int Int)) 0))
(define-fun c_58_arr () (Array Int Int)
  (store ((as const (Array Int Int)) 0) 0 12))
(define-fun c_55_arr () (Array Int Int)
  ((as const (Array Int Int)) 0))
(define-fun c_52_arr () (Array Int Int)
  (store ((as const (Array Int Int)) 0) 0 6))
(define-fun c_74_arr () (Array Int Int)
  (store ((as const (Array Int Int)) 23) 1 6))
(define-fun c_73_arr () (Array Int Int)
  ((as const (Array Int Int)) 0))
(define-fun c_72_arr () (Array Int Int)
  (store ((as const (Array Int Int)) 0) 0 12))
(define-fun c_71_arr () (Array Int Int)
  ((as const (Array Int Int)) 0))
(define-fun c_70_arr () (Array Int Int)
  (store ((as const (Array Int Int)) 0) 0 12))
(define-fun c_69_arr () (Array Int Int)
  ((as const (Array Int Int)) 0))
(define-fun c_68_arr () (Array Int Int)
  (store ((as const (Array Int Int)) 0) 0 6))
(define-fun c_39_arr () (Array Int Int)
  (store ((as const (Array Int Int)) 22) 0 5920))
(define-fun c_38_arr () (Array Int Int)
  (store ((as const (Array Int Int)) 15) 0 3))
(define-fun c_36_arr () (Array Int Int)
  (store ((as const (Array Int Int)) 20) 0 5923))
(define-fun c_35_arr () (Array Int Int)
  (store ((as const (Array Int Int)) 19) 0 3))
(define-fun c_34_arr () (Array Int Int)
  (store ((as const (Array Int Int)) 18) 0 5923))
(define-fun c_33_arr () (Array Int Int)
  (store ((as const (Array Int Int)) 17) 0 3))
(define-fun c_32_arr () (Array Int Int)
  (store ((as const (Array Int Int)) 16) 0 5923))
(define-fun i_13_ret_val () Int
  1)
(define-fun i_10_ret_val () Int
  1)

VAJRA_VERIFICATION_FAILED

FINISHED CPU 0.76 MEM 220880 MAXMEM 220880 STALE 0
<time name="ALL">780</time>
