int
int
int
int
Program Body
{
  int N_var;
  int RET;
  RET = 0;
  int _1_PROVE[1000000];
  N_var = __VERIFIER_nondet_int();
  if (N_var <= 0)
  {
    RET = 1;
  }

  if (N_var > 0)
  {
    int i;
    int sum[1];
    int a[N_var];
    int b[N_var];
    int c[N_var];
    sum[0] = N_var;
    i = 0;
    while (i < N_var)
    {
      a[i] = 1;
      i = i + 1;
    }

    i = 0;
    while (i < N_var)
    {
      b[i] = 1;
      i = i + 1;
    }

    i = 0;
    while (i < N_var)
    {
      sum[0] = sum[0] + a[i];
      i = i + 1;
    }

    i = 0;
    while (i < N_var)
    {
      sum[0] = sum[0] + b[i];
      i = i + 1;
    }

    i = 0;
    while (i < N_var)
    {
      if ((i != 0) && ((N_var % i) == 0))
      {
        c[i] = sum[0];
      }
      else
      {
        c[i] = 2 * N_var;
      }

      i = i + 1;
    }

    i = 0;
    while (i < N_var)
    {
      _1_PROVE[i] = c[i] == (2 * N_var);
      i = i + 1;
    }

    RET = 1;
  }

}

Function Name:
main
Return Type:
int
Input Variables:
{}
Local Variables:
{ a:array c:array b:array i:int sum:array _1_PROVE:array RET:int N_var:int}


Output in normal notation:
1. Frame axioms:
a1 = a
c1 = c
b1 = b
sum1 = sum

2. Output equations:
i1 = ite((__VERIFIER_nondet_int2>0),(_N6+0),i)
N_var1 = __VERIFIER_nondet_int2
d1array1(_x1,_x2) = ite((__VERIFIER_nondet_int2>0),d1array15(_x1,_x2,_N6),d1array(_x1,_x2))
main = ite((__VERIFIER_nondet_int2>0),1,ite((__VERIFIER_nondet_int2<=0),1,0))

3. Other axioms:
d1array3(_x1,_x2,(_n1+1)) = ite(((_x1=a) and (_x2=(_n1+0))),1,d1array3(_x1,_x2,_n1))
d1array3(_x1,_x2,0) = ite(((_x1=sum) and (_x2=0)),__VERIFIER_nondet_int2,d1array(_x1,_x2))
(_N1>=(__VERIFIER_nondet_int2-0))
(_n1<_N1) -> ((_n1+0)<__VERIFIER_nondet_int2)
d1array5(_x1,_x2,(_n2+1)) = ite(((_x1=b) and (_x2=(_n2+0))),1,d1array5(_x1,_x2,_n2))
d1array5(_x1,_x2,0) = d1array3(_x1,_x2,_N1)
(_N2>=(__VERIFIER_nondet_int2-0))
(_n2<_N2) -> ((_n2+0)<__VERIFIER_nondet_int2)
d1array7(_x1,_x2,(_n3+1)) = ite(((_x1=sum) and (_x2=0)),(d1array7(sum,0,_n3)+d1array7(a,(_n3+0),_n3)),d1array7(_x1,_x2,_n3))
d1array7(_x1,_x2,0) = d1array5(_x1,_x2,_N2)
(_N3>=(__VERIFIER_nondet_int2-0))
(_n3<_N3) -> ((_n3+0)<__VERIFIER_nondet_int2)
d1array9(_x1,_x2,(_n4+1)) = ite(((_x1=sum) and (_x2=0)),(d1array9(sum,0,_n4)+d1array9(b,(_n4+0),_n4)),d1array9(_x1,_x2,_n4))
d1array9(_x1,_x2,0) = d1array7(_x1,_x2,_N3)
(_N4>=(__VERIFIER_nondet_int2-0))
(_n4<_N4) -> ((_n4+0)<__VERIFIER_nondet_int2)
d1array13(_x1,_x2,(_n5+1)) = ite((((_n5+0)!=0) and ((__VERIFIER_nondet_int2%(_n5+0))==0)),ite(((_x1=c) and (_x2=(_n5+0))),d1array13(sum,0,_n5),d1array13(_x1,_x2,_n5)),ite(((_x1=c) and (_x2=(_n5+0))),(2*__VERIFIER_nondet_int2),d1array13(_x1,_x2,_n5)))
d1array13(_x1,_x2,0) = d1array9(_x1,_x2,_N4)
(_N5>=(__VERIFIER_nondet_int2-0))
(_n5<_N5) -> ((_n5+0)<__VERIFIER_nondet_int2)
d1array15(_x1,_x2,(_n6+1)) = d1array15(_x1,_x2,_n6)
d1array15(_x1,_x2,0) = d1array13(_x1,_x2,_N5)
(_N6>=(__VERIFIER_nondet_int2-0))
(_n6<_N6) -> ((_n6+0)<__VERIFIER_nondet_int2)

4. Assumption :

5. Assertion :
(__VERIFIER_nondet_int2>0) -> (d1array15(c,(_n6+0),_N6)==(2*__VERIFIER_nondet_int2))
VIAP_STANDARD_OUTPUT_False
FINISHED CPU 22.04 MEM 0 MAXMEM 255368 STALE 0
<time name="ALL">21870</time>
