int
int
int
Program Body
{
  int N_var;
  int RET;
  RET = 0;
  int _1_PROVE[1000000];
  N_var = __VERIFIER_nondet_int();
  if (N_var <= 0)
  {
    RET = 1;
  }

  if (N_var > 0)
  {
    int i;
    int a[N_var];
    int b[N_var];
    int c[N_var];
    i = 0;
    while (i < N_var)
    {
      if (i == 0)
      {
        a[0] = 6;
      }
      else
      {
        a[i] = a[i - 1] + 6;
      }

      i = i + 1;
    }

    i = 0;
    while (i < N_var)
    {
      if (i == 0)
      {
        b[0] = 1;
      }
      else
      {
        b[i] = b[i - 1] + a[i - 1];
      }

      i = i + 1;
    }

    i = 0;
    while (i < N_var)
    {
      if (i == 0)
      {
        c[0] = N_var;
      }
      else
      {
        c[i] = c[i - 1] + b[i - 1];
      }

      i = i + 1;
    }

    i = 0;
    while (i < N_var)
    {
      _1_PROVE[i] = c[i] == ((i * i) * i);
      i = i + 1;
    }

    RET = 1;
  }

}

Function Name:
main
Return Type:
int
Input Variables:
{}
Local Variables:
{ a:array c:array b:array i:int _1_PROVE:array RET:int N_var:int}


Output in normal notation:
1. Frame axioms:
a1 = a
c1 = c
b1 = b

2. Output equations:
i1 = ite((__VERIFIER_nondet_int2>0),(_N4+0),i)
N_var1 = __VERIFIER_nondet_int2
d1array1(_x1,_x2) = ite((__VERIFIER_nondet_int2>0),d1array15(_x1,_x2,_N4),d1array(_x1,_x2))
main = ite((__VERIFIER_nondet_int2>0),1,ite((__VERIFIER_nondet_int2<=0),1,0))

3. Other axioms:
d1array5(_x1,_x2,(_n1+1)) = ite(((_n1+0)==0),ite(((_x1=a) and (_x2=0)),6,d1array5(_x1,_x2,_n1)),ite(((_x1=a) and (_x2=(_n1+0))),(d1array5(a,((_n1+0)-1),_n1)+6),d1array5(_x1,_x2,_n1)))
d1array5(_x1,_x2,0) = d1array(_x1,_x2)
(_N1>=(__VERIFIER_nondet_int2-0))
(_n1<_N1) -> ((_n1+0)<__VERIFIER_nondet_int2)
d1array9(_x1,_x2,(_n2+1)) = ite(((_n2+0)==0),ite(((_x1=b) and (_x2=0)),1,d1array9(_x1,_x2,_n2)),ite(((_x1=b) and (_x2=(_n2+0))),(d1array9(b,((_n2+0)-1),_n2)+d1array9(a,((_n2+0)-1),_n2)),d1array9(_x1,_x2,_n2)))
d1array9(_x1,_x2,0) = d1array5(_x1,_x2,_N1)
(_N2>=(__VERIFIER_nondet_int2-0))
(_n2<_N2) -> ((_n2+0)<__VERIFIER_nondet_int2)
d1array13(_x1,_x2,(_n3+1)) = ite(((_n3+0)==0),ite(((_x1=c) and (_x2=0)),__VERIFIER_nondet_int2,d1array13(_x1,_x2,_n3)),ite(((_x1=c) and (_x2=(_n3+0))),(d1array13(c,((_n3+0)-1),_n3)+d1array13(b,((_n3+0)-1),_n3)),d1array13(_x1,_x2,_n3)))
d1array13(_x1,_x2,0) = d1array9(_x1,_x2,_N2)
(_N3>=(__VERIFIER_nondet_int2-0))
(_n3<_N3) -> ((_n3+0)<__VERIFIER_nondet_int2)
d1array15(_x1,_x2,(_n4+1)) = d1array15(_x1,_x2,_n4)
d1array15(_x1,_x2,0) = d1array13(_x1,_x2,_N3)
(_N4>=(__VERIFIER_nondet_int2-0))
(_n4<_N4) -> ((_n4+0)<__VERIFIER_nondet_int2)

4. Assumption :

5. Assertion :
(__VERIFIER_nondet_int2>0) -> (d1array15(c,(_n4+0),_N4)==(((_n4+0)*(_n4+0))*(_n4+0)))
VIAP_STANDARD_OUTPUT_False
FINISHED CPU 20.44 MEM 198832 MAXMEM 233604 STALE 0
<time name="ALL">20290</time>
