int
int
int
Program Body
{
  int N_var;
  int RET;
  RET = 0;
  int _1_ASSUME;
  _1_ASSUME = 0;
  int _1_PROVE[1000000];
  N_var = __VERIFIER_nondet_int();
  if (N_var <= 0)
  {
    RET = 1;
  }

  if (N_var > 0)
  {
    _1_ASSUME = N_var <= (2147483647 / (sizeof(int)));
    int i;
    int j;
    int sum[1];
    int a[N_var];
    int b[N_var];
    i = 0;
    while (i < N_var)
    {
      a[i] = 1;
      i = i + 1;
    }

    i = 0;
    while (i < N_var)
    {
      b[i] = 1;
      i = i + 1;
    }

    sum[0] = 0;
    i = 0;
    while (i < N_var)
    {
      sum[0] = sum[0] + a[i];
      i = i + 1;
    }

    i = 0;
    while (i < N_var)
    {
      sum[0] = sum[0] + b[i];
      i = i + 1;
    }

    i = 0;
    while (i < N_var)
    {
      j = 0;
      while (j < N_var)
      {
        b[i] = b[i] + 1;
        j = j + 1;
      }

      b[i] = b[i] + sum[0];
      i = i + 1;
    }

    i = 0;
    while (i < N_var)
    {
      _1_PROVE[i] = b[i] == (3 * N_var);
      i = i + 1;
    }

  }

}

Function Name:
main
Return Type:
int
Input Variables:
{}
Local Variables:
{ a:array j:int i:int sum:array _1_PROVE:array RET:int b:array _1_ASSUME:int N_var:int}
Unknown
FINISHED CPU 4.88 MEM 99360 MAXMEM 100572 STALE 0
<time name="ALL">4910</time>
