int
int
Program Body
{
  int N_var;
  int RET;
  RET = 0;
  int _1_ASSUME;
  _1_ASSUME = 0;
  int _1_PROVE = 0;
  N_var = __VERIFIER_nondet_int();
  if (N_var <= 0)
  {
    RET = 1;
  }

  if (N_var > 0)
  {
    _1_ASSUME = N_var <= (2147483647 / (sizeof(int)));
    int i;
    int j;
    int sum[1];
    int a[N_var];
    sum[0] = 0;
    i = 0;
    while (i < N_var)
    {
      j = 0;
      while (j < i)
      {
        sum[0] = sum[0] + 1;
        j = j + 1;
      }

      i = i + 1;
    }

    _1_PROVE = sum[0] == ((N_var * (N_var + 1)) / 2);
  }

}

Function Name:
main
Return Type:
int
Input Variables:
{}
Local Variables:
{ a:array j:int i:int sum:array _1_PROVE:int RET:int _1_ASSUME:int N_var:int}
'Typename' object has no attribute 'op'
Unknown
FINISHED CPU 3.82 MEM 96496 MAXMEM 99568 STALE 0
<time name="ALL">3840</time>
