(define-fun c_17_arr () (Array Int Int)
  (store ((as const (Array Int Int)) 7) 0 1237))
(define-fun i_4_a.1125 () Int
  0)
(define-fun i_10_i.4100 () Int
  0)
(define-fun i_8_i.2110 () Int
  0)
(define-fun c_11_arr () (Array Int Int)
  ((as const (Array Int Int)) 5))
(define-fun c_48_arr () (Array Int Int)
  (store ((as const (Array Int Int)) 8) 1 2))
(define-fun i_15_x.078 () Int
  0)
(define-fun i_14_i.880 () Int
  0)
(define-fun c_44_arr () (Array Int Int)
  ((as const (Array Int Int)) 9))
(define-fun i_11_i.595 () Int
  0)
(define-fun c_35_arr () (Array Int Int)
  (store ((as const (Array Int Int)) 5) 0 1237))
(define-fun i_9_i.3105 () Int
  0)
(define-fun i_13_i.785 () Int
  0)
(define-fun i_2_a.0130 () Int
  0)
(define-fun c_10_arr () (Array Int Int)
  ((as const (Array Int Int)) 7))
(define-fun i_12_i.690 () Int
  0)
(define-fun i_6_i.0120 () Int
  0)
(define-fun c_50_arr () (Array Int Int)
  (store ((as const (Array Int Int)) 9) 1 3))
(define-fun c_34_arr () (Array Int Int)
  (store ((as const (Array Int Int)) 5) 0 1237))
(define-fun i_7_i.1115 () Int
  0)
(define-fun c_2_arr () (Array Int Int)
  ((as const (Array Int Int)) 6))
(define-fun c_16_arr () (Array Int Int)
  (store ((as const (Array Int Int)) 7) 0 1237))
(define-fun c_14_arr () (Array Int Int)
  (store ((as const (Array Int Int)) 6) 0 1236))
(define-fun c_36_arr () (Array Int Int)
  ((as const (Array Int Int)) 8))
(define-fun c_15_arr () (Array Int Int)
  (store ((as const (Array Int Int)) 6) 0 1236))
(define-fun c_49_arr () (Array Int Int)
  (store ((as const (Array Int Int)) 8) 1 2))
(define-fun c_37_arr () (Array Int Int)
  ((as const (Array Int Int)) 0))
(define-fun c_52_arr () (Array Int Int)
  (store ((as const (Array Int Int)) 0) 1 2))
(define-fun c_3_arr () (Array Int Int)
  ((as const (Array Int Int)) 0))
(define-fun c_18_arr () (Array Int Int)
  (store ((as const (Array Int Int)) 0) 0 1236))
(define-fun c_53_arr () (Array Int Int)
  (store ((as const (Array Int Int)) 0) 1 2))
(define-fun c_19_arr () (Array Int Int)
  (store ((as const (Array Int Int)) 0) 0 1236))
(define-fun c_38_arr () (Array Int Int)
  ((as const (Array Int Int)) 0))
(define-fun c_54_arr () (Array Int Int)
  (store ((as const (Array Int Int)) 0) 1 2))
(define-fun c_4_arr () (Array Int Int)
  ((as const (Array Int Int)) 0))
(define-fun c_20_arr () (Array Int Int)
  (store ((as const (Array Int Int)) 0) 0 1236))
(define-fun c_55_arr () (Array Int Int)
  (store ((as const (Array Int Int)) 0) 1 2))
(define-fun c_21_arr () (Array Int Int)
  (store ((as const (Array Int Int)) 0) 0 1236))
(define-fun c_39_arr () (Array Int Int)
  ((as const (Array Int Int)) 0))
(define-fun c_56_arr () (Array Int Int)
  (store ((as const (Array Int Int)) 0) 1 2))
(define-fun c_5_arr () (Array Int Int)
  ((as const (Array Int Int)) 0))
(define-fun c_22_arr () (Array Int Int)
  (store ((as const (Array Int Int)) 0) 0 1236))
(define-fun c_57_arr () (Array Int Int)
  (store ((as const (Array Int Int)) 0) 1 2))
(define-fun c_23_arr () (Array Int Int)
  (store ((as const (Array Int Int)) 0) 0 1236))
(define-fun c_40_arr () (Array Int Int)
  ((as const (Array Int Int)) 0))
(define-fun c_58_arr () (Array Int Int)
  (store ((as const (Array Int Int)) 0) 1 2))
(define-fun c_6_arr () (Array Int Int)
  ((as const (Array Int Int)) 0))
(define-fun c_24_arr () (Array Int Int)
  (store ((as const (Array Int Int)) 0) 0 1236))
(define-fun c_59_arr () (Array Int Int)
  (store ((as const (Array Int Int)) 0) 1 2))
(define-fun c_25_arr () (Array Int Int)
  (store ((as const (Array Int Int)) 0) 0 1236))
(define-fun c_41_arr () (Array Int Int)
  ((as const (Array Int Int)) 0))
(define-fun c_60_arr () (Array Int Int)
  (store ((as const (Array Int Int)) 0) 1 2))
(define-fun c_7_arr () (Array Int Int)
  ((as const (Array Int Int)) 0))
(define-fun c_26_arr () (Array Int Int)
  (store ((as const (Array Int Int)) 0) 0 1236))
(define-fun c_61_arr () (Array Int Int)
  (store ((as const (Array Int Int)) 0) 1 2))
(define-fun c_27_arr () (Array Int Int)
  (store ((as const (Array Int Int)) 0) 0 1236))
(define-fun c_42_arr () (Array Int Int)
  ((as const (Array Int Int)) 0))
(define-fun c_62_arr () (Array Int Int)
  (store ((as const (Array Int Int)) 0) 1 2))
(define-fun c_8_arr () (Array Int Int)
  ((as const (Array Int Int)) 0))
(define-fun c_28_arr () (Array Int Int)
  (store ((as const (Array Int Int)) 0) 0 1236))
(define-fun c_63_arr () (Array Int Int)
  (store ((as const (Array Int Int)) 0) 1 2))
(define-fun c_29_arr () (Array Int Int)
  (store ((as const (Array Int Int)) 0) 0 1236))
(define-fun c_43_arr () (Array Int Int)
  ((as const (Array Int Int)) 0))
(define-fun c_64_arr () (Array Int Int)
  (store ((as const (Array Int Int)) 0) 1 2))
(define-fun c_9_arr () (Array Int Int)
  ((as const (Array Int Int)) 0))
(define-fun c_30_arr () (Array Int Int)
  (store ((as const (Array Int Int)) 0) 0 1236))
(define-fun c_65_arr () (Array Int Int)
  (store ((as const (Array Int Int)) 0) 1 2))
(define-fun c_51_arr () (Array Int Int)
  (store ((as const (Array Int Int)) 9) 1 3))
(define-fun c_31_arr () (Array Int Int)
  (store ((as const (Array Int Int)) 0) 0 1236))
(define-fun c_45_arr () (Array Int Int)
  ((as const (Array Int Int)) 0))
(define-fun c_68_arr () (Array Int Int)
  (store ((as const (Array Int Int)) 0) 1 3))
(define-fun c_46_arr () (Array Int Int)
  ((as const (Array Int Int)) 0))
(define-fun c_66_arr () (Array Int Int)
  (store ((as const (Array Int Int)) 0) 1 2))
(define-fun c_12_arr () (Array Int Int)
  ((as const (Array Int Int)) 0))
(define-fun c_32_arr () (Array Int Int)
  (store ((as const (Array Int Int)) 0) 0 1236))
(define-fun c_69_arr () (Array Int Int)
  (store ((as const (Array Int Int)) 0) 1 3))
(define-fun c_67_arr () (Array Int Int)
  (store ((as const (Array Int Int)) 0) 1 2))
(define-fun c_33_arr () (Array Int Int)
  (store ((as const (Array Int Int)) 0) 0 1236))
(define-fun i_20_ret_val () Int
  0)
(define-fun i_16_ret_val () Int
  0)

DIFFY_VERIFICATION_FAILED

FINISHED CPU 1.03 MEM 221476 MAXMEM 221476 STALE 0
<time name="ALL">1050</time>
