(define-fun c_8_arr () (Array Int Int)
  ((as const (Array Int Int)) 5))
(define-fun c_25_arr () (Array Int Int)
  (store ((as const (Array Int Int)) 5) 0 1237))
(define-fun i_6_i.177 () Int
  0)
(define-fun c_11_arr () (Array Int Int)
  (store ((as const (Array Int Int)) 6) 0 1236))
(define-fun i_10_i.557 () Int
  0)
(define-fun i_9_i.462 () Int
  0)
(define-fun c_37_arr () (Array Int Int)
  (store ((as const (Array Int Int)) 9) 1 3))
(define-fun c_27_arr () (Array Int Int)
  ((as const (Array Int Int)) 8))
(define-fun c_7_arr () (Array Int Int)
  ((as const (Array Int Int)) 7))
(define-fun c_32_arr () (Array Int Int)
  ((as const (Array Int Int)) 9))
(define-fun i_2_a.087 () Int
  0)
(define-fun c_13_arr () (Array Int Int)
  (store ((as const (Array Int Int)) 6) 0 1236))
(define-fun i_7_i.272 () Int
  0)
(define-fun c_26_arr () (Array Int Int)
  (store ((as const (Array Int Int)) 5) 0 1237))
(define-fun i_11_x.055 () Int
  0)
(define-fun c_12_arr () (Array Int Int)
  (store ((as const (Array Int Int)) 7) 0 1237))
(define-fun c_2_arr () (Array Int Int)
  ((as const (Array Int Int)) 6))
(define-fun c_14_arr () (Array Int Int)
  (store ((as const (Array Int Int)) 7) 0 1237))
(define-fun i_5_i.082 () Int
  0)
(define-fun c_36_arr () (Array Int Int)
  (store ((as const (Array Int Int)) 8) 1 2))
(define-fun i_8_i.367 () Int
  0)
(define-fun c_38_arr () (Array Int Int)
  (store ((as const (Array Int Int)) 8) 1 2))
(define-fun c_28_arr () (Array Int Int)
  ((as const (Array Int Int)) 0))
(define-fun c_40_arr () (Array Int Int)
  (store ((as const (Array Int Int)) 0) 1 2))
(define-fun c_3_arr () (Array Int Int)
  ((as const (Array Int Int)) 0))
(define-fun c_15_arr () (Array Int Int)
  (store ((as const (Array Int Int)) 0) 0 1236))
(define-fun c_41_arr () (Array Int Int)
  (store ((as const (Array Int Int)) 0) 1 2))
(define-fun c_16_arr () (Array Int Int)
  (store ((as const (Array Int Int)) 0) 0 1236))
(define-fun c_29_arr () (Array Int Int)
  ((as const (Array Int Int)) 0))
(define-fun c_42_arr () (Array Int Int)
  (store ((as const (Array Int Int)) 0) 1 2))
(define-fun c_4_arr () (Array Int Int)
  ((as const (Array Int Int)) 0))
(define-fun c_17_arr () (Array Int Int)
  (store ((as const (Array Int Int)) 0) 0 1236))
(define-fun c_43_arr () (Array Int Int)
  (store ((as const (Array Int Int)) 0) 1 2))
(define-fun c_18_arr () (Array Int Int)
  (store ((as const (Array Int Int)) 0) 0 1236))
(define-fun c_30_arr () (Array Int Int)
  ((as const (Array Int Int)) 0))
(define-fun c_44_arr () (Array Int Int)
  (store ((as const (Array Int Int)) 0) 1 2))
(define-fun c_5_arr () (Array Int Int)
  ((as const (Array Int Int)) 0))
(define-fun c_19_arr () (Array Int Int)
  (store ((as const (Array Int Int)) 0) 0 1236))
(define-fun c_45_arr () (Array Int Int)
  (store ((as const (Array Int Int)) 0) 1 2))
(define-fun c_20_arr () (Array Int Int)
  (store ((as const (Array Int Int)) 0) 0 1236))
(define-fun c_31_arr () (Array Int Int)
  ((as const (Array Int Int)) 0))
(define-fun c_46_arr () (Array Int Int)
  (store ((as const (Array Int Int)) 0) 1 2))
(define-fun c_6_arr () (Array Int Int)
  ((as const (Array Int Int)) 0))
(define-fun c_21_arr () (Array Int Int)
  (store ((as const (Array Int Int)) 0) 0 1236))
(define-fun c_47_arr () (Array Int Int)
  (store ((as const (Array Int Int)) 0) 1 2))
(define-fun c_39_arr () (Array Int Int)
  (store ((as const (Array Int Int)) 9) 1 3))
(define-fun c_22_arr () (Array Int Int)
  (store ((as const (Array Int Int)) 0) 0 1236))
(define-fun c_33_arr () (Array Int Int)
  ((as const (Array Int Int)) 0))
(define-fun c_50_arr () (Array Int Int)
  (store ((as const (Array Int Int)) 0) 1 3))
(define-fun c_34_arr () (Array Int Int)
  ((as const (Array Int Int)) 0))
(define-fun c_48_arr () (Array Int Int)
  (store ((as const (Array Int Int)) 0) 1 2))
(define-fun c_9_arr () (Array Int Int)
  ((as const (Array Int Int)) 0))
(define-fun c_23_arr () (Array Int Int)
  (store ((as const (Array Int Int)) 0) 0 1236))
(define-fun c_51_arr () (Array Int Int)
  (store ((as const (Array Int Int)) 0) 1 3))
(define-fun c_49_arr () (Array Int Int)
  (store ((as const (Array Int Int)) 0) 1 2))
(define-fun c_24_arr () (Array Int Int)
  (store ((as const (Array Int Int)) 0) 0 1236))
(define-fun i_16_ret_val () Int
  0)
(define-fun i_12_ret_val () Int
  0)

DIFFY_VERIFICATION_FAILED

FINISHED CPU 0.50 MEM 221048 MAXMEM 221048 STALE 0
<time name="ALL">520</time>
