(define-fun c_8_arr () (Array Int Int)
  (store ((as const (Array Int Int)) 6) 0 1236))
(define-fun c_7_arr () (Array Int Int)
  (store ((as const (Array Int Int)) 7) 0 1237))
(define-fun c_10_arr () (Array Int Int)
  (store ((as const (Array Int Int)) 5) 0 1236))
(define-fun c_13_arr () (Array Int Int)
  ((as const (Array Int Int)) 8))
(define-fun c_11_arr () (Array Int Int)
  (store ((as const (Array Int Int)) 5) 0 1236))
(define-fun i_6_x.020 () Int
  0)
(define-fun c_9_arr () (Array Int Int)
  (store ((as const (Array Int Int)) 7) 0 1237))
(define-fun i_5_i.022 () Int
  0)
(define-fun c_2_arr () (Array Int Int)
  ((as const (Array Int Int)) 5))
(define-fun i_2_a.027 () Int
  0)
(define-fun c_16_arr () (Array Int Int)
  (store ((as const (Array Int Int)) 8) 1 2))
(define-fun c_4_arr () (Array Int Int)
  ((as const (Array Int Int)) 7))
(define-fun c_14_arr () (Array Int Int)
  ((as const (Array Int Int)) 9))
(define-fun c_6_arr () (Array Int Int)
  (store ((as const (Array Int Int)) 6) 0 1236))
(define-fun c_3_arr () (Array Int Int)
  ((as const (Array Int Int)) 6))
(define-fun c_17_arr () (Array Int Int)
  (store ((as const (Array Int Int)) 9) 1 3))
(define-fun c_18_arr () (Array Int Int)
  (store ((as const (Array Int Int)) 8) 1 2))
(define-fun c_12_arr () (Array Int Int)
  ((as const (Array Int Int)) 0))
(define-fun c_20_arr () (Array Int Int)
  (store ((as const (Array Int Int)) 0) 1 2))
(define-fun c_21_arr () (Array Int Int)
  (store ((as const (Array Int Int)) 0) 1 2))
(define-fun c_19_arr () (Array Int Int)
  (store ((as const (Array Int Int)) 9) 1 3))
(define-fun i_11_ret_val () Int
  0)
(define-fun i_7_ret_val () Int
  0)

DIFFY_VERIFICATION_FAILED

FINISHED CPU 0.23 MEM 220656 MAXMEM 220656 STALE 0
<time name="ALL">250</time>
