RUNNING ON BENCHMARK brs1.c
real 8.08
user 16.99
sys 2.04
VERIFICATION_SUCCESSFUL
RUNNING ON BENCHMARK brs2.c
real 6.73
user 16.12
sys 1.69
VERIFICATION_SUCCESSFUL
RUNNING ON BENCHMARK brs3.c
real 6.71
user 16.15
sys 1.79
VERIFICATION_SUCCESSFUL
RUNNING ON BENCHMARK brs4.c
real 6.96
user 16.42
sys 1.79
VERIFICATION_SUCCESSFUL
RUNNING ON BENCHMARK brs5.c
real 6.96
user 16.02
sys 1.81
VERIFICATION_SUCCESSFUL
RUNNING ON BENCHMARK cond1.c
real 35.50
user 7.72
sys 5.84
TIMEOUT
RUNNING ON BENCHMARK cond2.c
real 36.18
user 7.62
sys 5.64
TIMEOUT
RUNNING ON BENCHMARK cond2s1.c
real 32.72
user 6.95
sys 5.10
TIMEOUT
RUNNING ON BENCHMARK cond2s2.c
real 32.60
user 6.86
sys 5.15
TIMEOUT
RUNNING ON BENCHMARK conda.c
real 6.72
user 16.04
sys 1.78
VERIFICATION_SUCCESSFUL
RUNNING ON BENCHMARK condg.c
real 32.78
user 6.86
sys 5.20
TIMEOUT
RUNNING ON BENCHMARK condi.c
real 4.80
user 11.29
sys 1.25
VERIFICATION_SUCCESSFUL
RUNNING ON BENCHMARK condm.c
real 4.72
user 11.43
sys 1.31
VERIFICATION_SUCCESSFUL
RUNNING ON BENCHMARK condn.c
real 5.12
user 11.78
sys 1.47
VERIFICATION_SUCCESSFUL
RUNNING ON BENCHMARK condnl1.c
real 48.53
user 12.62
sys 7.87
TIMEOUT
RUNNING ON BENCHMARK conds2.c
real 33.14
user 6.94
sys 5.28
TIMEOUT
RUNNING ON BENCHMARK conds.c
real 13.90
user 32.02
sys 3.42
VERIFICATION_SUCCESSFUL
RUNNING ON BENCHMARK condsc.c
real 39.70
user 8.43
sys 6.22
TIMEOUT
RUNNING ON BENCHMARK condss1.c
real 35.77
user 7.57
sys 5.63
TIMEOUT
RUNNING ON BENCHMARK condss2.c
real 31.68
user 6.68
sys 4.96
TIMEOUT
RUNNING ON BENCHMARK condss3.c
real 39.51
user 8.50
sys 6.19
TIMEOUT
RUNNING ON BENCHMARK condss.c
real 48.88
user 12.58
sys 7.82
TIMEOUT
RUNNING ON BENCHMARK eqn1.c
real 4.74
user 11.33
sys 1.21
VERIFICATION_SUCCESSFUL
RUNNING ON BENCHMARK eqn2.c
real 4.71
user 11.48
sys 1.18
VERIFICATION_SUCCESSFUL
RUNNING ON BENCHMARK eqn3.c
real 48.08
user 12.16
sys 7.98
TIMEOUT
RUNNING ON BENCHMARK eqn4.c
real 48.18
user 12.36
sys 7.80
TIMEOUT
RUNNING ON BENCHMARK eqn5.c
real 48.23
user 12.48
sys 7.84
TIMEOUT
RUNNING ON BENCHMARK ifcomp.c
real 47.85
user 12.21
sys 7.89
TIMEOUT
RUNNING ON BENCHMARK ifeqn1.c
real 48.01
user 12.42
sys 7.73
TIMEOUT
RUNNING ON BENCHMARK ifeqn2.c
real 47.85
user 12.33
sys 7.65
TIMEOUT
RUNNING ON BENCHMARK ifeqn3.c
real 48.04
user 12.31
sys 7.93
TIMEOUT
RUNNING ON BENCHMARK ifeqn4.c
real 48.50
user 12.38
sys 7.78
TIMEOUT
RUNNING ON BENCHMARK ifeqn5.c
real 47.79
user 12.27
sys 7.75
TIMEOUT
RUNNING ON BENCHMARK ifncomp.c
real 47.98
user 12.39
sys 7.81
TIMEOUT
RUNNING ON BENCHMARK indp1.c
real 4.93
user 11.75
sys 1.37
VERIFICATION_SUCCESSFUL
RUNNING ON BENCHMARK indp2.c
real 4.79
user 11.45
sys 1.30
VERIFICATION_SUCCESSFUL
RUNNING ON BENCHMARK indp3.c
real 4.79
user 11.71
sys 1.26
VERIFICATION_SUCCESSFUL
RUNNING ON BENCHMARK indp4.c
real 4.75
user 11.41
sys 1.20
VERIFICATION_SUCCESSFUL
RUNNING ON BENCHMARK indp5.c
real 6.95
user 16.53
sys 1.77
VERIFICATION_SUCCESSFUL
RUNNING ON BENCHMARK modn.c
real 36.68
user 7.71
sys 5.81
TIMEOUT
RUNNING ON BENCHMARK modp.c
real 33.08
user 7.11
sys 5.18
TIMEOUT
RUNNING ON BENCHMARK mods.c
real 12.11
user 29.55
sys 3.08
VERIFICATION_SUCCESSFUL
RUNNING ON BENCHMARK ms1.c
real 40.14
user 8.44
sys 6.33
TIMEOUT
RUNNING ON BENCHMARK ms2.c
real 39.79
user 8.67
sys 6.05
TIMEOUT
RUNNING ON BENCHMARK ms3.c
real 39.70
user 8.24
sys 6.47
TIMEOUT
RUNNING ON BENCHMARK ms4.c
real 39.87
user 8.59
sys 6.17
TIMEOUT
RUNNING ON BENCHMARK ms5.c
real 39.75
user 8.49
sys 6.16
TIMEOUT
RUNNING ON BENCHMARK ncomp.c
real 4.80
user 11.55
sys 1.32
VERIFICATION_SUCCESSFUL
RUNNING ON BENCHMARK nested-as1.c
real 45.35
user 9.68
sys 7.12
TIMEOUT
RUNNING ON BENCHMARK nested-as2.c
real 45.50
user 9.82
sys 7.16
TIMEOUT
RUNNING ON BENCHMARK nested-as3.c
real 45.79
user 9.85
sys 7.18
TIMEOUT
RUNNING ON BENCHMARK nested-nli1.c
real 4.91
user 11.87
sys 1.22
VERIFICATION_SUCCESSFUL
RUNNING ON BENCHMARK nested-nli2.c
real 4.78
user 11.52
sys 1.27
VERIFICATION_SUCCESSFUL
RUNNING ON BENCHMARK nested-nli3.c
real 4.78
user 11.52
sys 1.18
VERIFICATION_SUCCESSFUL
RUNNING ON BENCHMARK nested-nlj1.c
real 4.79
user 11.68
sys 1.20
VERIFICATION_SUCCESSFUL
RUNNING ON BENCHMARK nested-nlj2.c
real 4.87
user 11.72
sys 1.30
VERIFICATION_SUCCESSFUL
RUNNING ON BENCHMARK nested-nlj3.c
real 4.82
user 11.42
sys 1.31
VERIFICATION_SUCCESSFUL
RUNNING ON BENCHMARK nested-nsna1.c
real 45.38
user 9.81
sys 7.23
TIMEOUT
RUNNING ON BENCHMARK nested-nsna2.c
real 45.59
user 9.92
sys 7.19
TIMEOUT
RUNNING ON BENCHMARK nested-nsna3.c
real 45.34
user 9.87
sys 7.02
TIMEOUT
RUNNING ON BENCHMARK nested-sa1.c
real 45.81
user 9.85
sys 7.18
TIMEOUT
RUNNING ON BENCHMARK nested-sna1.c
real 45.72
user 10.14
sys 7.02
TIMEOUT
RUNNING ON BENCHMARK nested-sna2.c
real 45.89
user 9.97
sys 7.15
TIMEOUT
RUNNING ON BENCHMARK nested-sna3.c
real 45.71
user 9.90
sys 7.15
TIMEOUT
RUNNING ON BENCHMARK nested-ss1.c
real 45.16
user 9.82
sys 6.86
TIMEOUT
RUNNING ON BENCHMARK nested-ss2.c
real 45.19
user 9.89
sys 6.86
TIMEOUT
RUNNING ON BENCHMARK nested-ss3.c
real 45.75
user 9.91
sys 7.09
TIMEOUT
RUNNING ON BENCHMARK nested-sum.c
real 45.46
user 9.90
sys 7.35
TIMEOUT
RUNNING ON BENCHMARK nested-unb1.c
real 4.82
user 11.50
sys 1.25
VERIFICATION_SUCCESSFUL
RUNNING ON BENCHMARK nested-unb2.c
real 4.78
user 11.46
sys 1.40
VERIFICATION_SUCCESSFUL
RUNNING ON BENCHMARK nested-unb3.c
real 4.89
user 11.48
sys 1.34
VERIFICATION_SUCCESSFUL
RUNNING ON BENCHMARK nsqm.c
real 4.79
user 11.48
sys 1.32
VERIFICATION_SUCCESSFUL
RUNNING ON BENCHMARK nsqm-if.c
real 47.87
user 12.26
sys 7.86
TIMEOUT
RUNNING ON BENCHMARK pcomp.c
real 4.78
user 11.68
sys 1.28
VERIFICATION_SUCCESSFUL
RUNNING ON BENCHMARK res1.c
real 6.69
user 15.79
sys 1.79
VERIFICATION_SUCCESSFUL
RUNNING ON BENCHMARK res1o.c
real 6.74
user 16.22
sys 1.74
VERIFICATION_SUCCESSFUL
RUNNING ON BENCHMARK res2.c
real 7.02
user 16.65
sys 1.82
VERIFICATION_SUCCESSFUL
RUNNING ON BENCHMARK res2o.c
real 7.04
user 17.04
sys 1.70
VERIFICATION_SUCCESSFUL
RUNNING ON BENCHMARK s12if.c
real 6.96
user 16.65
sys 1.82
VERIFICATION_SUCCESSFUL
RUNNING ON BENCHMARK s1if.c
real 6.72
user 15.99
sys 1.76
VERIFICATION_SUCCESSFUL
RUNNING ON BENCHMARK s1lif.c
real 6.79
user 16.50
sys 1.64
VERIFICATION_SUCCESSFUL
RUNNING ON BENCHMARK s22if.c
real 6.96
user 16.87
sys 1.74
VERIFICATION_SUCCESSFUL
RUNNING ON BENCHMARK s2if.c
real 6.80
user 16.38
sys 1.79
VERIFICATION_SUCCESSFUL
RUNNING ON BENCHMARK s2lif.c
real 6.80
user 16.73
sys 1.71
VERIFICATION_SUCCESSFUL
RUNNING ON BENCHMARK s32if.c
real 6.84
user 16.54
sys 1.66
VERIFICATION_SUCCESSFUL
RUNNING ON BENCHMARK s3if.c
real 6.68
user 16.11
sys 1.56
VERIFICATION_SUCCESSFUL
RUNNING ON BENCHMARK s3lif.c
real 6.88
user 16.63
sys 1.78
VERIFICATION_SUCCESSFUL
RUNNING ON BENCHMARK s42if.c
real 6.89
user 16.46
sys 1.86
VERIFICATION_SUCCESSFUL
RUNNING ON BENCHMARK s4if.c
real 6.78
user 16.27
sys 1.74
VERIFICATION_SUCCESSFUL
RUNNING ON BENCHMARK s4lif.c
real 6.80
user 16.26
sys 1.64
VERIFICATION_SUCCESSFUL
RUNNING ON BENCHMARK s52if.c
real 6.88
user 16.47
sys 1.81
VERIFICATION_SUCCESSFUL
RUNNING ON BENCHMARK s5if.c
real 6.71
user 16.15
sys 1.91
VERIFICATION_SUCCESSFUL
RUNNING ON BENCHMARK s5lif.c
real 6.84
user 16.49
sys 1.69
VERIFICATION_SUCCESSFUL
RUNNING ON BENCHMARK sanfoundry_27_ground.c
real 6.84
user 16.39
sys 1.71
VERIFICATION_SUCCESSFUL
RUNNING ON BENCHMARK sina1.c
real 12.01
user 29.38
sys 2.97
VERIFICATION_SUCCESSFUL
RUNNING ON BENCHMARK sina2.c
real 12.18
user 29.85
sys 2.96
VERIFICATION_SUCCESSFUL
RUNNING ON BENCHMARK sina3.c
real 12.40
user 30.73
sys 2.89
VERIFICATION_SUCCESSFUL
RUNNING ON BENCHMARK sina4.c
real 12.59
user 30.89
sys 2.96
VERIFICATION_SUCCESSFUL
RUNNING ON BENCHMARK sina5.c
real 13.12
user 31.55
sys 3.16
VERIFICATION_SUCCESSFUL
RUNNING ON BENCHMARK sqm.c
real 4.88
user 11.70
sys 1.31
VERIFICATION_SUCCESSFUL
RUNNING ON BENCHMARK sqm-if.c
real 47.79
user 12.28
sys 7.74
TIMEOUT
RUNNING ON BENCHMARK ss1.c
real 7.00
user 16.57
sys 1.80
VERIFICATION_SUCCESSFUL
RUNNING ON BENCHMARK ss2.c
real 48.84
user 12.54
sys 7.85
TIMEOUT
RUNNING ON BENCHMARK ss3.c
real 7.11
user 16.53
sys 1.69
VERIFICATION_SUCCESSFUL
RUNNING ON BENCHMARK ss4.c
real 7.03
user 16.75
sys 1.80
VERIFICATION_SUCCESSFUL
RUNNING ON BENCHMARK ssina.c
real 49.10
user 12.58
sys 8.06
TIMEOUT
RUNNING ON BENCHMARK standard_compare_ground.c
real 6.72
user 16.26
sys 1.77
VERIFICATION_SUCCESSFUL
RUNNING ON BENCHMARK standard_compareModified_ground.c
real 11.98
user 29.10
sys 3.03
VERIFICATION_SUCCESSFUL
RUNNING ON BENCHMARK standard_copy1_ground-1.c
real 4.72
user 11.16
sys 1.29
VERIFICATION_SUCCESSFUL
RUNNING ON BENCHMARK standard_copy2_ground-2.c
real 4.82
user 11.50
sys 1.28
VERIFICATION_SUCCESSFUL
RUNNING ON BENCHMARK standard_copy3_ground-1.c
real 4.79
user 11.54
sys 1.28
VERIFICATION_SUCCESSFUL
RUNNING ON BENCHMARK standard_copy4_ground-1.c
real 4.85
user 11.78
sys 1.26
VERIFICATION_SUCCESSFUL
RUNNING ON BENCHMARK standard_copy5_ground-1.c
real 4.82
user 11.84
sys 1.22
VERIFICATION_SUCCESSFUL
RUNNING ON BENCHMARK standard_copy6_ground-2.c
real 4.88
user 11.93
sys 1.36
VERIFICATION_SUCCESSFUL
RUNNING ON BENCHMARK standard_copy7_ground-2.c
real 5.10
user 12.06
sys 1.48
VERIFICATION_SUCCESSFUL
RUNNING ON BENCHMARK standard_copy8_ground-1.c
real 4.97
user 12.04
sys 1.32
VERIFICATION_SUCCESSFUL
RUNNING ON BENCHMARK standard_copy9_ground-2.c
real 4.94
user 12.03
sys 1.31
VERIFICATION_SUCCESSFUL
RUNNING ON BENCHMARK standard_copyInit_ground.c
real 12.23
user 30.32
sys 3.09
VERIFICATION_SUCCESSFUL
RUNNING ON BENCHMARK standard_copyInitSum2_ground-2.c
real 13.37
user 32.21
sys 3.22
VERIFICATION_SUCCESSFUL
RUNNING ON BENCHMARK standard_copyInitSum3_ground.c
real 4.84
user 11.64
sys 1.26
VERIFICATION_SUCCESSFUL
RUNNING ON BENCHMARK standard_copyInitSum_ground.c
real 6.84
user 16.49
sys 1.92
VERIFICATION_SUCCESSFUL
RUNNING ON BENCHMARK standard_init1_ground-2.c
real 12.00
user 30.29
sys 2.94
VERIFICATION_SUCCESSFUL
RUNNING ON BENCHMARK standard_init2_ground-2.c
real 12.16
user 30.49
sys 3.11
VERIFICATION_SUCCESSFUL
RUNNING ON BENCHMARK standard_init3_ground-2.c
real 12.39
user 30.64
sys 2.99
VERIFICATION_SUCCESSFUL
RUNNING ON BENCHMARK standard_init4_ground-2.c
real 12.66
user 31.91
sys 3.08
VERIFICATION_SUCCESSFUL
RUNNING ON BENCHMARK standard_init5_ground-1.c
real 12.51
user 31.72
sys 3.08
VERIFICATION_SUCCESSFUL
RUNNING ON BENCHMARK standard_init6_ground-2.c
real 12.70
user 32.14
sys 3.07
VERIFICATION_SUCCESSFUL
RUNNING ON BENCHMARK standard_init7_ground-2.c
real 13.04
user 32.88
sys 3.06
VERIFICATION_SUCCESSFUL
RUNNING ON BENCHMARK standard_init8_ground-2.c
real 13.06
user 33.03
sys 3.19
VERIFICATION_SUCCESSFUL
RUNNING ON BENCHMARK standard_init9_ground-2.c
real 13.20
user 33.17
sys 3.23
VERIFICATION_SUCCESSFUL
RUNNING ON BENCHMARK standard_maxInArray_ground.c
real 6.76
user 16.37
sys 1.75
VERIFICATION_SUCCESSFUL
RUNNING ON BENCHMARK standard_minInArray_ground-2.c
real 6.84
user 16.98
sys 1.73
VERIFICATION_SUCCESSFUL
RUNNING ON BENCHMARK standard_password_ground.c
real 6.88
user 16.53
sys 1.77
VERIFICATION_SUCCESSFUL
RUNNING ON BENCHMARK standard_running-2.c
real 6.94
user 16.98
sys 1.89
VERIFICATION_SUCCESSFUL
RUNNING ON BENCHMARK standard_seq_init_ground.c
real 4.77
user 11.45
sys 1.27
VERIFICATION_SUCCESSFUL
RUNNING ON BENCHMARK standard_strcmp_ground.c
real 6.87
user 16.71
sys 1.83
VERIFICATION_SUCCESSFUL
RUNNING ON BENCHMARK standard_vector_difference_ground.c
real 4.81
user 11.50
sys 1.29
VERIFICATION_SUCCESSFUL
RUNNING ON BENCHMARK zero_sum1.c
real 6.81
user 16.53
sys 1.71
VERIFICATION_SUCCESSFUL
RUNNING ON BENCHMARK zero_sum2.c
real 7.18
user 16.94
sys 1.86
VERIFICATION_SUCCESSFUL
RUNNING ON BENCHMARK zero_sum3.c
real 7.51
user 17.89
sys 1.80
VERIFICATION_SUCCESSFUL
RUNNING ON BENCHMARK zero_sum4.c
real 8.00
user 18.29
sys 1.98
VERIFICATION_SUCCESSFUL
RUNNING ON BENCHMARK zero_sum5.c
real 8.51
user 18.94
sys 2.00
VERIFICATION_SUCCESSFUL
RUNNING ON BENCHMARK zero_sum_const1.c
real 6.72
user 16.27
sys 1.72
VERIFICATION_SUCCESSFUL
RUNNING ON BENCHMARK zero_sum_const2.c
real 7.15
user 17.11
sys 1.81
VERIFICATION_SUCCESSFUL
RUNNING ON BENCHMARK zero_sum_const3.c
real 7.64
user 17.84
sys 1.98
VERIFICATION_SUCCESSFUL
RUNNING ON BENCHMARK zero_sum_const4.c
real 8.03
user 18.50
sys 1.97
VERIFICATION_SUCCESSFUL
RUNNING ON BENCHMARK zero_sum_const5.c
real 8.34
user 18.87
sys 1.95
VERIFICATION_SUCCESSFUL
RUNNING ON BENCHMARK zero_sum_const_m2.c
real 7.14
user 16.82
sys 1.80
VERIFICATION_SUCCESSFUL
RUNNING ON BENCHMARK zero_sum_const_m3.c
real 7.51
user 17.65
sys 1.92
VERIFICATION_SUCCESSFUL
RUNNING ON BENCHMARK zero_sum_const_m4.c
real 7.95
user 18.37
sys 1.95
VERIFICATION_SUCCESSFUL
RUNNING ON BENCHMARK zero_sum_const_m5.c
real 8.43
user 18.86
sys 2.00
VERIFICATION_SUCCESSFUL
RUNNING ON BENCHMARK zero_sum_const_m6.c
real 9.83
user 20.73
sys 2.28
VERIFICATION_SUCCESSFUL
RUNNING ON BENCHMARK zero_sum_m2.c
real 7.19
user 17.01
sys 1.79
VERIFICATION_SUCCESSFUL
RUNNING ON BENCHMARK zero_sum_m3.c
real 7.52
user 17.49
sys 1.74
VERIFICATION_SUCCESSFUL
RUNNING ON BENCHMARK zero_sum_m4.c
real 8.07
user 18.14
sys 2.01
VERIFICATION_SUCCESSFUL
RUNNING ON BENCHMARK zero_sum_m5.c
real 8.45
user 19.05
sys 2.01
VERIFICATION_SUCCESSFUL
RUNNING ON BENCHMARK zero_sum_m6.c
real 9.00
user 19.59
sys 2.24
VERIFICATION_SUCCESSFUL
