RUNNING ON BENCHMARK brs1.c
real 62.14
user 9.28
sys 8.88
TIMEOUT
RUNNING ON BENCHMARK brs2.c
real 61.49
user 9.17
sys 8.68
TIMEOUT
RUNNING ON BENCHMARK brs3.c
real 61.53
user 9.31
sys 8.59
TIMEOUT
RUNNING ON BENCHMARK brs4.c
real 61.62
user 9.11
sys 8.78
TIMEOUT
RUNNING ON BENCHMARK brs5.c
real 61.55
user 9.33
sys 8.51
TIMEOUT
RUNNING ON BENCHMARK cond1.c
real 61.65
user 9.12
sys 8.61
TIMEOUT
RUNNING ON BENCHMARK cond2.c
real 61.56
user 8.89
sys 8.51
TIMEOUT
RUNNING ON BENCHMARK cond2s1.c
real 30.18
user 33.14
sys 5.20
VERIFICATION_SUCCESSFUL
RUNNING ON BENCHMARK cond2s2.c
real 61.60
user 8.80
sys 8.72
TIMEOUT
RUNNING ON BENCHMARK conda.c
real 61.63
user 9.03
sys 8.79
TIMEOUT
RUNNING ON BENCHMARK condg.c
real 61.46
user 9.52
sys 8.20
TIMEOUT
RUNNING ON BENCHMARK condi.c
real 16.94
user 18.30
sys 2.95
VERIFICATION_SUCCESSFUL
RUNNING ON BENCHMARK condm.c
real 39.67
user 44.11
sys 6.72
VERIFICATION_SUCCESSFUL
RUNNING ON BENCHMARK condn.c
real 18.71
user 20.30
sys 3.36
VERIFICATION_SUCCESSFUL
RUNNING ON BENCHMARK condnl1.c
real 61.46
user 8.62
sys 8.56
TIMEOUT
RUNNING ON BENCHMARK conds2.c
real 61.48
user 9.10
sys 8.63
TIMEOUT
RUNNING ON BENCHMARK conds.c
real 61.54
user 9.08
sys 8.61
TIMEOUT
RUNNING ON BENCHMARK condsc.c
real 61.51
user 9.26
sys 8.29
TIMEOUT
RUNNING ON BENCHMARK condss1.c
real 61.54
user 8.75
sys 8.49
TIMEOUT
RUNNING ON BENCHMARK condss2.c
real 61.76
user 9.10
sys 8.51
TIMEOUT
RUNNING ON BENCHMARK condss3.c
real 61.58
user 8.67
sys 8.73
TIMEOUT
RUNNING ON BENCHMARK condss.c
real 61.65
user 8.73
sys 8.88
TIMEOUT
RUNNING ON BENCHMARK eqn1.c
real 61.53
user 9.06
sys 8.61
TIMEOUT
RUNNING ON BENCHMARK eqn2.c
real 61.58
user 9.06
sys 8.35
TIMEOUT
RUNNING ON BENCHMARK eqn3.c
real 61.57
user 8.88
sys 8.53
TIMEOUT
RUNNING ON BENCHMARK eqn4.c
real 61.51
user 8.72
sys 8.63
TIMEOUT
RUNNING ON BENCHMARK eqn5.c
real 61.60
user 8.90
sys 8.53
TIMEOUT
RUNNING ON BENCHMARK ifcomp.c
real 61.64
user 8.31
sys 8.83
TIMEOUT
RUNNING ON BENCHMARK ifeqn1.c
real 61.54
user 9.07
sys 8.56
TIMEOUT
RUNNING ON BENCHMARK ifeqn2.c
real 61.62
user 8.93
sys 8.43
TIMEOUT
RUNNING ON BENCHMARK ifeqn3.c
real 61.75
user 8.80
sys 8.69
TIMEOUT
RUNNING ON BENCHMARK ifeqn4.c
real 61.58
user 8.66
sys 8.67
TIMEOUT
RUNNING ON BENCHMARK ifeqn5.c
real 61.56
user 8.62
sys 8.76
TIMEOUT
RUNNING ON BENCHMARK ifncomp.c
real 61.60
user 8.47
sys 8.63
TIMEOUT
RUNNING ON BENCHMARK indp1.c
real 52.71
user 58.84
sys 8.80
VERIFICATION_SUCCESSFUL
RUNNING ON BENCHMARK indp2.c
real 19.66
user 21.27
sys 3.53
VERIFICATION_SUCCESSFUL
RUNNING ON BENCHMARK indp3.c
real 38.72
user 43.06
sys 6.38
VERIFICATION_SUCCESSFUL
RUNNING ON BENCHMARK indp4.c
real 33.31
user 36.83
sys 5.70
VERIFICATION_SUCCESSFUL
RUNNING ON BENCHMARK indp5.c
real 61.61
user 8.96
sys 8.71
TIMEOUT
RUNNING ON BENCHMARK modn.c
real 61.49
user 8.74
sys 8.79
TIMEOUT
RUNNING ON BENCHMARK modp.c
real 61.62
user 9.19
sys 8.63
TIMEOUT
RUNNING ON BENCHMARK mods.c
real 61.58
user 9.08
sys 8.57
TIMEOUT
RUNNING ON BENCHMARK ms1.c
real 61.54
user 9.15
sys 8.67
TIMEOUT
RUNNING ON BENCHMARK ms2.c
real 61.56
user 9.14
sys 8.62
TIMEOUT
RUNNING ON BENCHMARK ms3.c
real 61.57
user 9.07
sys 8.69
TIMEOUT
RUNNING ON BENCHMARK ms4.c
real 61.50
user 9.08
sys 8.73
TIMEOUT
RUNNING ON BENCHMARK ms5.c
real 61.47
user 9.22
sys 8.63
TIMEOUT
RUNNING ON BENCHMARK ncomp.c
real 15.43
user 16.45
sys 2.74
VERIFICATION_UNKNOWN
RUNNING ON BENCHMARK nested-as1.c
real 4.87
user 5.35
sys 0.74
VERIFICATION_UNKNOWN
RUNNING ON BENCHMARK nested-as2.c
real 4.87
user 5.41
sys 0.68
VERIFICATION_UNKNOWN
RUNNING ON BENCHMARK nested-as3.c
real 4.92
user 5.47
sys 0.69
VERIFICATION_UNKNOWN
RUNNING ON BENCHMARK nested-nli1.c
real 4.82
user 5.36
sys 0.67
VERIFICATION_UNKNOWN
RUNNING ON BENCHMARK nested-nli2.c
real 4.89
user 5.40
sys 0.70
VERIFICATION_UNKNOWN
RUNNING ON BENCHMARK nested-nli3.c
real 4.85
user 5.34
sys 0.74
VERIFICATION_UNKNOWN
RUNNING ON BENCHMARK nested-nlj1.c
real 4.92
user 5.43
sys 0.73
VERIFICATION_UNKNOWN
RUNNING ON BENCHMARK nested-nlj2.c
real 4.86
user 5.43
sys 0.67
VERIFICATION_UNKNOWN
RUNNING ON BENCHMARK nested-nlj3.c
real 4.93
user 5.40
sys 0.79
VERIFICATION_UNKNOWN
RUNNING ON BENCHMARK nested-nsna1.c
real 4.84
user 5.33
sys 0.72
VERIFICATION_UNKNOWN
RUNNING ON BENCHMARK nested-nsna2.c
real 4.84
user 5.32
sys 0.72
VERIFICATION_UNKNOWN
RUNNING ON BENCHMARK nested-nsna3.c
real 4.85
user 5.39
sys 0.68
VERIFICATION_UNKNOWN
RUNNING ON BENCHMARK nested-sa1.c
real 4.87
user 5.41
sys 0.68
VERIFICATION_UNKNOWN
RUNNING ON BENCHMARK nested-sna1.c
real 4.93
user 5.37
sys 0.81
VERIFICATION_UNKNOWN
RUNNING ON BENCHMARK nested-sna2.c
real 4.89
user 5.46
sys 0.68
VERIFICATION_UNKNOWN
RUNNING ON BENCHMARK nested-sna3.c
real 4.85
user 5.40
sys 0.66
VERIFICATION_UNKNOWN
RUNNING ON BENCHMARK nested-ss1.c
real 4.91
user 5.42
sys 0.74
VERIFICATION_UNKNOWN
RUNNING ON BENCHMARK nested-ss2.c
real 4.90
user 5.39
sys 0.73
VERIFICATION_UNKNOWN
RUNNING ON BENCHMARK nested-ss3.c
real 4.92
user 5.42
sys 0.72
VERIFICATION_UNKNOWN
RUNNING ON BENCHMARK nested-sum.c
real 3.86
user 4.23
sys 0.60
VERIFICATION_UNKNOWN
RUNNING ON BENCHMARK nested-unb1.c
real 4.91
user 5.45
sys 0.69
VERIFICATION_UNKNOWN
RUNNING ON BENCHMARK nested-unb2.c
real 4.93
user 5.47
sys 0.72
VERIFICATION_UNKNOWN
RUNNING ON BENCHMARK nested-unb3.c
real 4.93
user 5.48
sys 0.70
VERIFICATION_UNKNOWN
RUNNING ON BENCHMARK nsqm.c
real 61.62
user 9.01
sys 8.69
TIMEOUT
RUNNING ON BENCHMARK nsqm-if.c
real 61.58
user 8.92
sys 8.76
TIMEOUT
RUNNING ON BENCHMARK pcomp.c
real 61.59
user 8.51
sys 8.69
TIMEOUT
RUNNING ON BENCHMARK res1.c
real 61.66
user 9.16
sys 8.67
TIMEOUT
RUNNING ON BENCHMARK res1o.c
real 61.57
user 9.29
sys 8.45
TIMEOUT
RUNNING ON BENCHMARK res2.c
real 61.56
user 9.04
sys 8.60
TIMEOUT
RUNNING ON BENCHMARK res2o.c
real 61.68
user 8.87
sys 8.77
TIMEOUT
RUNNING ON BENCHMARK s12if.c
real 61.55
user 9.07
sys 8.65
TIMEOUT
RUNNING ON BENCHMARK s1if.c
real 61.62
user 9.01
sys 8.65
TIMEOUT
RUNNING ON BENCHMARK s1lif.c
real 61.55
user 9.23
sys 8.70
TIMEOUT
RUNNING ON BENCHMARK s22if.c
real 61.57
user 9.04
sys 8.58
TIMEOUT
RUNNING ON BENCHMARK s2if.c
real 61.66
user 9.13
sys 8.56
TIMEOUT
RUNNING ON BENCHMARK s2lif.c
real 61.62
user 9.18
sys 8.64
TIMEOUT
RUNNING ON BENCHMARK s32if.c
real 61.65
user 8.94
sys 8.63
TIMEOUT
RUNNING ON BENCHMARK s3if.c
real 61.60
user 9.14
sys 8.60
TIMEOUT
RUNNING ON BENCHMARK s3lif.c
real 61.67
user 8.99
sys 8.88
TIMEOUT
RUNNING ON BENCHMARK s42if.c
real 61.60
user 9.03
sys 8.71
TIMEOUT
RUNNING ON BENCHMARK s4if.c
real 61.59
user 8.97
sys 8.77
TIMEOUT
RUNNING ON BENCHMARK s4lif.c
real 61.59
user 9.17
sys 8.71
TIMEOUT
RUNNING ON BENCHMARK s52if.c
real 61.50
user 8.90
sys 8.75
TIMEOUT
RUNNING ON BENCHMARK s5if.c
real 61.52
user 9.00
sys 8.68
TIMEOUT
RUNNING ON BENCHMARK s5lif.c
real 61.56
user 9.27
sys 8.58
TIMEOUT
RUNNING ON BENCHMARK sanfoundry_27_ground.c
real 34.46
user 38.31
sys 5.88
VERIFICATION_SUCCESSFUL
RUNNING ON BENCHMARK sina1.c
real 61.52
user 9.10
sys 8.69
TIMEOUT
RUNNING ON BENCHMARK sina2.c
real 61.61
user 9.23
sys 8.51
TIMEOUT
RUNNING ON BENCHMARK sina3.c
real 61.52
user 9.10
sys 8.48
TIMEOUT
RUNNING ON BENCHMARK sina4.c
real 61.59
user 8.92
sys 8.73
TIMEOUT
RUNNING ON BENCHMARK sina5.c
real 61.49
user 8.97
sys 8.57
TIMEOUT
RUNNING ON BENCHMARK sqm.c
real 61.62
user 9.10
sys 8.59
TIMEOUT
RUNNING ON BENCHMARK sqm-if.c
real 61.58
user 9.16
sys 8.57
TIMEOUT
RUNNING ON BENCHMARK ss1.c
real 61.57
user 9.41
sys 8.35
TIMEOUT
RUNNING ON BENCHMARK ss2.c
real 61.62
user 8.95
sys 8.61
TIMEOUT
RUNNING ON BENCHMARK ss3.c
real 61.58
user 9.06
sys 8.67
TIMEOUT
RUNNING ON BENCHMARK ss4.c
real 61.56
user 9.05
sys 8.70
TIMEOUT
RUNNING ON BENCHMARK ssina.c
real 61.53
user 8.92
sys 8.64
TIMEOUT
RUNNING ON BENCHMARK standard_compare_ground.c
real 18.13
user 19.69
sys 3.08
VERIFICATION_SUCCESSFUL
RUNNING ON BENCHMARK standard_compareModified_ground.c
real 61.48
user 9.24
sys 8.51
TIMEOUT
RUNNING ON BENCHMARK standard_copy1_ground-1.c
real 15.26
user 16.61
sys 2.66
VERIFICATION_SUCCESSFUL
RUNNING ON BENCHMARK standard_copy2_ground-2.c
real 61.58
user 8.90
sys 8.75
TIMEOUT
RUNNING ON BENCHMARK standard_copy3_ground-1.c
real 29.38
user 32.26
sys 5.07
VERIFICATION_SUCCESSFUL
RUNNING ON BENCHMARK standard_copy4_ground-1.c
real 61.58
user 8.77
sys 8.76
TIMEOUT
RUNNING ON BENCHMARK standard_copy5_ground-1.c
real 61.78
user 9.09
sys 8.53
TIMEOUT
RUNNING ON BENCHMARK standard_copy6_ground-2.c
real 61.66
user 8.86
sys 8.63
TIMEOUT
RUNNING ON BENCHMARK standard_copy7_ground-2.c
real 61.47
user 8.92
sys 8.48
TIMEOUT
RUNNING ON BENCHMARK standard_copy8_ground-1.c
real 61.63
user 8.68
sys 8.58
TIMEOUT
RUNNING ON BENCHMARK standard_copy9_ground-2.c
real 61.43
user 8.55
sys 8.60
TIMEOUT
RUNNING ON BENCHMARK standard_copyInit_ground.c
real 61.47
user 9.12
sys 8.62
TIMEOUT
RUNNING ON BENCHMARK standard_copyInitSum2_ground-2.c
real 61.49
user 9.30
sys 8.35
TIMEOUT
RUNNING ON BENCHMARK standard_copyInitSum3_ground.c
real 61.46
user 8.90
sys 8.64
TIMEOUT
RUNNING ON BENCHMARK standard_copyInitSum_ground.c
real 61.50
user 9.20
sys 8.47
TIMEOUT
RUNNING ON BENCHMARK standard_init1_ground-2.c
real 15.93
user 17.54
sys 2.62
VERIFICATION_SUCCESSFUL
RUNNING ON BENCHMARK standard_init2_ground-2.c
real 17.99
user 19.64
sys 3.20
VERIFICATION_SUCCESSFUL
RUNNING ON BENCHMARK standard_init3_ground-2.c
real 21.56
user 23.55
sys 3.91
VERIFICATION_SUCCESSFUL
RUNNING ON BENCHMARK standard_init4_ground-2.c
real 61.52
user 8.94
sys 8.71
TIMEOUT
RUNNING ON BENCHMARK standard_init5_ground-1.c
real 27.49
user 30.13
sys 4.84
VERIFICATION_SUCCESSFUL
RUNNING ON BENCHMARK standard_init6_ground-2.c
real 61.45
user 8.87
sys 8.63
TIMEOUT
RUNNING ON BENCHMARK standard_init7_ground-2.c
real 61.46
user 8.96
sys 8.44
TIMEOUT
RUNNING ON BENCHMARK standard_init8_ground-2.c
real 27.75
user 30.54
sys 4.52
VERIFICATION_SUCCESSFUL
RUNNING ON BENCHMARK standard_init9_ground-2.c
real 61.51
user 8.85
sys 8.39
TIMEOUT
RUNNING ON BENCHMARK standard_maxInArray_ground.c
real 61.45
user 9.04
sys 8.69
TIMEOUT
RUNNING ON BENCHMARK standard_minInArray_ground-2.c
real 61.47
user 9.23
sys 8.52
TIMEOUT
RUNNING ON BENCHMARK standard_password_ground.c
real 16.18
user 17.56
sys 2.91
VERIFICATION_SUCCESSFUL
RUNNING ON BENCHMARK standard_running-2.c
real 61.60
user 9.37
sys 8.39
TIMEOUT
RUNNING ON BENCHMARK standard_seq_init_ground.c
real 20.38
user 22.66
sys 3.34
VERIFICATION_SUCCESSFUL
RUNNING ON BENCHMARK standard_strcmp_ground.c
real 17.87
user 19.61
sys 3.00
VERIFICATION_SUCCESSFUL
RUNNING ON BENCHMARK standard_vector_difference_ground.c
real 61.34
user 8.98
sys 8.71
TIMEOUT
RUNNING ON BENCHMARK zero_sum1.c
real 61.52
user 9.22
sys 8.59
TIMEOUT
RUNNING ON BENCHMARK zero_sum2.c
real 61.56
user 8.93
sys 8.71
TIMEOUT
RUNNING ON BENCHMARK zero_sum3.c
real 61.54
user 8.88
sys 8.63
TIMEOUT
RUNNING ON BENCHMARK zero_sum4.c
real 61.56
user 8.99
sys 8.50
TIMEOUT
RUNNING ON BENCHMARK zero_sum5.c
real 61.56
user 8.64
sys 8.67
TIMEOUT
RUNNING ON BENCHMARK zero_sum_const1.c
real 61.60
user 9.07
sys 8.72
TIMEOUT
RUNNING ON BENCHMARK zero_sum_const2.c
real 61.50
user 8.81
sys 8.86
TIMEOUT
RUNNING ON BENCHMARK zero_sum_const3.c
real 61.66
user 8.66
sys 8.97
TIMEOUT
RUNNING ON BENCHMARK zero_sum_const4.c
real 61.58
user 9.00
sys 8.42
TIMEOUT
RUNNING ON BENCHMARK zero_sum_const5.c
real 61.51
user 8.74
sys 8.52
TIMEOUT
RUNNING ON BENCHMARK zero_sum_const_m2.c
real 61.58
user 8.95
sys 8.81
TIMEOUT
RUNNING ON BENCHMARK zero_sum_const_m3.c
real 61.56
user 9.04
sys 8.68
TIMEOUT
RUNNING ON BENCHMARK zero_sum_const_m4.c
real 61.55
user 8.72
sys 8.77
TIMEOUT
RUNNING ON BENCHMARK zero_sum_const_m5.c
real 61.61
user 8.95
sys 8.30
TIMEOUT
RUNNING ON BENCHMARK zero_sum_const_m6.c
real 61.52
user 8.61
sys 8.60
TIMEOUT
RUNNING ON BENCHMARK zero_sum_m2.c
real 61.79
user 9.08
sys 8.59
TIMEOUT
RUNNING ON BENCHMARK zero_sum_m3.c
real 61.52
user 8.99
sys 8.57
TIMEOUT
RUNNING ON BENCHMARK zero_sum_m4.c
real 61.58
user 8.76
sys 8.67
TIMEOUT
RUNNING ON BENCHMARK zero_sum_m5.c
real 61.61
user 8.59
sys 8.63
TIMEOUT
RUNNING ON BENCHMARK zero_sum_m6.c
real 61.57
user 8.81
sys 8.36
TIMEOUT
