RUNNING ON BENCHMARK brs1f.c
real 14.79
user 23.66
sys 4.38
VERIFICATION_FAILED
RUNNING ON BENCHMARK brs2f.c
real 9.04
user 20.91
sys 2.75
VERIFICATION_FAILED
RUNNING ON BENCHMARK brs3f.c
real 9.08
user 21.68
sys 2.55
VERIFICATION_FAILED
RUNNING ON BENCHMARK brs4f.c
real 9.03
user 21.33
sys 2.60
VERIFICATION_FAILED
RUNNING ON BENCHMARK brs5f.c
real 9.11
user 21.53
sys 2.75
VERIFICATION_FAILED
RUNNING ON BENCHMARK cond1f.c
real 14.68
user 34.97
sys 4.11
VERIFICATION_FAILED
RUNNING ON BENCHMARK cond2f.c
real 23.83
user 46.68
sys 5.55
VERIFICATION_FAILED
RUNNING ON BENCHMARK cond2s1f.c
real 21.97
user 50.66
sys 5.08
VERIFICATION_FAILED
RUNNING ON BENCHMARK cond2s2f.c
real 34.36
user 7.36
sys 5.28
TIMEOUT
RUNNING ON BENCHMARK condaf.c
real 9.18
user 21.33
sys 2.70
VERIFICATION_FAILED
RUNNING ON BENCHMARK condgf.c
real 15.03
user 35.69
sys 4.09
VERIFICATION_FAILED
RUNNING ON BENCHMARK condif.c
real 7.19
user 16.76
sys 2.28
VERIFICATION_FAILED
RUNNING ON BENCHMARK condmf.c
real 7.18
user 16.42
sys 2.31
VERIFICATION_FAILED
RUNNING ON BENCHMARK condnf.c
real 7.42
user 16.96
sys 2.47
VERIFICATION_FAILED
RUNNING ON BENCHMARK condnl1f.c
real 49.05
user 12.73
sys 7.95
TIMEOUT
RUNNING ON BENCHMARK conds2f.c
real 49.01
user 12.66
sys 7.91
TIMEOUT
RUNNING ON BENCHMARK condscf.c
real 9.18
user 21.27
sys 2.64
VERIFICATION_FAILED
RUNNING ON BENCHMARK condsf.c
real 14.17
user 31.15
sys 3.87
VERIFICATION_FAILED
RUNNING ON BENCHMARK condss1f.c
real 25.23
user 52.35
sys 6.18
VERIFICATION_FAILED
RUNNING ON BENCHMARK condss2f.c
real 32.28
user 6.85
sys 5.03
TIMEOUT
RUNNING ON BENCHMARK condss3f.c
real 9.49
user 22.37
sys 2.61
VERIFICATION_FAILED
RUNNING ON BENCHMARK condssf.c
real 48.45
user 12.46
sys 7.84
TIMEOUT
RUNNING ON BENCHMARK eqn1f.c
real 7.19
user 16.61
sys 2.31
VERIFICATION_FAILED
RUNNING ON BENCHMARK eqn2f.c
real 7.14
user 16.53
sys 2.22
VERIFICATION_FAILED
RUNNING ON BENCHMARK eqn3f.c
real 47.88
user 12.25
sys 7.79
TIMEOUT
RUNNING ON BENCHMARK eqn4f.c
real 48.19
user 12.16
sys 8.02
TIMEOUT
RUNNING ON BENCHMARK eqn5f.c
real 48.06
user 12.39
sys 7.69
TIMEOUT
RUNNING ON BENCHMARK ifcompf.c
real 47.71
user 12.23
sys 7.86
TIMEOUT
RUNNING ON BENCHMARK ifeqn1f.c
real 48.23
user 12.25
sys 7.94
TIMEOUT
RUNNING ON BENCHMARK ifeqn2f.c
real 48.12
user 12.36
sys 7.79
TIMEOUT
RUNNING ON BENCHMARK ifeqn3f.c
real 48.14
user 12.46
sys 7.79
TIMEOUT
RUNNING ON BENCHMARK ifeqn4f.c
real 47.93
user 12.18
sys 7.99
TIMEOUT
RUNNING ON BENCHMARK ifeqn5f.c
real 48.06
user 12.42
sys 7.76
TIMEOUT
RUNNING ON BENCHMARK ifncompf.c
real 48.46
user 12.33
sys 8.07
TIMEOUT
RUNNING ON BENCHMARK indp1f.c
real 7.24
user 16.72
sys 2.33
VERIFICATION_FAILED
RUNNING ON BENCHMARK indp2f.c
real 7.17
user 16.75
sys 2.20
VERIFICATION_FAILED
RUNNING ON BENCHMARK indp3f.c
real 7.18
user 16.72
sys 2.18
VERIFICATION_FAILED
RUNNING ON BENCHMARK indp4f.c
real 7.18
user 16.88
sys 2.15
VERIFICATION_FAILED
RUNNING ON BENCHMARK indp5f.c
real 9.46
user 21.90
sys 2.61
VERIFICATION_FAILED
RUNNING ON BENCHMARK modnf.c
real 12.57
user 28.54
sys 3.57
VERIFICATION_FAILED
RUNNING ON BENCHMARK modpf.c
real 14.36
user 30.28
sys 4.37
VERIFICATION_FAILED
RUNNING ON BENCHMARK modsf.c
real 15.45
user 36.04
sys 4.33
VERIFICATION_FAILED
RUNNING ON BENCHMARK ms1f.c
real 9.03
user 21.40
sys 2.54
VERIFICATION_FAILED
RUNNING ON BENCHMARK ms2f.c
real 9.15
user 21.92
sys 2.71
VERIFICATION_FAILED
RUNNING ON BENCHMARK ms3f.c
real 9.08
user 21.32
sys 2.64
VERIFICATION_FAILED
RUNNING ON BENCHMARK ms4f.c
real 9.06
user 21.46
sys 2.58
VERIFICATION_FAILED
RUNNING ON BENCHMARK ms5f.c
real 9.07
user 21.79
sys 2.68
VERIFICATION_FAILED
RUNNING ON BENCHMARK ncompf.c
real 7.31
user 16.96
sys 2.38
VERIFICATION_FAILED
RUNNING ON BENCHMARK nested-as1f.c
real 26.29
user 49.20
sys 5.87
VERIFICATION_FAILED
RUNNING ON BENCHMARK nested-as2f.c
real 16.97
user 38.24
sys 4.16
VERIFICATION_FAILED
RUNNING ON BENCHMARK nested-as3f.c
real 26.15
user 49.27
sys 5.63
VERIFICATION_FAILED
RUNNING ON BENCHMARK nested-nli1f.c
real 7.29
user 17.03
sys 2.15
VERIFICATION_FAILED
RUNNING ON BENCHMARK nested-nli2f.c
real 7.24
user 16.74
sys 2.28
VERIFICATION_FAILED
RUNNING ON BENCHMARK nested-nli3f.c
real 8.33
user 17.42
sys 2.46
VERIFICATION_FAILED
RUNNING ON BENCHMARK nested-nlj1f.c
real 7.27
user 17.03
sys 2.34
VERIFICATION_FAILED
RUNNING ON BENCHMARK nested-nlj2f.c
real 7.30
user 16.87
sys 2.32
VERIFICATION_FAILED
RUNNING ON BENCHMARK nested-nlj3f.c
real 7.15
user 16.76
sys 2.34
VERIFICATION_FAILED
RUNNING ON BENCHMARK nested-nsna1f.c
real 21.96
user 44.21
sys 4.81
VERIFICATION_FAILED
RUNNING ON BENCHMARK nested-nsna2f.c
real 32.21
user 56.60
sys 6.87
VERIFICATION_FAILED
RUNNING ON BENCHMARK nested-nsna3f.c
real 45.26
user 9.61
sys 7.26
TIMEOUT
RUNNING ON BENCHMARK nested-sa1.c
real 15.51
user 35.71
sys 3.94
VERIFICATION_FAILED
RUNNING ON BENCHMARK nested-sna1f.c
real 16.54
user 37.05
sys 3.94
VERIFICATION_FAILED
RUNNING ON BENCHMARK nested-sna2f.c
real 25.91
user 48.15
sys 5.76
VERIFICATION_FAILED
RUNNING ON BENCHMARK nested-sna3f.c
real 23.45
user 45.41
sys 5.21
VERIFICATION_FAILED
RUNNING ON BENCHMARK nested-ss1f.c
real 26.36
user 49.73
sys 5.82
VERIFICATION_FAILED
RUNNING ON BENCHMARK nested-ss2f.c
real 20.03
user 41.84
sys 4.59
VERIFICATION_FAILED
RUNNING ON BENCHMARK nested-ss3f.c
real 26.63
user 50.54
sys 5.88
VERIFICATION_FAILED
RUNNING ON BENCHMARK nested-sumf.c
real 13.43
user 32.61
sys 3.38
VERIFICATION_FAILED
RUNNING ON BENCHMARK nested-unb1f.c
real 7.22
user 16.55
sys 2.21
VERIFICATION_FAILED
RUNNING ON BENCHMARK nested-unb2f.c
real 7.27
user 17.01
sys 2.22
VERIFICATION_FAILED
RUNNING ON BENCHMARK nested-unb3f.c
real 7.19
user 16.81
sys 2.15
VERIFICATION_FAILED
RUNNING ON BENCHMARK nsqmf.c
real 7.21
user 16.67
sys 2.19
VERIFICATION_FAILED
RUNNING ON BENCHMARK nsqm-iff.c
real 47.63
user 12.31
sys 7.60
TIMEOUT
RUNNING ON BENCHMARK pcompf.c
real 7.27
user 16.87
sys 2.29
VERIFICATION_FAILED
RUNNING ON BENCHMARK res1f.c
real 9.33
user 21.62
sys 2.83
VERIFICATION_FAILED
RUNNING ON BENCHMARK res1of.c
real 9.34
user 22.20
sys 2.77
VERIFICATION_FAILED
RUNNING ON BENCHMARK res2f.c
real 9.52
user 21.96
sys 2.76
VERIFICATION_FAILED
RUNNING ON BENCHMARK res2of.c
real 9.45
user 22.21
sys 2.74
VERIFICATION_FAILED
RUNNING ON BENCHMARK s12iff.c
real 9.35
user 22.05
sys 2.79
VERIFICATION_FAILED
RUNNING ON BENCHMARK s1iff.c
real 9.17
user 21.44
sys 2.67
VERIFICATION_FAILED
RUNNING ON BENCHMARK s1liff.c
real 9.25
user 21.82
sys 2.77
VERIFICATION_FAILED
RUNNING ON BENCHMARK s22iff.c
real 9.29
user 21.73
sys 2.80
VERIFICATION_FAILED
RUNNING ON BENCHMARK s2iff.c
real 9.12
user 21.62
sys 2.61
VERIFICATION_FAILED
RUNNING ON BENCHMARK s2liff.c
real 9.23
user 21.83
sys 2.68
VERIFICATION_FAILED
RUNNING ON BENCHMARK s32iff.c
real 9.28
user 21.77
sys 2.73
VERIFICATION_FAILED
RUNNING ON BENCHMARK s3iff.c
real 9.16
user 21.27
sys 2.84
VERIFICATION_FAILED
RUNNING ON BENCHMARK s3liff.c
real 9.22
user 22.01
sys 2.55
VERIFICATION_FAILED
RUNNING ON BENCHMARK s42iff.c
real 9.35
user 22.08
sys 2.77
VERIFICATION_FAILED
RUNNING ON BENCHMARK s4iff.c
real 9.09
user 21.36
sys 2.66
VERIFICATION_FAILED
RUNNING ON BENCHMARK s4liff.c
real 9.35
user 21.89
sys 2.87
VERIFICATION_FAILED
RUNNING ON BENCHMARK s52iff.c
real 9.41
user 22.08
sys 2.81
VERIFICATION_FAILED
RUNNING ON BENCHMARK s5iff.c
real 9.09
user 21.50
sys 2.69
VERIFICATION_FAILED
RUNNING ON BENCHMARK s5liff.c
real 9.15
user 21.50
sys 2.72
VERIFICATION_FAILED
RUNNING ON BENCHMARK sina1f.c
real 12.61
user 28.90
sys 3.79
VERIFICATION_FAILED
RUNNING ON BENCHMARK sina2f.c
real 49.54
user 12.89
sys 8.01
TIMEOUT
RUNNING ON BENCHMARK sina3f.c
real 49.21
user 12.87
sys 7.78
TIMEOUT
RUNNING ON BENCHMARK sina4f.c
real 48.93
user 12.54
sys 7.99
TIMEOUT
RUNNING ON BENCHMARK sina5f.c
real 15.10
user 35.68
sys 4.21
VERIFICATION_FAILED
RUNNING ON BENCHMARK sqmf.c
real 7.25
user 16.96
sys 2.34
VERIFICATION_FAILED
RUNNING ON BENCHMARK sqm-iff.c
real 48.10
user 12.31
sys 7.97
TIMEOUT
RUNNING ON BENCHMARK ss1f.c
real 9.45
user 22.08
sys 2.77
VERIFICATION_FAILED
RUNNING ON BENCHMARK ss2f.c
real 15.56
user 36.73
sys 3.98
VERIFICATION_FAILED
RUNNING ON BENCHMARK ss3f.c
real 10.53
user 21.95
sys 3.02
VERIFICATION_FAILED
RUNNING ON BENCHMARK ss4f.c
real 9.40
user 21.97
sys 2.94
VERIFICATION_FAILED
RUNNING ON BENCHMARK ssinaf.c
real 15.76
user 36.58
sys 4.32
VERIFICATION_FAILED
RUNNING ON BENCHMARK standard_copy1_ground-2.c
real 7.18
user 16.60
sys 2.33
VERIFICATION_FAILED
RUNNING ON BENCHMARK standard_copy2_ground-1.c
real 7.26
user 16.83
sys 2.31
VERIFICATION_FAILED
RUNNING ON BENCHMARK standard_copy3_ground-2.c
real 7.18
user 16.77
sys 2.24
VERIFICATION_FAILED
RUNNING ON BENCHMARK standard_copy4_ground-2.c
real 7.29
user 17.00
sys 2.38
VERIFICATION_FAILED
RUNNING ON BENCHMARK standard_copy5_ground-2.c
real 7.47
user 17.42
sys 2.27
VERIFICATION_FAILED
RUNNING ON BENCHMARK standard_copy6_ground-1.c
real 7.58
user 17.85
sys 2.27
VERIFICATION_FAILED
RUNNING ON BENCHMARK standard_copy7_ground-1.c
real 7.64
user 17.95
sys 2.26
VERIFICATION_FAILED
RUNNING ON BENCHMARK standard_copy8_ground-2.c
real 7.49
user 17.51
sys 2.24
VERIFICATION_FAILED
RUNNING ON BENCHMARK standard_copy9_ground-1.c
real 7.44
user 17.45
sys 2.26
VERIFICATION_FAILED
RUNNING ON BENCHMARK standard_copyInitSum2_ground-1.c
real 14.69
user 36.17
sys 4.07
VERIFICATION_FAILED
RUNNING ON BENCHMARK standard_init1_ground-1.c
real 14.24
user 35.00
sys 3.89
VERIFICATION_FAILED
RUNNING ON BENCHMARK standard_init2_ground-1.c
real 14.61
user 35.72
sys 3.81
VERIFICATION_FAILED
RUNNING ON BENCHMARK standard_init3_ground-1.c
real 14.81
user 36.72
sys 4.06
VERIFICATION_FAILED
RUNNING ON BENCHMARK standard_init4_ground-1.c
real 14.89
user 36.80
sys 4.12
VERIFICATION_FAILED
RUNNING ON BENCHMARK standard_init5_ground-2.c
real 14.89
user 36.83
sys 3.96
VERIFICATION_FAILED
RUNNING ON BENCHMARK standard_init6_ground-1.c
real 15.22
user 37.69
sys 4.20
VERIFICATION_FAILED
RUNNING ON BENCHMARK standard_init7_ground-1.c
real 15.24
user 38.19
sys 4.02
VERIFICATION_FAILED
RUNNING ON BENCHMARK standard_init8_ground-1.c
real 15.45
user 38.24
sys 4.24
VERIFICATION_FAILED
RUNNING ON BENCHMARK standard_init9_ground-1.c
real 15.63
user 38.76
sys 4.31
VERIFICATION_FAILED
RUNNING ON BENCHMARK standard_minInArray_ground-1.c
real 9.52
user 22.24
sys 2.83
VERIFICATION_FAILED
RUNNING ON BENCHMARK standard_running-1.c
real 9.21
user 21.66
sys 2.75
VERIFICATION_FAILED
RUNNING ON BENCHMARK zero_sum1f.c
real 9.43
user 21.94
sys 2.75
VERIFICATION_FAILED
RUNNING ON BENCHMARK zero_sum2f.c
real 9.73
user 22.83
sys 2.76
VERIFICATION_FAILED
RUNNING ON BENCHMARK zero_sum3f.c
real 9.99
user 23.01
sys 3.08
VERIFICATION_FAILED
RUNNING ON BENCHMARK zero_sum4f.c
real 10.51
user 23.90
sys 2.98
VERIFICATION_FAILED
RUNNING ON BENCHMARK zero_sum5f.c
real 10.81
user 24.33
sys 2.93
VERIFICATION_FAILED
RUNNING ON BENCHMARK zero_sum_const1f.c
real 9.28
user 21.83
sys 2.66
VERIFICATION_FAILED
RUNNING ON BENCHMARK zero_sum_const2f.c
real 9.55
user 22.42
sys 2.76
VERIFICATION_FAILED
RUNNING ON BENCHMARK zero_sum_const3f.c
real 9.98
user 23.06
sys 2.89
VERIFICATION_FAILED
RUNNING ON BENCHMARK zero_sum_const4f.c
real 10.62
user 23.63
sys 3.00
VERIFICATION_FAILED
RUNNING ON BENCHMARK zero_sum_const5f.c
real 10.91
user 24.27
sys 2.95
VERIFICATION_FAILED
RUNNING ON BENCHMARK zero_sum_const_m2f.c
real 9.55
user 22.41
sys 2.72
VERIFICATION_FAILED
RUNNING ON BENCHMARK zero_sum_const_m3f.c
real 9.83
user 22.55
sys 2.86
VERIFICATION_FAILED
RUNNING ON BENCHMARK zero_sum_const_m4f.c
real 10.32
user 23.32
sys 2.98
VERIFICATION_FAILED
RUNNING ON BENCHMARK zero_sum_const_m5f.c
real 10.88
user 24.30
sys 3.00
VERIFICATION_FAILED
RUNNING ON BENCHMARK zero_sum_const_m6f.c
real 11.30
user 25.18
sys 3.10
VERIFICATION_FAILED
RUNNING ON BENCHMARK zero_sum_m2f.c
real 9.69
user 22.38
sys 2.96
VERIFICATION_FAILED
RUNNING ON BENCHMARK zero_sum_m3f.c
real 10.12
user 23.08
sys 3.01
VERIFICATION_FAILED
RUNNING ON BENCHMARK zero_sum_m4f.c
real 10.56
user 23.89
sys 2.92
VERIFICATION_FAILED
RUNNING ON BENCHMARK zero_sum_m5f.c
real 10.93
user 24.54
sys 3.07
VERIFICATION_FAILED
RUNNING ON BENCHMARK zero_sum_m6f.c
real 11.49
user 25.18
sys 3.38
VERIFICATION_FAILED
