RUNNING ON BENCHMARK brs1f.c
real 13.89
user 15.38
sys 2.13
VERIFICATION_FAILED
RUNNING ON BENCHMARK brs2f.c
real 13.93
user 15.35
sys 2.26
VERIFICATION_FAILED
RUNNING ON BENCHMARK brs3f.c
real 15.01
user 16.52
sys 2.35
VERIFICATION_FAILED
RUNNING ON BENCHMARK brs4f.c
real 14.32
user 15.83
sys 2.29
VERIFICATION_FAILED
RUNNING ON BENCHMARK brs5f.c
real 14.54
user 16.06
sys 2.32
VERIFICATION_FAILED
RUNNING ON BENCHMARK cond1f.c
real 18.14
user 20.22
sys 2.64
VERIFICATION_FAILED
RUNNING ON BENCHMARK cond2f.c
real 18.54
user 20.62
sys 2.75
VERIFICATION_FAILED
RUNNING ON BENCHMARK cond2s1f.c
real 18.06
user 20.00
sys 2.74
VERIFICATION_FAILED
RUNNING ON BENCHMARK cond2s2f.c
real 17.64
user 19.56
sys 2.64
VERIFICATION_FAILED
RUNNING ON BENCHMARK condaf.c
real 14.74
user 16.29
sys 2.27
VERIFICATION_FAILED
RUNNING ON BENCHMARK condgf.c
real 17.75
user 19.76
sys 2.64
VERIFICATION_FAILED
RUNNING ON BENCHMARK condif.c
real 15.82
user 17.53
sys 2.39
VERIFICATION_FAILED
RUNNING ON BENCHMARK condmf.c
real 15.68
user 17.41
sys 2.30
VERIFICATION_FAILED
RUNNING ON BENCHMARK condnf.c
real 15.47
user 17.16
sys 2.28
VERIFICATION_FAILED
RUNNING ON BENCHMARK condnl1f.c
real 61.90
user 8.55
sys 8.85
TIMEOUT
RUNNING ON BENCHMARK conds2f.c
real 18.52
user 20.36
sys 2.80
VERIFICATION_FAILED
RUNNING ON BENCHMARK condscf.c
real 17.75
user 19.67
sys 2.73
VERIFICATION_FAILED
RUNNING ON BENCHMARK condsf.c
real 18.05
user 19.96
sys 2.78
VERIFICATION_FAILED
RUNNING ON BENCHMARK condss1f.c
real 22.10
user 24.54
sys 3.34
VERIFICATION_FAILED
RUNNING ON BENCHMARK condss2f.c
real 61.47
user 8.85
sys 8.68
TIMEOUT
RUNNING ON BENCHMARK condss3f.c
real 22.34
user 24.86
sys 3.30
VERIFICATION_FAILED
RUNNING ON BENCHMARK condssf.c
real 23.06
user 25.63
sys 3.43
VERIFICATION_FAILED
RUNNING ON BENCHMARK eqn1f.c
real 14.08
user 15.64
sys 2.09
VERIFICATION_FAILED
RUNNING ON BENCHMARK eqn2f.c
real 14.27
user 15.74
sys 2.22
VERIFICATION_FAILED
RUNNING ON BENCHMARK eqn3f.c
real 14.08
user 15.59
sys 2.16
VERIFICATION_FAILED
RUNNING ON BENCHMARK eqn4f.c
real 14.07
user 15.58
sys 2.15
VERIFICATION_FAILED
RUNNING ON BENCHMARK eqn5f.c
real 14.48
user 15.96
sys 2.27
VERIFICATION_FAILED
RUNNING ON BENCHMARK ifcompf.c
real 22.34
user 24.69
sys 3.47
VERIFICATION_FAILED
RUNNING ON BENCHMARK ifeqn1f.c
real 17.54
user 19.54
sys 2.53
VERIFICATION_FAILED
RUNNING ON BENCHMARK ifeqn2f.c
real 16.81
user 18.76
sys 2.39
VERIFICATION_FAILED
RUNNING ON BENCHMARK ifeqn3f.c
real 17.69
user 19.68
sys 2.60
VERIFICATION_FAILED
RUNNING ON BENCHMARK ifeqn4f.c
real 17.43
user 19.46
sys 2.47
VERIFICATION_FAILED
RUNNING ON BENCHMARK ifeqn5f.c
real 17.07
user 19.05
sys 2.44
VERIFICATION_FAILED
RUNNING ON BENCHMARK ifncompf.c
real 20.53
user 22.87
sys 2.94
VERIFICATION_FAILED
RUNNING ON BENCHMARK indp1f.c
real 16.71
user 18.51
sys 2.52
VERIFICATION_FAILED
RUNNING ON BENCHMARK indp2f.c
real 16.56
user 18.37
sys 2.43
VERIFICATION_FAILED
RUNNING ON BENCHMARK indp3f.c
real 18.53
user 20.50
sys 2.78
VERIFICATION_FAILED
RUNNING ON BENCHMARK indp4f.c
real 17.04
user 18.92
sys 2.49
VERIFICATION_FAILED
RUNNING ON BENCHMARK indp5f.c
real 17.97
user 20.00
sys 2.61
VERIFICATION_FAILED
RUNNING ON BENCHMARK modnf.c
real 14.01
user 15.52
sys 2.10
VERIFICATION_FAILED
RUNNING ON BENCHMARK modpf.c
real 13.93
user 15.50
sys 2.03
VERIFICATION_FAILED
RUNNING ON BENCHMARK modsf.c
real 61.58
user 8.70
sys 8.81
TIMEOUT
RUNNING ON BENCHMARK ms1f.c
real 12.15
user 13.43
sys 1.83
VERIFICATION_FAILED
RUNNING ON BENCHMARK ms2f.c
real 12.70
user 14.03
sys 1.90
VERIFICATION_FAILED
RUNNING ON BENCHMARK ms3f.c
real 12.61
user 13.99
sys 1.87
VERIFICATION_FAILED
RUNNING ON BENCHMARK ms4f.c
real 12.32
user 13.75
sys 1.75
VERIFICATION_FAILED
RUNNING ON BENCHMARK ms5f.c
real 12.62
user 13.90
sys 1.98
VERIFICATION_FAILED
RUNNING ON BENCHMARK ncompf.c
real 16.62
user 18.43
sys 2.46
VERIFICATION_FAILED
RUNNING ON BENCHMARK nested-as1f.c
real 4.92
user 5.50
sys 0.68
VERIFICATION_UNKNOWN
RUNNING ON BENCHMARK nested-as2f.c
real 4.91
user 5.42
sys 0.74
VERIFICATION_UNKNOWN
RUNNING ON BENCHMARK nested-as3f.c
real 4.96
user 5.47
sys 0.77
VERIFICATION_UNKNOWN
RUNNING ON BENCHMARK nested-nli1f.c
real 4.92
user 5.44
sys 0.74
VERIFICATION_UNKNOWN
RUNNING ON BENCHMARK nested-nli2f.c
real 4.93
user 5.43
sys 0.75
VERIFICATION_UNKNOWN
RUNNING ON BENCHMARK nested-nli3f.c
real 4.93
user 5.38
sys 0.81
VERIFICATION_UNKNOWN
RUNNING ON BENCHMARK nested-nlj1f.c
real 4.90
user 5.40
sys 0.74
VERIFICATION_UNKNOWN
RUNNING ON BENCHMARK nested-nlj2f.c
real 4.96
user 5.42
sys 0.83
VERIFICATION_UNKNOWN
RUNNING ON BENCHMARK nested-nlj3f.c
real 4.92
user 5.44
sys 0.73
VERIFICATION_UNKNOWN
RUNNING ON BENCHMARK nested-nsna1f.c
real 4.93
user 5.48
sys 0.72
VERIFICATION_UNKNOWN
RUNNING ON BENCHMARK nested-nsna2f.c
real 4.91
user 5.37
sys 0.78
VERIFICATION_UNKNOWN
RUNNING ON BENCHMARK nested-nsna3f.c
real 4.99
user 5.51
sys 0.77
VERIFICATION_UNKNOWN
RUNNING ON BENCHMARK nested-sa1.c
real 4.93
user 5.48
sys 0.74
VERIFICATION_UNKNOWN
RUNNING ON BENCHMARK nested-sna1f.c
real 4.94
user 5.45
sys 0.77
VERIFICATION_UNKNOWN
RUNNING ON BENCHMARK nested-sna2f.c
real 4.95
user 5.47
sys 0.75
VERIFICATION_UNKNOWN
RUNNING ON BENCHMARK nested-sna3f.c
real 4.96
user 5.50
sys 0.75
VERIFICATION_UNKNOWN
RUNNING ON BENCHMARK nested-ss1f.c
real 4.95
user 5.55
sys 0.68
VERIFICATION_UNKNOWN
RUNNING ON BENCHMARK nested-ss2f.c
real 4.94
user 5.48
sys 0.73
VERIFICATION_UNKNOWN
RUNNING ON BENCHMARK nested-ss3f.c
real 4.92
user 5.48
sys 0.69
VERIFICATION_UNKNOWN
RUNNING ON BENCHMARK nested-sumf.c
real 3.88
user 4.27
sys 0.60
VERIFICATION_UNKNOWN
RUNNING ON BENCHMARK nested-unb1f.c
real 4.88
user 5.43
sys 0.69
VERIFICATION_UNKNOWN
RUNNING ON BENCHMARK nested-unb2f.c
real 4.96
user 5.42
sys 0.82
VERIFICATION_UNKNOWN
RUNNING ON BENCHMARK nested-unb3f.c
real 4.93
user 5.44
sys 0.77
VERIFICATION_UNKNOWN
RUNNING ON BENCHMARK nsqmf.c
real 14.59
user 16.11
sys 2.24
VERIFICATION_FAILED
RUNNING ON BENCHMARK nsqm-iff.c
real 17.51
user 19.29
sys 2.69
VERIFICATION_FAILED
RUNNING ON BENCHMARK pcompf.c
real 16.51
user 18.26
sys 2.50
VERIFICATION_FAILED
RUNNING ON BENCHMARK res1f.c
real 15.02
user 16.71
sys 2.21
VERIFICATION_FAILED
RUNNING ON BENCHMARK res1of.c
real 14.98
user 16.68
sys 2.16
VERIFICATION_FAILED
RUNNING ON BENCHMARK res2f.c
real 20.69
user 23.04
sys 2.98
VERIFICATION_FAILED
RUNNING ON BENCHMARK res2of.c
real 19.89
user 22.10
sys 2.96
VERIFICATION_FAILED
RUNNING ON BENCHMARK s12iff.c
real 16.68
user 18.49
sys 2.51
VERIFICATION_FAILED
RUNNING ON BENCHMARK s1iff.c
real 12.47
user 13.69
sys 2.01
VERIFICATION_FAILED
RUNNING ON BENCHMARK s1liff.c
real 15.34
user 17.08
sys 2.19
VERIFICATION_FAILED
RUNNING ON BENCHMARK s22iff.c
real 15.75
user 17.40
sys 2.39
VERIFICATION_FAILED
RUNNING ON BENCHMARK s2iff.c
real 12.93
user 14.31
sys 1.95
VERIFICATION_FAILED
RUNNING ON BENCHMARK s2liff.c
real 15.35
user 17.14
sys 2.16
VERIFICATION_FAILED
RUNNING ON BENCHMARK s32iff.c
real 16.86
user 18.71
sys 2.47
VERIFICATION_FAILED
RUNNING ON BENCHMARK s3iff.c
real 12.94
user 14.24
sys 2.03
VERIFICATION_FAILED
RUNNING ON BENCHMARK s3liff.c
real 15.58
user 17.26
sys 2.35
VERIFICATION_FAILED
RUNNING ON BENCHMARK s42iff.c
real 15.73
user 17.56
sys 2.23
VERIFICATION_FAILED
RUNNING ON BENCHMARK s4iff.c
real 13.15
user 14.48
sys 2.05
VERIFICATION_FAILED
RUNNING ON BENCHMARK s4liff.c
real 14.47
user 16.04
sys 2.17
VERIFICATION_FAILED
RUNNING ON BENCHMARK s52iff.c
real 16.52
user 18.28
sys 2.52
VERIFICATION_FAILED
RUNNING ON BENCHMARK s5iff.c
real 12.90
user 14.22
sys 2.01
VERIFICATION_FAILED
RUNNING ON BENCHMARK s5liff.c
real 14.67
user 16.28
sys 2.18
VERIFICATION_FAILED
RUNNING ON BENCHMARK sina1f.c
real 14.38
user 15.94
sys 2.11
VERIFICATION_FAILED
RUNNING ON BENCHMARK sina2f.c
real 16.98
user 18.73
sys 2.62
VERIFICATION_FAILED
RUNNING ON BENCHMARK sina3f.c
real 19.52
user 21.76
sys 2.81
VERIFICATION_FAILED
RUNNING ON BENCHMARK sina4f.c
real 19.09
user 21.23
sys 2.80
VERIFICATION_FAILED
RUNNING ON BENCHMARK sina5f.c
real 22.18
user 24.58
sys 3.35
VERIFICATION_FAILED
RUNNING ON BENCHMARK sqmf.c
real 14.18
user 15.72
sys 2.12
VERIFICATION_FAILED
RUNNING ON BENCHMARK sqm-iff.c
real 17.38
user 19.21
sys 2.62
VERIFICATION_FAILED
RUNNING ON BENCHMARK ss1f.c
real 16.19
user 18.01
sys 2.34
VERIFICATION_FAILED
RUNNING ON BENCHMARK ss2f.c
real 24.38
user 27.14
sys 3.55
VERIFICATION_FAILED
RUNNING ON BENCHMARK ss3f.c
real 18.72
user 20.71
sys 2.85
VERIFICATION_FAILED
RUNNING ON BENCHMARK ss4f.c
real 15.87
user 17.53
sys 2.41
VERIFICATION_FAILED
RUNNING ON BENCHMARK ssinaf.c
real 21.75
user 24.19
sys 3.14
VERIFICATION_FAILED
RUNNING ON BENCHMARK standard_copy1_ground-2.c
real 13.48
user 14.89
sys 2.05
VERIFICATION_FAILED
RUNNING ON BENCHMARK standard_copy2_ground-1.c
real 15.77
user 17.44
sys 2.41
VERIFICATION_FAILED
RUNNING ON BENCHMARK standard_copy3_ground-2.c
real 18.07
user 19.96
sys 2.74
VERIFICATION_FAILED
RUNNING ON BENCHMARK standard_copy4_ground-2.c
real 20.25
user 22.49
sys 2.96
VERIFICATION_FAILED
RUNNING ON BENCHMARK standard_copy5_ground-2.c
real 22.40
user 25.08
sys 3.10
VERIFICATION_FAILED
RUNNING ON BENCHMARK standard_copy6_ground-1.c
real 24.41
user 27.22
sys 3.53
VERIFICATION_FAILED
RUNNING ON BENCHMARK standard_copy7_ground-1.c
real 26.95
user 30.01
sys 3.89
VERIFICATION_FAILED
RUNNING ON BENCHMARK standard_copy8_ground-2.c
real 29.54
user 32.90
sys 4.29
VERIFICATION_FAILED
RUNNING ON BENCHMARK standard_copy9_ground-1.c
real 34.33
user 38.33
sys 4.84
VERIFICATION_FAILED
RUNNING ON BENCHMARK standard_copyInitSum2_ground-1.c
real 15.66
user 17.46
sys 2.21
VERIFICATION_FAILED
RUNNING ON BENCHMARK standard_init1_ground-1.c
real 11.30
user 12.42
sys 1.78
VERIFICATION_FAILED
RUNNING ON BENCHMARK standard_init2_ground-1.c
real 13.54
user 14.96
sys 2.09
VERIFICATION_FAILED
RUNNING ON BENCHMARK standard_init3_ground-1.c
real 15.55
user 17.12
sys 2.42
VERIFICATION_FAILED
RUNNING ON BENCHMARK standard_init4_ground-1.c
real 18.05
user 20.07
sys 2.64
VERIFICATION_FAILED
RUNNING ON BENCHMARK standard_init5_ground-2.c
real 21.49
user 23.92
sys 3.13
VERIFICATION_FAILED
RUNNING ON BENCHMARK standard_init6_ground-1.c
real 22.32
user 24.82
sys 3.27
VERIFICATION_FAILED
RUNNING ON BENCHMARK standard_init7_ground-1.c
real 24.23
user 26.99
sys 3.49
VERIFICATION_FAILED
RUNNING ON BENCHMARK standard_init8_ground-1.c
real 27.77
user 30.88
sys 4.08
VERIFICATION_FAILED
RUNNING ON BENCHMARK standard_init9_ground-1.c
real 30.69
user 33.96
sys 4.62
VERIFICATION_FAILED
RUNNING ON BENCHMARK standard_minInArray_ground-1.c
real 61.38
user 9.07
sys 8.68
TIMEOUT
RUNNING ON BENCHMARK standard_running-1.c
real 61.39
user 9.06
sys 8.61
TIMEOUT
RUNNING ON BENCHMARK zero_sum1f.c
real 14.86
user 16.49
sys 2.17
VERIFICATION_FAILED
RUNNING ON BENCHMARK zero_sum2f.c
real 20.48
user 22.47
sys 3.05
VERIFICATION_FAILED
RUNNING ON BENCHMARK zero_sum3f.c
real 24.26
user 26.95
sys 3.58
VERIFICATION_FAILED
RUNNING ON BENCHMARK zero_sum4f.c
real 31.55
user 35.04
sys 4.65
VERIFICATION_FAILED
RUNNING ON BENCHMARK zero_sum5f.c
real 37.30
user 41.45
sys 5.52
VERIFICATION_FAILED
RUNNING ON BENCHMARK zero_sum_const1f.c
real 13.14
user 14.58
sys 1.97
VERIFICATION_FAILED
RUNNING ON BENCHMARK zero_sum_const2f.c
real 17.01
user 18.84
sys 2.51
VERIFICATION_FAILED
RUNNING ON BENCHMARK zero_sum_const3f.c
real 24.54
user 27.11
sys 3.77
VERIFICATION_FAILED
RUNNING ON BENCHMARK zero_sum_const4f.c
real 27.51
user 30.60
sys 4.11
VERIFICATION_FAILED
RUNNING ON BENCHMARK zero_sum_const5f.c
real 33.27
user 36.83
sys 5.09
VERIFICATION_FAILED
RUNNING ON BENCHMARK zero_sum_const_m2f.c
real 17.15
user 19.14
sys 2.46
VERIFICATION_FAILED
RUNNING ON BENCHMARK zero_sum_const_m3f.c
real 22.82
user 25.36
sys 3.32
VERIFICATION_FAILED
RUNNING ON BENCHMARK zero_sum_const_m4f.c
real 32.16
user 35.50
sys 5.02
VERIFICATION_FAILED
RUNNING ON BENCHMARK zero_sum_const_m5f.c
real 35.22
user 39.00
sys 5.33
VERIFICATION_FAILED
RUNNING ON BENCHMARK zero_sum_const_m6f.c
real 35.74
user 39.75
sys 5.20
VERIFICATION_FAILED
RUNNING ON BENCHMARK zero_sum_m2f.c
real 17.74
user 19.69
sys 2.63
VERIFICATION_FAILED
RUNNING ON BENCHMARK zero_sum_m3f.c
real 21.62
user 24.01
sys 3.20
VERIFICATION_FAILED
RUNNING ON BENCHMARK zero_sum_m4f.c
real 28.06
user 31.00
sys 4.37
VERIFICATION_FAILED
RUNNING ON BENCHMARK zero_sum_m5f.c
real 33.71
user 37.46
sys 4.98
VERIFICATION_FAILED
RUNNING ON BENCHMARK zero_sum_m6f.c
real 39.76
user 43.98
sys 6.11
VERIFICATION_FAILED
